{"numFailedTestSuites":2,"numFailedTests":2,"numPassedTestSuites":26,"numPassedTests":83,"numPendingTestSuites":0,"numPendingTests":0,"numRuntimeErrorTestSuites":0,"numTodoTests":0,"numTotalTestSuites":28,"numTotalTests":85,"openHandles":[],"snapshot":{"added":0,"didUpdate":false,"failure":false,"filesAdded":0,"filesRemoved":0,"filesRemovedList":[],"filesUnmatched":0,"filesUpdated":0,"matched":0,"total":0,"unchecked":0,"uncheckedKeysByFile":[],"unmatched":0,"updated":0},"startTime":1761182913201,"success":false,"testResults":[{"assertionResults":[{"ancestorTitles":["adminMiddleware"],"duration":7,"failing":false,"failureDetails":[],"failureMessages":[],"fullName":"adminMiddleware should pass basic test","invocations":1,"location":{"column":5,"line":2},"numPassingAsserts":1,"retryReasons":[],"startAt":1761182914475,"status":"passed","title":"should pass basic test"}],"endTime":1761182914500,"message":"","name":"C:\\Users\\fredw\\Desktop\\mvc-usuarios-react\\backend\\__tests__\\middlewares\\adminMiddleware.test.js","startTime":1761182913773,"status":"passed","summary":""},{"assertionResults":[{"ancestorTitles":["UsuarioRoutes"],"duration":6,"failing":false,"failureDetails":[],"failureMessages":[],"fullName":"UsuarioRoutes should pass basic test","invocations":1,"location":{"column":5,"line":2},"numPassingAsserts":1,"retryReasons":[],"startAt":1761182914493,"status":"passed","title":"should pass basic test"}],"endTime":1761182914506,"message":"","name":"C:\\Users\\fredw\\Desktop\\mvc-usuarios-react\\backend\\__tests__\\routes\\UsuarioRoutes.test.js","startTime":1761182913754,"status":"passed","summary":""},{"assertionResults":[{"ancestorTitles":["GeoLocation"],"duration":2,"failing":false,"failureDetails":[],"failureMessages":[],"fullName":"GeoLocation should pass basic test","invocations":1,"location":{"column":5,"line":2},"numPassingAsserts":1,"retryReasons":[],"startAt":1761182914724,"status":"passed","title":"should pass basic test"}],"endTime":1761182914736,"message":"","name":"C:\\Users\\fredw\\Desktop\\mvc-usuarios-react\\backend\\__tests__\\models\\GeoLocation.test.js","startTime":1761182914551,"status":"passed","summary":""},{"assertionResults":[{"ancestorTitles":["excelReportService"],"duration":3,"failing":false,"failureDetails":[],"failureMessages":[],"fullName":"excelReportService should pass basic test","invocations":1,"location":{"column":5,"line":2},"numPassingAsserts":1,"retryReasons":[],"startAt":1761182914816,"status":"passed","title":"should pass basic test"}],"endTime":1761182914825,"message":"","name":"C:\\Users\\fredw\\Desktop\\mvc-usuarios-react\\backend\\__tests__\\services\\excelReportService.test.js","startTime":1761182914580,"status":"passed","summary":""},{"assertionResults":[{"ancestorTitles":["validation"],"duration":3,"failing":false,"failureDetails":[],"failureMessages":[],"fullName":"validation should pass basic test","invocations":1,"location":{"column":5,"line":2},"numPassingAsserts":1,"retryReasons":[],"startAt":1761182914910,"status":"passed","title":"should pass basic test"}],"endTime":1761182914920,"message":"","name":"C:\\Users\\fredw\\Desktop\\mvc-usuarios-react\\backend\\__tests__\\middlewares\\validation.test.js","startTime":1761182914776,"status":"passed","summary":""},{"assertionResults":[{"ancestorTitles":["helpers"],"duration":2,"failing":false,"failureDetails":[],"failureMessages":[],"fullName":"helpers should pass basic test","invocations":1,"location":{"column":5,"line":2},"numPassingAsserts":1,"retryReasons":[],"startAt":1761182915086,"status":"passed","title":"should pass basic test"}],"endTime":1761182915097,"message":"","name":"C:\\Users\\fredw\\Desktop\\mvc-usuarios-react\\backend\\__tests__\\utils\\helpers.test.js","startTime":1761182914882,"status":"passed","summary":""},{"assertionResults":[{"ancestorTitles":["biometricMiddleware"],"duration":9,"failing":false,"failureDetails":[],"failureMessages":[],"fullName":"biometricMiddleware should pass basic test","invocations":1,"location":{"column":5,"line":2},"numPassingAsserts":1,"retryReasons":[],"startAt":1761182915121,"status":"passed","title":"should pass basic test"}],"endTime":1761182915144,"message":"","name":"C:\\Users\\fredw\\Desktop\\mvc-usuarios-react\\backend\\__tests__\\middlewares\\biometricMiddleware.test.js","startTime":1761182914958,"status":"passed","summary":""},{"assertionResults":[{"ancestorTitles":["Suppliers Controller","GET /suppliers"],"duration":105,"failing":false,"failureDetails":[],"failureMessages":[],"fullName":"Suppliers Controller GET /suppliers should return all active suppliers","invocations":1,"location":{"column":5,"line":22},"numPassingAsserts":3,"retryReasons":[],"startAt":1761182915102,"status":"passed","title":"should return all active suppliers"},{"ancestorTitles":["Suppliers Controller","POST /suppliers"],"duration":31,"failing":false,"failureDetails":[],"failureMessages":[],"fullName":"Suppliers Controller POST /suppliers should create supplier with valid data","invocations":1,"location":{"column":5,"line":42},"numPassingAsserts":3,"retryReasons":[],"startAt":1761182915222,"status":"passed","title":"should create supplier with valid data"},{"ancestorTitles":["Suppliers Controller","POST /suppliers"],"duration":9,"failing":false,"failureDetails":[],"failureMessages":[],"fullName":"Suppliers Controller POST /suppliers should handle validation errors","invocations":1,"location":{"column":5,"line":64},"numPassingAsserts":1,"retryReasons":[],"startAt":1761182915254,"status":"passed","title":"should handle validation errors"},{"ancestorTitles":["Suppliers Controller","PUT /suppliers/:id"],"duration":44,"failing":false,"failureDetails":[],"failureMessages":[],"fullName":"Suppliers Controller PUT /suppliers/:id should update supplier successfully","invocations":1,"location":{"column":5,"line":81},"numPassingAsserts":3,"retryReasons":[],"startAt":1761182915267,"status":"passed","title":"should update supplier successfully"}],"endTime":1761182915314,"message":"","name":"C:\\Users\\fredw\\Desktop\\mvc-usuarios-react\\backend\\__tests__\\controllers\\SuppliersController.test.js","startTime":1761182913704,"status":"passed","summary":""},{"assertionResults":[{"ancestorTitles":["validators"],"duration":2,"failing":false,"failureDetails":[],"failureMessages":[],"fullName":"validators should pass basic test","invocations":1,"location":{"column":5,"line":2},"numPassingAsserts":1,"retryReasons":[],"startAt":1761182915409,"status":"passed","title":"should pass basic test"}],"endTime":1761182915441,"message":"","name":"C:\\Users\\fredw\\Desktop\\mvc-usuarios-react\\backend\\__tests__\\utils\\validators.test.js","startTime":1761182915144,"status":"passed","summary":""},{"assertionResults":[{"ancestorTitles":["authRoutes"],"duration":2,"failing":false,"failureDetails":[],"failureMessages":[],"fullName":"authRoutes should pass basic test","invocations":1,"location":{"column":5,"line":2},"numPassingAsserts":1,"retryReasons":[],"startAt":1761182915447,"status":"passed","title":"should pass basic test"}],"endTime":1761182915458,"message":"","name":"C:\\Users\\fredw\\Desktop\\mvc-usuarios-react\\backend\\__tests__\\routes\\authRoutes.test.js","startTime":1761182915187,"status":"passed","summary":""},{"assertionResults":[{"ancestorTitles":["notificationMiddleware"],"duration":2,"failing":false,"failureDetails":[],"failureMessages":[],"fullName":"notificationMiddleware should pass basic test","invocations":1,"location":{"column":5,"line":2},"numPassingAsserts":1,"retryReasons":[],"startAt":1761182915614,"status":"passed","title":"should pass basic test"}],"endTime":1761182915631,"message":"","name":"C:\\Users\\fredw\\Desktop\\mvc-usuarios-react\\backend\\__tests__\\middlewares\\notificationMiddleware.test.js","startTime":1761182915354,"status":"passed","summary":""},{"assertionResults":[{"ancestorTitles":["login"],"duration":5,"failing":false,"failureDetails":[],"failureMessages":[],"fullName":"login should pass basic test","invocations":1,"location":{"column":5,"line":2},"numPassingAsserts":1,"retryReasons":[],"startAt":1761182915673,"status":"passed","title":"should pass basic test"}],"endTime":1761182915685,"message":"","name":"C:\\Users\\fredw\\Desktop\\mvc-usuarios-react\\backend\\__tests__\\models\\login.test.js","startTime":1761182915488,"status":"passed","summary":""},{"assertionResults":[{"ancestorTitles":["Usuario"],"duration":2,"failing":false,"failureDetails":[],"failureMessages":[],"fullName":"Usuario should pass basic test","invocations":1,"location":{"column":5,"line":2},"numPassingAsserts":1,"retryReasons":[],"startAt":1761182915660,"status":"passed","title":"should pass basic test"}],"endTime":1761182915694,"message":"","name":"C:\\Users\\fredw\\Desktop\\mvc-usuarios-react\\backend\\__tests__\\models\\Usuario.test.js","startTime":1761182915493,"status":"passed","summary":""},{"assertionResults":[{"ancestorTitles":["Preferences Controller","GET /preferences"],"duration":43,"failing":false,"failureDetails":[],"failureMessages":[],"fullName":"Preferences Controller GET /preferences should return user preferences with defaults","invocations":1,"location":{"column":5,"line":30},"numPassingAsserts":5,"retryReasons":[],"startAt":1761182915574,"status":"passed","title":"should return user preferences with defaults"},{"ancestorTitles":["Preferences Controller","GET /preferences"],"duration":10,"failing":false,"failureDetails":[],"failureMessages":[],"fullName":"Preferences Controller GET /preferences should return default preferences when user has none","invocations":1,"location":{"column":5,"line":56},"numPassingAsserts":3,"retryReasons":[],"startAt":1761182915634,"status":"passed","title":"should return default preferences when user has none"},{"ancestorTitles":["Preferences Controller","PUT /preferences"],"duration":30,"failing":false,"failureDetails":[],"failureMessages":[],"fullName":"Preferences Controller PUT /preferences should update user preferences successfully","invocations":1,"location":{"column":5,"line":78},"numPassingAsserts":3,"retryReasons":[],"startAt":1761182915645,"status":"passed","title":"should update user preferences successfully"},{"ancestorTitles":["Preferences Controller","PUT /preferences"],"duration":9,"failing":false,"failureDetails":[],"failureMessages":[],"fullName":"Preferences Controller PUT /preferences should reject invalid preference values","invocations":1,"location":{"column":5,"line":113},"numPassingAsserts":2,"retryReasons":[],"startAt":1761182915677,"status":"passed","title":"should reject invalid preference values"},{"ancestorTitles":["Preferences Controller","PATCH /preferences/specific"],"duration":9,"failing":false,"failureDetails":[],"failureMessages":[],"fullName":"Preferences Controller PATCH /preferences/specific should update specific preference successfully","invocations":1,"location":{"column":5,"line":129},"numPassingAsserts":3,"retryReasons":[],"startAt":1761182915687,"status":"passed","title":"should update specific preference successfully"},{"ancestorTitles":["Preferences Controller","PATCH /preferences/specific"],"duration":17,"failing":false,"failureDetails":[],"failureMessages":[],"fullName":"Preferences Controller PATCH /preferences/specific should update nested preference with dot notation","invocations":1,"location":{"column":5,"line":162},"numPassingAsserts":2,"retryReasons":[],"startAt":1761182915708,"status":"passed","title":"should update nested preference with dot notation"},{"ancestorTitles":["Preferences Controller","DELETE /preferences/reset"],"duration":12,"failing":false,"failureDetails":[],"failureMessages":[],"fullName":"Preferences Controller DELETE /preferences/reset should reset preferences to default values","invocations":1,"location":{"column":5,"line":194},"numPassingAsserts":3,"retryReasons":[],"startAt":1761182915726,"status":"passed","title":"should reset preferences to default values"},{"ancestorTitles":["Preferences Controller","GET /preferences/export"],"duration":73,"failing":false,"failureDetails":[],"failureMessages":[],"fullName":"Preferences Controller GET /preferences/export should export user preferences as JSON","invocations":1,"location":{"column":5,"line":220},"numPassingAsserts":4,"retryReasons":[],"startAt":1761182915740,"status":"passed","title":"should export user preferences as JSON"}],"endTime":1761182915816,"message":"","name":"C:\\Users\\fredw\\Desktop\\mvc-usuarios-react\\backend\\__tests__\\controllers\\preferencesController.test.js","startTime":1761182913729,"status":"passed","summary":""},{"assertionResults":[{"ancestorTitles":["inventoryService"],"duration":2,"failing":false,"failureDetails":[],"failureMessages":[],"fullName":"inventoryService should pass basic test","invocations":1,"location":{"column":5,"line":2},"numPassingAsserts":1,"retryReasons":[],"startAt":1761182915892,"status":"passed","title":"should pass basic test"}],"endTime":1761182915901,"message":"","name":"C:\\Users\\fredw\\Desktop\\mvc-usuarios-react\\backend\\__tests__\\services\\inventoryService.test.js","startTime":1761182915727,"status":"passed","summary":""},{"assertionResults":[{"ancestorTitles":["emailService"],"duration":5,"failing":false,"failureDetails":[],"failureMessages":[],"fullName":"emailService should pass basic test","invocations":1,"location":{"column":5,"line":2},"numPassingAsserts":1,"retryReasons":[],"startAt":1761182915890,"status":"passed","title":"should pass basic test"}],"endTime":1761182915905,"message":"","name":"C:\\Users\\fredw\\Desktop\\mvc-usuarios-react\\backend\\__tests__\\services\\emailService.test.js","startTime":1761182915697,"status":"passed","summary":""},{"assertionResults":[{"ancestorTitles":["authMiddleware"],"duration":9,"failing":false,"failureDetails":[],"failureMessages":[],"fullName":"authMiddleware should pass basic test","invocations":1,"location":{"column":5,"line":2},"numPassingAsserts":1,"retryReasons":[],"startAt":1761182916006,"status":"passed","title":"should pass basic test"}],"endTime":1761182916021,"message":"","name":"C:\\Users\\fredw\\Desktop\\mvc-usuarios-react\\backend\\__tests__\\middlewares\\authMiddleware.test.js","startTime":1761182915722,"status":"passed","summary":""},{"assertionResults":[{"ancestorTitles":["Biometric Controller","POST /biometric/setup-pin"],"duration":135,"failing":false,"failureDetails":[],"failureMessages":[],"fullName":"Biometric Controller POST /biometric/setup-pin should setup PIN successfully","invocations":1,"location":{"column":5,"line":46},"numPassingAsserts":3,"retryReasons":[],"startAt":1761182915774,"status":"passed","title":"should setup PIN successfully"},{"ancestorTitles":["Biometric Controller","POST /biometric/setup-pin"],"duration":8,"failing":false,"failureDetails":[],"failureMessages":[],"fullName":"Biometric Controller POST /biometric/setup-pin should reject invalid PIN format","invocations":1,"location":{"column":5,"line":66},"numPassingAsserts":2,"retryReasons":[],"startAt":1761182915940,"status":"passed","title":"should reject invalid PIN format"},{"ancestorTitles":["Biometric Controller","POST /biometric/verify-pin"],"duration":8,"failing":false,"failureDetails":[],"failureMessages":[],"fullName":"Biometric Controller POST /biometric/verify-pin should verify valid PIN","invocations":1,"location":{"column":5,"line":81},"numPassingAsserts":2,"retryReasons":[],"startAt":1761182915949,"status":"passed","title":"should verify valid PIN"},{"ancestorTitles":["Biometric Controller","POST /biometric/verify-pin"],"duration":12,"failing":false,"failureDetails":[],"failureMessages":[],"fullName":"Biometric Controller POST /biometric/verify-pin should reject invalid PIN","invocations":1,"location":{"column":5,"line":102},"numPassingAsserts":2,"retryReasons":[],"startAt":1761182915957,"status":"passed","title":"should reject invalid PIN"},{"ancestorTitles":["Biometric Controller","POST /biometric/request-pin-reset"],"duration":17,"failing":false,"failureDetails":[],"failureMessages":[],"fullName":"Biometric Controller POST /biometric/request-pin-reset should send reset code for locked account","invocations":1,"location":{"column":5,"line":125},"numPassingAsserts":1,"retryReasons":[],"startAt":1761182916006,"status":"passed","title":"should send reset code for locked account"},{"ancestorTitles":["Biometric Controller","POST /biometric/request-pin-reset"],"duration":8,"failing":false,"failureDetails":[],"failureMessages":[],"fullName":"Biometric Controller POST /biometric/request-pin-reset should reject reset for non-locked account","invocations":1,"location":{"column":5,"line":150},"numPassingAsserts":2,"retryReasons":[],"startAt":1761182916023,"status":"passed","title":"should reject reset for non-locked account"}],"endTime":1761182916033,"message":"","name":"C:\\Users\\fredw\\Desktop\\mvc-usuarios-react\\backend\\__tests__\\controllers\\biometricController.test.js","startTime":1761182913702,"status":"passed","summary":""},{"assertionResults":[{"ancestorTitles":["biometricRoutes"],"duration":3,"failing":false,"failureDetails":[],"failureMessages":[],"fullName":"biometricRoutes should pass basic test","invocations":1,"location":{"column":5,"line":2},"numPassingAsserts":1,"retryReasons":[],"startAt":1761182916040,"status":"passed","title":"should pass basic test"}],"endTime":1761182916051,"message":"","name":"C:\\Users\\fredw\\Desktop\\mvc-usuarios-react\\backend\\__tests__\\routes\\biometricRoutes.test.js","startTime":1761182915871,"status":"passed","summary":""},{"assertionResults":[{"ancestorTitles":["Location Controller","POST /location/update"],"duration":128,"failing":false,"failureDetails":[],"failureMessages":[],"fullName":"Location Controller POST /location/update should update location with valid coordinates","invocations":1,"location":{"column":5,"line":30},"numPassingAsserts":3,"retryReasons":[],"startAt":1761182915757,"status":"passed","title":"should update location with valid coordinates"},{"ancestorTitles":["Location Controller","POST /location/update"],"duration":15,"failing":false,"failureDetails":[],"failureMessages":[],"fullName":"Location Controller POST /location/update should reject invalid coordinates","invocations":1,"location":{"column":5,"line":57},"numPassingAsserts":2,"retryReasons":[],"startAt":1761182915995,"status":"passed","title":"should reject invalid coordinates"},{"ancestorTitles":["Location Controller","GET /location/my-location"],"duration":13,"failing":false,"failureDetails":[],"failureMessages":[],"fullName":"Location Controller GET /location/my-location should return user location when available","invocations":1,"location":{"column":5,"line":73},"numPassingAsserts":3,"retryReasons":[],"startAt":1761182916011,"status":"passed","title":"should return user location when available"},{"ancestorTitles":["Location Controller","GET /location/my-location"],"duration":5,"failing":false,"failureDetails":[],"failureMessages":[],"fullName":"Location Controller GET /location/my-location should return 404 when no location set","invocations":1,"location":{"column":5,"line":95},"numPassingAsserts":2,"retryReasons":[],"startAt":1761182916025,"status":"passed","title":"should return 404 when no location set"},{"ancestorTitles":["Location Controller","GET /location/nearby-users"],"duration":12,"failing":false,"failureDetails":[],"failureMessages":[],"fullName":"Location Controller GET /location/nearby-users should return nearby users for admin","invocations":1,"location":{"column":5,"line":114},"numPassingAsserts":3,"retryReasons":[],"startAt":1761182916031,"status":"passed","title":"should return nearby users for admin"},{"ancestorTitles":["Location Controller","GET /location/nearby-users"],"duration":16,"failing":false,"failureDetails":[],"failureMessages":[],"fullName":"Location Controller GET /location/nearby-users should reject non-admin users","invocations":1,"location":{"column":5,"line":143},"numPassingAsserts":2,"retryReasons":[],"startAt":1761182916045,"status":"passed","title":"should reject non-admin users"}],"endTime":1761182916063,"message":"","name":"C:\\Users\\fredw\\Desktop\\mvc-usuarios-react\\backend\\__tests__\\controllers\\locationController.test.js","startTime":1761182913711,"status":"passed","summary":""},{"assertionResults":[{"ancestorTitles":["typeValidation"],"duration":2,"failing":false,"failureDetails":[],"failureMessages":[],"fullName":"typeValidation should pass basic test","invocations":1,"location":{"column":5,"line":2},"numPassingAsserts":1,"retryReasons":[],"startAt":1761182916098,"status":"passed","title":"should pass basic test"}],"endTime":1761182916106,"message":"","name":"C:\\Users\\fredw\\Desktop\\mvc-usuarios-react\\backend\\__tests__\\middlewares\\typeValidation.test.js","startTime":1761182915950,"status":"passed","summary":""},{"assertionResults":[{"ancestorTitles":["Payments Controller","GET /payments/products"],"duration":79,"failing":false,"failureDetails":[],"failureMessages":[],"fullName":"Payments Controller GET /payments/products should return active products","invocations":1,"location":{"column":5,"line":36},"numPassingAsserts":3,"retryReasons":[],"startAt":1761182915824,"status":"passed","title":"should return active products"},{"ancestorTitles":["Payments Controller","POST /payments/create-order"],"duration":58,"failing":false,"failureDetails":[],"failureMessages":[],"fullName":"Payments Controller POST /payments/create-order should create PayPal order with valid items","invocations":1,"location":{"column":5,"line":56},"numPassingAsserts":3,"retryReasons":[],"startAt":1761182915914,"status":"passed","title":"should create PayPal order with valid items"},{"ancestorTitles":["Payments Controller","POST /payments/create-order"],"duration":6,"failing":false,"failureDetails":[],"failureMessages":[],"fullName":"Payments Controller POST /payments/create-order should reject order with insufficient stock","invocations":1,"location":{"column":5,"line":101},"numPassingAsserts":2,"retryReasons":[],"startAt":1761182915972,"status":"passed","title":"should reject order with insufficient stock"},{"ancestorTitles":["Payments Controller","POST /payments/approve-order/:orderId"],"duration":7,"failing":false,"failureDetails":[],"failureMessages":[],"fullName":"Payments Controller POST /payments/approve-order/:orderId should approve order manually and update stock","invocations":1,"location":{"column":5,"line":122},"numPassingAsserts":3,"retryReasons":[],"startAt":1761182915979,"status":"passed","title":"should approve order manually and update stock"},{"ancestorTitles":["Payments Controller","POST /payments/approve-order/:orderId"],"duration":75,"failing":false,"failureDetails":[],"failureMessages":[],"fullName":"Payments Controller POST /payments/approve-order/:orderId should reject approval for non-existent order","invocations":1,"location":{"column":5,"line":154},"numPassingAsserts":2,"retryReasons":[],"startAt":1761182915987,"status":"passed","title":"should reject approval for non-existent order"},{"ancestorTitles":["Payments Controller","GET /payments/user-orders"],"duration":20,"failing":false,"failureDetails":[],"failureMessages":[],"fullName":"Payments Controller GET /payments/user-orders should return user orders with pagination","invocations":1,"location":{"column":5,"line":170},"numPassingAsserts":4,"retryReasons":[],"startAt":1761182916067,"status":"passed","title":"should return user orders with pagination"},{"ancestorTitles":["Payments Controller","GET /payments/user-orders"],"duration":31,"failing":false,"failureDetails":[],"failureMessages":[],"fullName":"Payments Controller GET /payments/user-orders should validate pagination parameters","invocations":1,"location":{"column":5,"line":192},"numPassingAsserts":2,"retryReasons":[],"startAt":1761182916087,"status":"passed","title":"should validate pagination parameters"}],"endTime":1761182916124,"message":"","name":"C:\\Users\\fredw\\Desktop\\mvc-usuarios-react\\backend\\__tests__\\controllers\\paymentsController.test.js","startTime":1761182913690,"status":"passed","summary":""},{"assertionResults":[{"ancestorTitles":["notificationService"],"duration":3,"failing":false,"failureDetails":[],"failureMessages":[],"fullName":"notificationService should pass basic test","invocations":1,"location":{"column":5,"line":2},"numPassingAsserts":1,"retryReasons":[],"startAt":1761182916180,"status":"passed","title":"should pass basic test"}],"endTime":1761182916191,"message":"","name":"C:\\Users\\fredw\\Desktop\\mvc-usuarios-react\\backend\\__tests__\\services\\notificationService.test.js","startTime":1761182915978,"status":"passed","summary":""},{"assertionResults":[{"ancestorTitles":["inventoryRoutes"],"duration":3,"failing":false,"failureDetails":[],"failureMessages":[],"fullName":"inventoryRoutes should pass basic test","invocations":1,"location":{"column":5,"line":2},"numPassingAsserts":1,"retryReasons":[],"startAt":1761182916217,"status":"passed","title":"should pass basic test"}],"endTime":1761182916225,"message":"","name":"C:\\Users\\fredw\\Desktop\\mvc-usuarios-react\\backend\\__tests__\\routes\\inventoryRoutes.test.js","startTime":1761182916062,"status":"passed","summary":""},{"assertionResults":[{"ancestorTitles":["Inventory Controller","POST /inventory/products"],"duration":33,"failing":false,"failureDetails":[],"failureMessages":[],"fullName":"Inventory Controller POST /inventory/products should create product with valid data","invocations":1,"location":{"column":5,"line":39},"numPassingAsserts":3,"retryReasons":[],"startAt":1761182916316,"status":"passed","title":"should create product with valid data"},{"ancestorTitles":["Inventory Controller","POST /inventory/products"],"duration":7,"failing":false,"failureDetails":[],"failureMessages":[],"fullName":"Inventory Controller POST /inventory/products should reject product with duplicate code","invocations":1,"location":{"column":5,"line":66},"numPassingAsserts":2,"retryReasons":[],"startAt":1761182916358,"status":"passed","title":"should reject product with duplicate code"},{"ancestorTitles":["Inventory Controller","POST /inventory/products"],"duration":5,"failing":false,"failureDetails":[],"failureMessages":[],"fullName":"Inventory Controller POST /inventory/products should validate required fields","invocations":1,"location":{"column":5,"line":85},"numPassingAsserts":2,"retryReasons":[],"startAt":1761182916366,"status":"passed","title":"should validate required fields"},{"ancestorTitles":["Inventory Controller","POST /inventory/entries"],"duration":6,"failing":false,"failureDetails":[],"failureMessages":[],"fullName":"Inventory Controller POST /inventory/entries should register entry with valid data","invocations":1,"location":{"column":5,"line":101},"numPassingAsserts":2,"retryReasons":[],"startAt":1761182916371,"status":"passed","title":"should register entry with valid data"},{"ancestorTitles":["Inventory Controller","POST /inventory/entries"],"duration":5,"failing":false,"failureDetails":[],"failureMessages":[],"fullName":"Inventory Controller POST /inventory/entries should reject entry for inactive product","invocations":1,"location":{"column":5,"line":126},"numPassingAsserts":2,"retryReasons":[],"startAt":1761182916377,"status":"passed","title":"should reject entry for inactive product"},{"ancestorTitles":["Inventory Controller","POST /inventory/exits"],"duration":5,"failing":false,"failureDetails":[],"failureMessages":[],"fullName":"Inventory Controller POST /inventory/exits should register exit with sufficient stock","invocations":1,"location":{"column":5,"line":147},"numPassingAsserts":2,"retryReasons":[],"startAt":1761182916383,"status":"passed","title":"should register exit with sufficient stock"},{"ancestorTitles":["Inventory Controller","POST /inventory/exits"],"duration":5,"failing":false,"failureDetails":[],"failureMessages":[],"fullName":"Inventory Controller POST /inventory/exits should reject exit with insufficient stock","invocations":1,"location":{"column":5,"line":175},"numPassingAsserts":3,"retryReasons":[],"startAt":1761182916389,"status":"passed","title":"should reject exit with insufficient stock"},{"ancestorTitles":["Inventory Controller","PUT /inventory/products/:id"],"duration":5,"failing":false,"failureDetails":[],"failureMessages":[],"fullName":"Inventory Controller PUT /inventory/products/:id should update product with valid data","invocations":1,"location":{"column":5,"line":199},"numPassingAsserts":2,"retryReasons":[],"startAt":1761182916395,"status":"passed","title":"should update product with valid data"},{"ancestorTitles":["Inventory Controller","PUT /inventory/products/:id"],"duration":6,"failing":false,"failureDetails":[],"failureMessages":[],"fullName":"Inventory Controller PUT /inventory/products/:id should reject update for non-existent product","invocations":1,"location":{"column":5,"line":225},"numPassingAsserts":2,"retryReasons":[],"startAt":1761182916400,"status":"passed","title":"should reject update for non-existent product"}],"endTime":1761182916408,"message":"","name":"C:\\Users\\fredw\\Desktop\\mvc-usuarios-react\\backend\\__tests__\\controllers\\inventoryController.test.js","startTime":1761182913673,"status":"passed","summary":""},{"assertionResults":[{"ancestorTitles":["Usuario Controller","GET /usuarios"],"duration":20,"failing":false,"failureDetails":[],"failureMessages":[],"fullName":"Usuario Controller GET /usuarios should return all users with statistics","invocations":1,"location":{"column":5,"line":35},"numPassingAsserts":3,"retryReasons":[],"startAt":1761182916334,"status":"passed","title":"should return all users with statistics"},{"ancestorTitles":["Usuario Controller","GET /usuarios/:id"],"duration":4,"failing":false,"failureDetails":[],"failureMessages":[],"fullName":"Usuario Controller GET /usuarios/:id should return user by ID","invocations":1,"location":{"column":5,"line":60},"numPassingAsserts":3,"retryReasons":[],"startAt":1761182916365,"status":"passed","title":"should return user by ID"},{"ancestorTitles":["Usuario Controller","GET /usuarios/:id"],"duration":5,"failing":false,"failureDetails":[],"failureMessages":[],"fullName":"Usuario Controller GET /usuarios/:id should return 404 for non-existent user","invocations":1,"location":{"column":5,"line":78},"numPassingAsserts":2,"retryReasons":[],"startAt":1761182916370,"status":"passed","title":"should return 404 for non-existent user"},{"ancestorTitles":["Usuario Controller","POST /usuarios"],"duration":17,"failing":false,"failureDetails":[],"failureMessages":[],"fullName":"Usuario Controller POST /usuarios should create user successfully","invocations":1,"location":{"column":5,"line":90},"numPassingAsserts":2,"retryReasons":[],"startAt":1761182916375,"status":"passed","title":"should create user successfully"},{"ancestorTitles":["Usuario Controller","POST /usuarios"],"duration":4,"failing":false,"failureDetails":[],"failureMessages":[],"fullName":"Usuario Controller POST /usuarios should validate required fields","invocations":1,"location":{"column":5,"line":121},"numPassingAsserts":2,"retryReasons":[],"startAt":1761182916392,"status":"passed","title":"should validate required fields"},{"ancestorTitles":["Usuario Controller","POST /usuarios"],"duration":7,"failing":false,"failureDetails":[{"matcherResult":{"message":"\u001b[2mexpect(\u001b[22m\u001b[31mreceived\u001b[39m\u001b[2m).\u001b[22mtoContain\u001b[2m(\u001b[22m\u001b[32mexpected\u001b[39m\u001b[2m) // indexOf\u001b[22m\n\nExpected value: \u001b[32m201\u001b[39m\nReceived array: \u001b[31m[400, 409]\u001b[39m","pass":false}}],"failureMessages":["Error: \u001b[2mexpect(\u001b[22m\u001b[31mreceived\u001b[39m\u001b[2m).\u001b[22mtoContain\u001b[2m(\u001b[22m\u001b[32mexpected\u001b[39m\u001b[2m) // indexOf\u001b[22m\n\nExpected value: \u001b[32m201\u001b[39m\nReceived array: \u001b[31m[400, 409]\u001b[39m\n    at Object.toContain (C:\\Users\\fredw\\Desktop\\mvc-usuarios-react\\backend\\__tests__\\controllers\\UsuarioController.test.js:149:26)\n    at processTicksAndRejections (node:internal/process/task_queues:95:5)"],"fullName":"Usuario Controller POST /usuarios should reject duplicate email","invocations":1,"location":{"column":5,"line":135},"numPassingAsserts":0,"retryReasons":[],"startAt":1761182916396,"status":"failed","title":"should reject duplicate email"},{"ancestorTitles":["Usuario Controller","PUT /usuarios/:id"],"duration":5,"failing":false,"failureDetails":[],"failureMessages":[],"fullName":"Usuario Controller PUT /usuarios/:id should update user successfully","invocations":1,"location":{"column":5,"line":155},"numPassingAsserts":2,"retryReasons":[],"startAt":1761182916404,"status":"passed","title":"should update user successfully"},{"ancestorTitles":["Usuario Controller","DELETE /usuarios/:id"],"duration":5,"failing":false,"failureDetails":[],"failureMessages":[],"fullName":"Usuario Controller DELETE /usuarios/:id should delete user successfully","invocations":1,"location":{"column":5,"line":183},"numPassingAsserts":2,"retryReasons":[],"startAt":1761182916409,"status":"passed","title":"should delete user successfully"},{"ancestorTitles":["Usuario Controller","GET /usuarios/roles"],"duration":5,"failing":false,"failureDetails":[],"failureMessages":[],"fullName":"Usuario Controller GET /usuarios/roles should return valid roles or handle missing endpoint","invocations":1,"location":{"column":5,"line":203},"numPassingAsserts":1,"retryReasons":[],"startAt":1761182916414,"status":"passed","title":"should return valid roles or handle missing endpoint"},{"ancestorTitles":["Usuario Controller","GET /health"],"duration":3,"failing":false,"failureDetails":[],"failureMessages":[],"fullName":"Usuario Controller GET /health should return health check information","invocations":1,"location":{"column":5,"line":214},"numPassingAsserts":2,"retryReasons":[],"startAt":1761182916420,"status":"passed","title":"should return health check information"}],"endTime":1761182916438,"message":"\u001b[1m\u001b[31m  \u001b[1m● \u001b[22m\u001b[1mUsuario Controller › POST /usuarios › should reject duplicate email\u001b[39m\u001b[22m\n\n    \u001b[2mexpect(\u001b[22m\u001b[31mreceived\u001b[39m\u001b[2m).\u001b[22mtoContain\u001b[2m(\u001b[22m\u001b[32mexpected\u001b[39m\u001b[2m) // indexOf\u001b[22m\n\n    Expected value: \u001b[32m201\u001b[39m\n    Received array: \u001b[31m[400, 409]\u001b[39m\n\u001b[2m\u001b[22m\n\u001b[2m    \u001b[0m \u001b[90m 147 |\u001b[39m\u001b[22m\n\u001b[2m     \u001b[90m 148 |\u001b[39m       \u001b[90m// El controller puede devolver 409 o 400 para email duplicado\u001b[39m\u001b[22m\n\u001b[2m    \u001b[31m\u001b[1m>\u001b[22m\u001b[2m\u001b[39m\u001b[90m 149 |\u001b[39m       expect([\u001b[35m400\u001b[39m\u001b[33m,\u001b[39m \u001b[35m409\u001b[39m])\u001b[33m.\u001b[39mtoContain(response\u001b[33m.\u001b[39mstatus)\u001b[33m;\u001b[39m\u001b[22m\n\u001b[2m     \u001b[90m     |\u001b[39m                          \u001b[31m\u001b[1m^\u001b[22m\u001b[2m\u001b[39m\u001b[22m\n\u001b[2m     \u001b[90m 150 |\u001b[39m       expect(response\u001b[33m.\u001b[39mbody\u001b[33m.\u001b[39msuccess)\u001b[33m.\u001b[39mtoBe(\u001b[36mfalse\u001b[39m)\u001b[33m;\u001b[39m\u001b[22m\n\u001b[2m     \u001b[90m 151 |\u001b[39m     })\u001b[33m;\u001b[39m\u001b[22m\n\u001b[2m     \u001b[90m 152 |\u001b[39m   })\u001b[33m;\u001b[39m\u001b[0m\u001b[22m\n\u001b[2m\u001b[22m\n\u001b[2m      \u001b[2mat Object.toContain (\u001b[22m\u001b[2m\u001b[0m\u001b[36m__tests__/controllers/UsuarioController.test.js\u001b[39m\u001b[0m\u001b[2m:149:26)\u001b[22m\u001b[2m\u001b[22m\n","name":"C:\\Users\\fredw\\Desktop\\mvc-usuarios-react\\backend\\__tests__\\controllers\\UsuarioController.test.js","startTime":1761182913662,"status":"failed","summary":""},{"assertionResults":[{"ancestorTitles":["Excel Report Controller","GET /reports/inventory"],"duration":17,"failing":false,"failureDetails":[],"failureMessages":[],"fullName":"Excel Report Controller GET /reports/inventory should generate inventory report successfully","invocations":1,"location":{"column":5,"line":29},"numPassingAsserts":2,"retryReasons":[],"startAt":1761182916581,"status":"passed","title":"should generate inventory report successfully"},{"ancestorTitles":["Excel Report Controller","GET /reports/inventory"],"duration":4,"failing":false,"failureDetails":[],"failureMessages":[],"fullName":"Excel Report Controller GET /reports/inventory should validate query parameters","invocations":1,"location":{"column":5,"line":51},"numPassingAsserts":2,"retryReasons":[],"startAt":1761182916600,"status":"passed","title":"should validate query parameters"},{"ancestorTitles":["Excel Report Controller","GET /reports/movements"],"duration":6,"failing":false,"failureDetails":[],"failureMessages":[],"fullName":"Excel Report Controller GET /reports/movements should generate movements report with valid dates","invocations":1,"location":{"column":5,"line":64},"numPassingAsserts":1,"retryReasons":[],"startAt":1761182916605,"status":"passed","title":"should generate movements report with valid dates"},{"ancestorTitles":["Excel Report Controller","GET /reports/movements"],"duration":5,"failing":false,"failureDetails":[],"failureMessages":[],"fullName":"Excel Report Controller GET /reports/movements should reject invalid date format","invocations":1,"location":{"column":5,"line":85},"numPassingAsserts":2,"retryReasons":[],"startAt":1761182916611,"status":"passed","title":"should reject invalid date format"},{"ancestorTitles":["Excel Report Controller","GET /reports/movements"],"duration":5,"failing":false,"failureDetails":[],"failureMessages":[],"fullName":"Excel Report Controller GET /reports/movements should reject date range over 2 years","invocations":1,"location":{"column":5,"line":97},"numPassingAsserts":2,"retryReasons":[],"startAt":1761182916617,"status":"passed","title":"should reject date range over 2 years"},{"ancestorTitles":["Excel Report Controller","GET /reports/top-products"],"duration":6,"failing":false,"failureDetails":[],"failureMessages":[],"fullName":"Excel Report Controller GET /reports/top-products should generate top products report with valid parameters","invocations":1,"location":{"column":5,"line":111},"numPassingAsserts":1,"retryReasons":[],"startAt":1761182916622,"status":"passed","title":"should generate top products report with valid parameters"},{"ancestorTitles":["Excel Report Controller","GET /reports/top-products"],"duration":4,"failing":false,"failureDetails":[],"failureMessages":[],"fullName":"Excel Report Controller GET /reports/top-products should validate numeric parameters","invocations":1,"location":{"column":5,"line":132},"numPassingAsserts":2,"retryReasons":[],"startAt":1761182916629,"status":"passed","title":"should validate numeric parameters"}],"endTime":1761182916635,"message":"","name":"C:\\Users\\fredw\\Desktop\\mvc-usuarios-react\\backend\\__tests__\\controllers\\excelReportController.test.js","startTime":1761182913671,"status":"passed","summary":""},{"assertionResults":[{"ancestorTitles":["Auth Controller","POST /auth/register"],"duration":34,"failing":false,"failureDetails":[],"failureMessages":[],"fullName":"Auth Controller POST /auth/register should register user successfully with valid data","invocations":1,"location":{"column":5,"line":50},"numPassingAsserts":1,"retryReasons":[],"startAt":1761182916478,"status":"passed","title":"should register user successfully with valid data"},{"ancestorTitles":["Auth Controller","POST /auth/register"],"duration":5,"failing":false,"failureDetails":[],"failureMessages":[],"fullName":"Auth Controller POST /auth/register should reject weak password","invocations":1,"location":{"column":5,"line":86},"numPassingAsserts":2,"retryReasons":[],"startAt":1761182916519,"status":"passed","title":"should reject weak password"},{"ancestorTitles":["Auth Controller","POST /auth/register"],"duration":5,"failing":false,"failureDetails":[{"matcherResult":{"message":"\u001b[2mexpect(\u001b[22m\u001b[31mreceived\u001b[39m\u001b[2m).\u001b[22mtoContain\u001b[2m(\u001b[22m\u001b[32mexpected\u001b[39m\u001b[2m) // indexOf\u001b[22m\n\nExpected value: \u001b[32m200\u001b[39m\nReceived array: \u001b[31m[400, 409]\u001b[39m","pass":false}}],"failureMessages":["Error: \u001b[2mexpect(\u001b[22m\u001b[31mreceived\u001b[39m\u001b[2m).\u001b[22mtoContain\u001b[2m(\u001b[22m\u001b[32mexpected\u001b[39m\u001b[2m) // indexOf\u001b[22m\n\nExpected value: \u001b[32m200\u001b[39m\nReceived array: \u001b[31m[400, 409]\u001b[39m\n    at Object.toContain (C:\\Users\\fredw\\Desktop\\mvc-usuarios-react\\backend\\__tests__\\controllers\\auth.controller.test.js:118:26)\n    at processTicksAndRejections (node:internal/process/task_queues:95:5)"],"fullName":"Auth Controller POST /auth/register should reject duplicate email","invocations":1,"location":{"column":5,"line":103},"numPassingAsserts":0,"retryReasons":[],"startAt":1761182916525,"status":"failed","title":"should reject duplicate email"},{"ancestorTitles":["Auth Controller","POST /auth/login"],"duration":153,"failing":false,"failureDetails":[],"failureMessages":[],"fullName":"Auth Controller POST /auth/login should login successfully with valid credentials","invocations":1,"location":{"column":5,"line":124},"numPassingAsserts":3,"retryReasons":[],"startAt":1761182916530,"status":"passed","title":"should login successfully with valid credentials"},{"ancestorTitles":["Auth Controller","POST /auth/login"],"duration":4,"failing":false,"failureDetails":[],"failureMessages":[],"fullName":"Auth Controller POST /auth/login should reject invalid credentials","invocations":1,"location":{"column":5,"line":148},"numPassingAsserts":3,"retryReasons":[],"startAt":1761182916684,"status":"passed","title":"should reject invalid credentials"},{"ancestorTitles":["Auth Controller","POST /auth/forgot-password"],"duration":5,"failing":false,"failureDetails":[],"failureMessages":[],"fullName":"Auth Controller POST /auth/forgot-password should process reset request for existing user","invocations":1,"location":{"column":5,"line":172},"numPassingAsserts":1,"retryReasons":[],"startAt":1761182916688,"status":"passed","title":"should process reset request for existing user"},{"ancestorTitles":["Auth Controller","POST /auth/forgot-password"],"duration":3,"failing":false,"failureDetails":[],"failureMessages":[],"fullName":"Auth Controller POST /auth/forgot-password should handle non-existent email gracefully","invocations":1,"location":{"column":5,"line":194},"numPassingAsserts":1,"retryReasons":[],"startAt":1761182916694,"status":"passed","title":"should handle non-existent email gracefully"},{"ancestorTitles":["Auth Controller","POST /auth/validate-password"],"duration":5,"failing":false,"failureDetails":[],"failureMessages":[],"fullName":"Auth Controller POST /auth/validate-password should validate strong password","invocations":1,"location":{"column":5,"line":210},"numPassingAsserts":2,"retryReasons":[],"startAt":1761182916697,"status":"passed","title":"should validate strong password"},{"ancestorTitles":["Auth Controller","POST /auth/validate-password"],"duration":4,"failing":false,"failureDetails":[],"failureMessages":[],"fullName":"Auth Controller POST /auth/validate-password should identify weak password","invocations":1,"location":{"column":5,"line":223},"numPassingAsserts":1,"retryReasons":[],"startAt":1761182916702,"status":"passed","title":"should identify weak password"}],"endTime":1761182916718,"message":"\u001b[1m\u001b[31m  \u001b[1m● \u001b[22m\u001b[1mAuth Controller › POST /auth/register › should reject duplicate email\u001b[39m\u001b[22m\n\n    \u001b[2mexpect(\u001b[22m\u001b[31mreceived\u001b[39m\u001b[2m).\u001b[22mtoContain\u001b[2m(\u001b[22m\u001b[32mexpected\u001b[39m\u001b[2m) // indexOf\u001b[22m\n\n    Expected value: \u001b[32m200\u001b[39m\n    Received array: \u001b[31m[400, 409]\u001b[39m\n\u001b[2m\u001b[22m\n\u001b[2m    \u001b[0m \u001b[90m 116 |\u001b[39m\u001b[22m\n\u001b[2m     \u001b[90m 117 |\u001b[39m       \u001b[90m// El controller puede devolver 409 o 400 para email duplicado\u001b[39m\u001b[22m\n\u001b[2m    \u001b[31m\u001b[1m>\u001b[22m\u001b[2m\u001b[39m\u001b[90m 118 |\u001b[39m       expect([\u001b[35m400\u001b[39m\u001b[33m,\u001b[39m \u001b[35m409\u001b[39m])\u001b[33m.\u001b[39mtoContain(response\u001b[33m.\u001b[39mstatus)\u001b[33m;\u001b[39m\u001b[22m\n\u001b[2m     \u001b[90m     |\u001b[39m                          \u001b[31m\u001b[1m^\u001b[22m\u001b[2m\u001b[39m\u001b[22m\n\u001b[2m     \u001b[90m 119 |\u001b[39m       expect(response\u001b[33m.\u001b[39mbody\u001b[33m.\u001b[39msuccess)\u001b[33m.\u001b[39mtoBe(\u001b[36mfalse\u001b[39m)\u001b[33m;\u001b[39m\u001b[22m\n\u001b[2m     \u001b[90m 120 |\u001b[39m     })\u001b[33m;\u001b[39m\u001b[22m\n\u001b[2m     \u001b[90m 121 |\u001b[39m   })\u001b[33m;\u001b[39m\u001b[0m\u001b[22m\n\u001b[2m\u001b[22m\n\u001b[2m      \u001b[2mat Object.toContain (\u001b[22m\u001b[2m\u001b[0m\u001b[36m__tests__/controllers/auth.controller.test.js\u001b[39m\u001b[0m\u001b[2m:118:26)\u001b[22m\u001b[2m\u001b[22m\n","name":"C:\\Users\\fredw\\Desktop\\mvc-usuarios-react\\backend\\__tests__\\controllers\\auth.controller.test.js","startTime":1761182913687,"status":"failed","summary":""}],"wasInterrupted":false,"coverageMap":{"C:\\Users\\fredw\\Desktop\\mvc-usuarios-react\\backend\\controllers\\SuppliersController.js":{"path":"C:\\Users\\fredw\\Desktop\\mvc-usuarios-react\\backend\\controllers\\SuppliersController.js","statementMap":{"0":{"start":{"line":2,"column":18},"end":{"line":2,"column":47}},"1":{"start":{"line":7,"column":8},"end":{"line":12,"column":9}},"2":{"start":{"line":8,"column":27},"end":{"line":8,"column":103}},"3":{"start":{"line":9,"column":12},"end":{"line":9,"column":59}},"4":{"start":{"line":11,"column":12},"end":{"line":11,"column":75}},"5":{"start":{"line":16,"column":8},"end":{"line":25,"column":9}},"6":{"start":{"line":17,"column":69},"end":{"line":17,"column":77}},"7":{"start":{"line":18,"column":27},"end":{"line":21,"column":13}},"8":{"start":{"line":22,"column":12},"end":{"line":22,"column":104}},"9":{"start":{"line":24,"column":12},"end":{"line":24,"column":75}},"10":{"start":{"line":29,"column":8},"end":{"line":42,"column":9}},"11":{"start":{"line":30,"column":27},"end":{"line":30,"column":37}},"12":{"start":{"line":31,"column":69},"end":{"line":31,"column":77}},"13":{"start":{"line":32,"column":27},"end":{"line":38,"column":13}},"14":{"start":{"line":39,"column":12},"end":{"line":39,"column":109}},"15":{"start":{"line":41,"column":12},"end":{"line":41,"column":75}},"16":{"start":{"line":46,"column":0},"end":{"line":46,"column":43}}},"fnMap":{"0":{"name":"(anonymous_0)","decl":{"start":{"line":6,"column":4},"end":{"line":6,"column":5}},"loc":{"start":{"line":6,"column":33},"end":{"line":13,"column":5}},"line":6},"1":{"name":"(anonymous_1)","decl":{"start":{"line":15,"column":4},"end":{"line":15,"column":5}},"loc":{"start":{"line":15,"column":35},"end":{"line":26,"column":5}},"line":15},"2":{"name":"(anonymous_2)","decl":{"start":{"line":28,"column":4},"end":{"line":28,"column":5}},"loc":{"start":{"line":28,"column":35},"end":{"line":43,"column":5}},"line":28}},"branchMap":{},"s":{"0":1,"1":1,"2":1,"3":1,"4":0,"5":2,"6":2,"7":2,"8":2,"9":0,"10":1,"11":1,"12":1,"13":1,"14":1,"15":0,"16":1},"f":{"0":1,"1":2,"2":1},"b":{},"_coverageSchema":"1a1c01bbd47fc00a2c39e90264f33305004495a9","hash":"fceb37215ac626ca8000115f9c7eabeb970043d5"},"C:\\Users\\fredw\\Desktop\\mvc-usuarios-react\\backend\\config\\database.js":{"path":"C:\\Users\\fredw\\Desktop\\mvc-usuarios-react\\backend\\config\\database.js","statementMap":{"0":{"start":{"line":1,"column":17},"end":{"line":1,"column":30}},"1":{"start":{"line":2,"column":0},"end":{"line":2,"column":27}},"2":{"start":{"line":5,"column":13},"end":{"line":14,"column":2}},"3":{"start":{"line":17,"column":23},"end":{"line":30,"column":1}},"4":{"start":{"line":18,"column":2},"end":{"line":29,"column":3}},"5":{"start":{"line":19,"column":19},"end":{"line":19,"column":39}},"6":{"start":{"line":20,"column":4},"end":{"line":20,"column":68}},"7":{"start":{"line":22,"column":19},"end":{"line":22,"column":53}},"8":{"start":{"line":23,"column":4},"end":{"line":23,"column":61}},"9":{"start":{"line":25,"column":4},"end":{"line":25,"column":21}},"10":{"start":{"line":27,"column":4},"end":{"line":27,"column":67}},"11":{"start":{"line":28,"column":4},"end":{"line":28,"column":97}},"12":{"start":{"line":33,"column":14},"end":{"line":44,"column":1}},"13":{"start":{"line":34,"column":16},"end":{"line":34,"column":26}},"14":{"start":{"line":35,"column":2},"end":{"line":43,"column":3}},"15":{"start":{"line":36,"column":19},"end":{"line":36,"column":49}},"16":{"start":{"line":37,"column":21},"end":{"line":37,"column":39}},"17":{"start":{"line":38,"column":4},"end":{"line":38,"column":113}},"18":{"start":{"line":39,"column":4},"end":{"line":39,"column":18}},"19":{"start":{"line":41,"column":4},"end":{"line":41,"column":52}},"20":{"start":{"line":42,"column":4},"end":{"line":42,"column":14}},"21":{"start":{"line":46,"column":0},"end":{"line":50,"column":2}}},"fnMap":{"0":{"name":"(anonymous_0)","decl":{"start":{"line":17,"column":23},"end":{"line":17,"column":24}},"loc":{"start":{"line":17,"column":35},"end":{"line":30,"column":1}},"line":17},"1":{"name":"(anonymous_1)","decl":{"start":{"line":33,"column":14},"end":{"line":33,"column":15}},"loc":{"start":{"line":33,"column":38},"end":{"line":44,"column":1}},"line":33}},"branchMap":{},"s":{"0":12,"1":12,"2":12,"3":12,"4":0,"5":0,"6":0,"7":0,"8":0,"9":0,"10":0,"11":0,"12":12,"13":1,"14":1,"15":1,"16":1,"17":1,"18":1,"19":0,"20":0,"21":12},"f":{"0":0,"1":1},"b":{},"_coverageSchema":"1a1c01bbd47fc00a2c39e90264f33305004495a9","hash":"85e61db8f20e46bae6adaec8fc047a152b554088"},"C:\\Users\\fredw\\Desktop\\mvc-usuarios-react\\backend\\controllers\\preferencesController.js":{"path":"C:\\Users\\fredw\\Desktop\\mvc-usuarios-react\\backend\\controllers\\preferencesController.js","statementMap":{"0":{"start":{"line":1,"column":18},"end":{"line":1,"column":47}},"1":{"start":{"line":4,"column":28},"end":{"line":21,"column":1}},"2":{"start":{"line":24,"column":0},"end":{"line":77,"column":2}},"3":{"start":{"line":25,"column":2},"end":{"line":76,"column":3}},"4":{"start":{"line":26,"column":4},"end":{"line":26,"column":51}},"5":{"start":{"line":27,"column":4},"end":{"line":27,"column":45}},"6":{"start":{"line":29,"column":19},"end":{"line":29,"column":34}},"7":{"start":{"line":32,"column":4},"end":{"line":38,"column":5}},"8":{"start":{"line":33,"column":6},"end":{"line":33,"column":55}},"9":{"start":{"line":34,"column":6},"end":{"line":37,"column":9}},"10":{"start":{"line":40,"column":4},"end":{"line":40,"column":51}},"11":{"start":{"line":42,"column":19},"end":{"line":45,"column":5}},"12":{"start":{"line":47,"column":4},"end":{"line":53,"column":5}},"13":{"start":{"line":48,"column":6},"end":{"line":48,"column":62}},"14":{"start":{"line":49,"column":6},"end":{"line":52,"column":9}},"15":{"start":{"line":55,"column":17},"end":{"line":55,"column":31}},"16":{"start":{"line":56,"column":4},"end":{"line":56,"column":54}},"17":{"start":{"line":57,"column":4},"end":{"line":57,"column":64}},"18":{"start":{"line":60,"column":28},"end":{"line":60,"column":51}},"19":{"start":{"line":61,"column":30},"end":{"line":61,"column":84}},"20":{"start":{"line":63,"column":4},"end":{"line":63,"column":63}},"21":{"start":{"line":65,"column":4},"end":{"line":68,"column":7}},"22":{"start":{"line":71,"column":4},"end":{"line":71,"column":62}},"23":{"start":{"line":72,"column":4},"end":{"line":75,"column":7}},"24":{"start":{"line":80,"column":0},"end":{"line":152,"column":2}},"25":{"start":{"line":81,"column":2},"end":{"line":151,"column":3}},"26":{"start":{"line":82,"column":4},"end":{"line":82,"column":54}},"27":{"start":{"line":83,"column":4},"end":{"line":83,"column":45}},"28":{"start":{"line":84,"column":4},"end":{"line":84,"column":49}},"29":{"start":{"line":86,"column":19},"end":{"line":86,"column":34}},"30":{"start":{"line":87,"column":27},"end":{"line":87,"column":35}},"31":{"start":{"line":90,"column":4},"end":{"line":96,"column":5}},"32":{"start":{"line":91,"column":6},"end":{"line":91,"column":55}},"33":{"start":{"line":92,"column":6},"end":{"line":95,"column":9}},"34":{"start":{"line":99,"column":28},"end":{"line":99,"column":63}},"35":{"start":{"line":100,"column":4},"end":{"line":106,"column":5}},"36":{"start":{"line":101,"column":6},"end":{"line":101,"column":61}},"37":{"start":{"line":102,"column":6},"end":{"line":105,"column":9}},"38":{"start":{"line":108,"column":4},"end":{"line":108,"column":51}},"39":{"start":{"line":111,"column":26},"end":{"line":114,"column":5}},"40":{"start":{"line":116,"column":4},"end":{"line":122,"column":5}},"41":{"start":{"line":117,"column":6},"end":{"line":117,"column":62}},"42":{"start":{"line":118,"column":6},"end":{"line":121,"column":9}},"43":{"start":{"line":124,"column":31},"end":{"line":124,"column":71}},"44":{"start":{"line":125,"column":4},"end":{"line":125,"column":65}},"45":{"start":{"line":128,"column":31},"end":{"line":128,"column":83}},"46":{"start":{"line":129,"column":4},"end":{"line":129,"column":69}},"47":{"start":{"line":132,"column":25},"end":{"line":135,"column":5}},"48":{"start":{"line":137,"column":4},"end":{"line":137,"column":90}},"49":{"start":{"line":139,"column":4},"end":{"line":143,"column":7}},"50":{"start":{"line":146,"column":4},"end":{"line":146,"column":64}},"51":{"start":{"line":147,"column":4},"end":{"line":150,"column":7}},"52":{"start":{"line":155,"column":0},"end":{"line":201,"column":2}},"53":{"start":{"line":156,"column":2},"end":{"line":200,"column":3}},"54":{"start":{"line":157,"column":4},"end":{"line":157,"column":53}},"55":{"start":{"line":158,"column":4},"end":{"line":158,"column":45}},"56":{"start":{"line":160,"column":19},"end":{"line":160,"column":34}},"57":{"start":{"line":163,"column":4},"end":{"line":169,"column":5}},"58":{"start":{"line":164,"column":6},"end":{"line":164,"column":55}},"59":{"start":{"line":165,"column":6},"end":{"line":168,"column":9}},"60":{"start":{"line":171,"column":4},"end":{"line":171,"column":51}},"61":{"start":{"line":173,"column":19},"end":{"line":176,"column":5}},"62":{"start":{"line":178,"column":4},"end":{"line":184,"column":5}},"63":{"start":{"line":179,"column":6},"end":{"line":179,"column":62}},"64":{"start":{"line":180,"column":6},"end":{"line":183,"column":9}},"65":{"start":{"line":186,"column":4},"end":{"line":186,"column":82}},"66":{"start":{"line":188,"column":4},"end":{"line":192,"column":7}},"67":{"start":{"line":195,"column":4},"end":{"line":195,"column":62}},"68":{"start":{"line":196,"column":4},"end":{"line":199,"column":7}},"69":{"start":{"line":204,"column":0},"end":{"line":300,"column":2}},"70":{"start":{"line":205,"column":2},"end":{"line":299,"column":3}},"71":{"start":{"line":206,"column":4},"end":{"line":206,"column":57}},"72":{"start":{"line":207,"column":4},"end":{"line":207,"column":45}},"73":{"start":{"line":208,"column":4},"end":{"line":208,"column":46}},"74":{"start":{"line":210,"column":19},"end":{"line":210,"column":34}},"75":{"start":{"line":211,"column":37},"end":{"line":211,"column":45}},"76":{"start":{"line":214,"column":4},"end":{"line":220,"column":5}},"77":{"start":{"line":215,"column":6},"end":{"line":215,"column":55}},"78":{"start":{"line":216,"column":6},"end":{"line":219,"column":9}},"79":{"start":{"line":222,"column":4},"end":{"line":228,"column":5}},"80":{"start":{"line":223,"column":6},"end":{"line":223,"column":68}},"81":{"start":{"line":224,"column":6},"end":{"line":227,"column":9}},"82":{"start":{"line":230,"column":4},"end":{"line":230,"column":51}},"83":{"start":{"line":233,"column":26},"end":{"line":236,"column":5}},"84":{"start":{"line":238,"column":4},"end":{"line":244,"column":5}},"85":{"start":{"line":239,"column":6},"end":{"line":239,"column":62}},"86":{"start":{"line":240,"column":6},"end":{"line":243,"column":9}},"87":{"start":{"line":246,"column":31},"end":{"line":246,"column":71}},"88":{"start":{"line":247,"column":4},"end":{"line":247,"column":65}},"89":{"start":{"line":250,"column":31},"end":{"line":250,"column":88}},"90":{"start":{"line":253,"column":4},"end":{"line":255,"column":5}},"91":{"start":{"line":254,"column":6},"end":{"line":254,"column":40}},"92":{"start":{"line":258,"column":4},"end":{"line":272,"column":5}},"93":{"start":{"line":259,"column":19},"end":{"line":259,"column":33}},"94":{"start":{"line":260,"column":25},"end":{"line":260,"column":53}},"95":{"start":{"line":262,"column":6},"end":{"line":267,"column":7}},"96":{"start":{"line":262,"column":19},"end":{"line":262,"column":20}},"97":{"start":{"line":263,"column":8},"end":{"line":265,"column":9}},"98":{"start":{"line":264,"column":10},"end":{"line":264,"column":37}},"99":{"start":{"line":266,"column":8},"end":{"line":266,"column":45}},"100":{"start":{"line":269,"column":6},"end":{"line":269,"column":50}},"101":{"start":{"line":271,"column":6},"end":{"line":271,"column":48}},"102":{"start":{"line":274,"column":4},"end":{"line":274,"column":69}},"103":{"start":{"line":277,"column":4},"end":{"line":280,"column":6}},"104":{"start":{"line":282,"column":4},"end":{"line":291,"column":7}},"105":{"start":{"line":294,"column":4},"end":{"line":294,"column":74}},"106":{"start":{"line":295,"column":4},"end":{"line":298,"column":7}},"107":{"start":{"line":303,"column":0},"end":{"line":363,"column":2}},"108":{"start":{"line":304,"column":2},"end":{"line":362,"column":3}},"109":{"start":{"line":305,"column":4},"end":{"line":305,"column":54}},"110":{"start":{"line":306,"column":4},"end":{"line":306,"column":45}},"111":{"start":{"line":308,"column":19},"end":{"line":308,"column":34}},"112":{"start":{"line":311,"column":4},"end":{"line":317,"column":5}},"113":{"start":{"line":312,"column":6},"end":{"line":312,"column":55}},"114":{"start":{"line":313,"column":6},"end":{"line":316,"column":9}},"115":{"start":{"line":319,"column":4},"end":{"line":319,"column":51}},"116":{"start":{"line":321,"column":19},"end":{"line":324,"column":5}},"117":{"start":{"line":326,"column":4},"end":{"line":332,"column":5}},"118":{"start":{"line":327,"column":6},"end":{"line":327,"column":62}},"119":{"start":{"line":328,"column":6},"end":{"line":331,"column":9}},"120":{"start":{"line":334,"column":17},"end":{"line":334,"column":31}},"121":{"start":{"line":335,"column":23},"end":{"line":344,"column":5}},"122":{"start":{"line":347,"column":4},"end":{"line":347,"column":113}},"123":{"start":{"line":348,"column":4},"end":{"line":348,"column":54}},"124":{"start":{"line":350,"column":4},"end":{"line":354,"column":7}},"125":{"start":{"line":357,"column":4},"end":{"line":357,"column":62}},"126":{"start":{"line":358,"column":4},"end":{"line":361,"column":7}},"127":{"start":{"line":367,"column":17},"end":{"line":367,"column":57}},"128":{"start":{"line":370,"column":4},"end":{"line":377,"column":5}},"129":{"start":{"line":371,"column":6},"end":{"line":376,"column":7}},"130":{"start":{"line":372,"column":8},"end":{"line":372,"column":43}},"131":{"start":{"line":372,"column":26},"end":{"line":372,"column":43}},"132":{"start":{"line":373,"column":8},"end":{"line":373,"column":44}},"133":{"start":{"line":375,"column":8},"end":{"line":375,"column":34}},"134":{"start":{"line":380,"column":2},"end":{"line":380,"column":31}},"135":{"start":{"line":381,"column":2},"end":{"line":381,"column":16}},"136":{"start":{"line":386,"column":28},"end":{"line":386,"column":90}},"137":{"start":{"line":388,"column":2},"end":{"line":392,"column":3}},"138":{"start":{"line":389,"column":4},"end":{"line":391,"column":5}},"139":{"start":{"line":390,"column":6},"end":{"line":390,"column":104}},"140":{"start":{"line":395,"column":2},"end":{"line":397,"column":3}},"141":{"start":{"line":396,"column":4},"end":{"line":396,"column":67}},"142":{"start":{"line":399,"column":2},"end":{"line":401,"column":3}},"143":{"start":{"line":400,"column":4},"end":{"line":400,"column":62}},"144":{"start":{"line":403,"column":2},"end":{"line":414,"column":3}},"145":{"start":{"line":404,"column":33},"end":{"line":404,"column":58}},"146":{"start":{"line":405,"column":4},"end":{"line":407,"column":5}},"147":{"start":{"line":406,"column":6},"end":{"line":406,"column":62}},"148":{"start":{"line":408,"column":4},"end":{"line":410,"column":5}},"149":{"start":{"line":409,"column":6},"end":{"line":409,"column":61}},"150":{"start":{"line":411,"column":4},"end":{"line":413,"column":5}},"151":{"start":{"line":412,"column":6},"end":{"line":412,"column":60}},"152":{"start":{"line":416,"column":2},"end":{"line":427,"column":3}},"153":{"start":{"line":417,"column":68},"end":{"line":417,"column":87}},"154":{"start":{"line":418,"column":4},"end":{"line":420,"column":5}},"155":{"start":{"line":419,"column":6},"end":{"line":419,"column":63}},"156":{"start":{"line":421,"column":4},"end":{"line":423,"column":5}},"157":{"start":{"line":422,"column":6},"end":{"line":422,"column":67}},"158":{"start":{"line":424,"column":4},"end":{"line":426,"column":5}},"159":{"start":{"line":425,"column":6},"end":{"line":425,"column":70}},"160":{"start":{"line":429,"column":2},"end":{"line":437,"column":3}},"161":{"start":{"line":430,"column":37},"end":{"line":430,"column":58}},"162":{"start":{"line":431,"column":4},"end":{"line":433,"column":5}},"163":{"start":{"line":432,"column":6},"end":{"line":432,"column":81}},"164":{"start":{"line":434,"column":4},"end":{"line":436,"column":5}},"165":{"start":{"line":435,"column":6},"end":{"line":435,"column":71}},"166":{"start":{"line":439,"column":2},"end":{"line":439,"column":14}}},"fnMap":{"0":{"name":"(anonymous_0)","decl":{"start":{"line":24,"column":29},"end":{"line":24,"column":30}},"loc":{"start":{"line":24,"column":49},"end":{"line":77,"column":1}},"line":24},"1":{"name":"(anonymous_1)","decl":{"start":{"line":80,"column":32},"end":{"line":80,"column":33}},"loc":{"start":{"line":80,"column":52},"end":{"line":152,"column":1}},"line":80},"2":{"name":"(anonymous_2)","decl":{"start":{"line":155,"column":31},"end":{"line":155,"column":32}},"loc":{"start":{"line":155,"column":51},"end":{"line":201,"column":1}},"line":155},"3":{"name":"(anonymous_3)","decl":{"start":{"line":204,"column":35},"end":{"line":204,"column":36}},"loc":{"start":{"line":204,"column":55},"end":{"line":300,"column":1}},"line":204},"4":{"name":"(anonymous_4)","decl":{"start":{"line":303,"column":32},"end":{"line":303,"column":33}},"loc":{"start":{"line":303,"column":52},"end":{"line":363,"column":1}},"line":303},"5":{"name":"mergePreferences","decl":{"start":{"line":366,"column":9},"end":{"line":366,"column":25}},"loc":{"start":{"line":366,"column":51},"end":{"line":382,"column":1}},"line":366},"6":{"name":"deepMerge","decl":{"start":{"line":369,"column":11},"end":{"line":369,"column":20}},"loc":{"start":{"line":369,"column":37},"end":{"line":378,"column":3}},"line":369},"7":{"name":"validatePreferences","decl":{"start":{"line":385,"column":9},"end":{"line":385,"column":28}},"loc":{"start":{"line":385,"column":42},"end":{"line":440,"column":1}},"line":385}},"branchMap":{"0":{"loc":{"start":{"line":32,"column":4},"end":{"line":38,"column":5}},"type":"if","locations":[{"start":{"line":32,"column":4},"end":{"line":38,"column":5}},{"start":{},"end":{}}],"line":32},"1":{"loc":{"start":{"line":32,"column":8},"end":{"line":32,"column":32}},"type":"binary-expr","locations":[{"start":{"line":32,"column":8},"end":{"line":32,"column":15}},{"start":{"line":32,"column":19},"end":{"line":32,"column":32}}],"line":32},"2":{"loc":{"start":{"line":47,"column":4},"end":{"line":53,"column":5}},"type":"if","locations":[{"start":{"line":47,"column":4},"end":{"line":53,"column":5}},{"start":{},"end":{}}],"line":47},"3":{"loc":{"start":{"line":60,"column":28},"end":{"line":60,"column":51}},"type":"binary-expr","locations":[{"start":{"line":60,"column":28},"end":{"line":60,"column":45}},{"start":{"line":60,"column":49},"end":{"line":60,"column":51}}],"line":60},"4":{"loc":{"start":{"line":90,"column":4},"end":{"line":96,"column":5}},"type":"if","locations":[{"start":{"line":90,"column":4},"end":{"line":96,"column":5}},{"start":{},"end":{}}],"line":90},"5":{"loc":{"start":{"line":90,"column":8},"end":{"line":90,"column":32}},"type":"binary-expr","locations":[{"start":{"line":90,"column":8},"end":{"line":90,"column":15}},{"start":{"line":90,"column":19},"end":{"line":90,"column":32}}],"line":90},"6":{"loc":{"start":{"line":100,"column":4},"end":{"line":106,"column":5}},"type":"if","locations":[{"start":{"line":100,"column":4},"end":{"line":106,"column":5}},{"start":{},"end":{}}],"line":100},"7":{"loc":{"start":{"line":116,"column":4},"end":{"line":122,"column":5}},"type":"if","locations":[{"start":{"line":116,"column":4},"end":{"line":122,"column":5}},{"start":{},"end":{}}],"line":116},"8":{"loc":{"start":{"line":124,"column":31},"end":{"line":124,"column":71}},"type":"binary-expr","locations":[{"start":{"line":124,"column":31},"end":{"line":124,"column":65}},{"start":{"line":124,"column":69},"end":{"line":124,"column":71}}],"line":124},"9":{"loc":{"start":{"line":163,"column":4},"end":{"line":169,"column":5}},"type":"if","locations":[{"start":{"line":163,"column":4},"end":{"line":169,"column":5}},{"start":{},"end":{}}],"line":163},"10":{"loc":{"start":{"line":163,"column":8},"end":{"line":163,"column":32}},"type":"binary-expr","locations":[{"start":{"line":163,"column":8},"end":{"line":163,"column":15}},{"start":{"line":163,"column":19},"end":{"line":163,"column":32}}],"line":163},"11":{"loc":{"start":{"line":178,"column":4},"end":{"line":184,"column":5}},"type":"if","locations":[{"start":{"line":178,"column":4},"end":{"line":184,"column":5}},{"start":{},"end":{}}],"line":178},"12":{"loc":{"start":{"line":214,"column":4},"end":{"line":220,"column":5}},"type":"if","locations":[{"start":{"line":214,"column":4},"end":{"line":220,"column":5}},{"start":{},"end":{}}],"line":214},"13":{"loc":{"start":{"line":214,"column":8},"end":{"line":214,"column":32}},"type":"binary-expr","locations":[{"start":{"line":214,"column":8},"end":{"line":214,"column":15}},{"start":{"line":214,"column":19},"end":{"line":214,"column":32}}],"line":214},"14":{"loc":{"start":{"line":222,"column":4},"end":{"line":228,"column":5}},"type":"if","locations":[{"start":{"line":222,"column":4},"end":{"line":228,"column":5}},{"start":{},"end":{}}],"line":222},"15":{"loc":{"start":{"line":222,"column":8},"end":{"line":222,"column":48}},"type":"binary-expr","locations":[{"start":{"line":222,"column":8},"end":{"line":222,"column":17}},{"start":{"line":222,"column":21},"end":{"line":222,"column":25}},{"start":{"line":222,"column":29},"end":{"line":222,"column":48}}],"line":222},"16":{"loc":{"start":{"line":238,"column":4},"end":{"line":244,"column":5}},"type":"if","locations":[{"start":{"line":238,"column":4},"end":{"line":244,"column":5}},{"start":{},"end":{}}],"line":238},"17":{"loc":{"start":{"line":246,"column":31},"end":{"line":246,"column":71}},"type":"binary-expr","locations":[{"start":{"line":246,"column":31},"end":{"line":246,"column":65}},{"start":{"line":246,"column":69},"end":{"line":246,"column":71}}],"line":246},"18":{"loc":{"start":{"line":253,"column":4},"end":{"line":255,"column":5}},"type":"if","locations":[{"start":{"line":253,"column":4},"end":{"line":255,"column":5}},{"start":{},"end":{}}],"line":253},"19":{"loc":{"start":{"line":258,"column":4},"end":{"line":272,"column":5}},"type":"if","locations":[{"start":{"line":258,"column":4},"end":{"line":272,"column":5}},{"start":{"line":270,"column":11},"end":{"line":272,"column":5}}],"line":258},"20":{"loc":{"start":{"line":263,"column":8},"end":{"line":265,"column":9}},"type":"if","locations":[{"start":{"line":263,"column":8},"end":{"line":265,"column":9}},{"start":{},"end":{}}],"line":263},"21":{"loc":{"start":{"line":311,"column":4},"end":{"line":317,"column":5}},"type":"if","locations":[{"start":{"line":311,"column":4},"end":{"line":317,"column":5}},{"start":{},"end":{}}],"line":311},"22":{"loc":{"start":{"line":311,"column":8},"end":{"line":311,"column":32}},"type":"binary-expr","locations":[{"start":{"line":311,"column":8},"end":{"line":311,"column":15}},{"start":{"line":311,"column":19},"end":{"line":311,"column":32}}],"line":311},"23":{"loc":{"start":{"line":326,"column":4},"end":{"line":332,"column":5}},"type":"if","locations":[{"start":{"line":326,"column":4},"end":{"line":332,"column":5}},{"start":{},"end":{}}],"line":326},"24":{"loc":{"start":{"line":341,"column":19},"end":{"line":341,"column":59}},"type":"binary-expr","locations":[{"start":{"line":341,"column":19},"end":{"line":341,"column":36}},{"start":{"line":341,"column":40},"end":{"line":341,"column":59}}],"line":341},"25":{"loc":{"start":{"line":371,"column":6},"end":{"line":376,"column":7}},"type":"if","locations":[{"start":{"line":371,"column":6},"end":{"line":376,"column":7}},{"start":{"line":374,"column":13},"end":{"line":376,"column":7}}],"line":371},"26":{"loc":{"start":{"line":371,"column":10},"end":{"line":371,"column":96}},"type":"binary-expr","locations":[{"start":{"line":371,"column":10},"end":{"line":371,"column":30}},{"start":{"line":371,"column":34},"end":{"line":371,"column":65}},{"start":{"line":371,"column":69},"end":{"line":371,"column":96}}],"line":371},"27":{"loc":{"start":{"line":372,"column":8},"end":{"line":372,"column":43}},"type":"if","locations":[{"start":{"line":372,"column":8},"end":{"line":372,"column":43}},{"start":{},"end":{}}],"line":372},"28":{"loc":{"start":{"line":389,"column":4},"end":{"line":391,"column":5}},"type":"if","locations":[{"start":{"line":389,"column":4},"end":{"line":391,"column":5}},{"start":{},"end":{}}],"line":389},"29":{"loc":{"start":{"line":395,"column":2},"end":{"line":397,"column":3}},"type":"if","locations":[{"start":{"line":395,"column":2},"end":{"line":397,"column":3}},{"start":{},"end":{}}],"line":395},"30":{"loc":{"start":{"line":395,"column":6},"end":{"line":395,"column":81}},"type":"binary-expr","locations":[{"start":{"line":395,"column":6},"end":{"line":395,"column":23}},{"start":{"line":395,"column":27},"end":{"line":395,"column":81}}],"line":395},"31":{"loc":{"start":{"line":399,"column":2},"end":{"line":401,"column":3}},"type":"if","locations":[{"start":{"line":399,"column":2},"end":{"line":401,"column":3}},{"start":{},"end":{}}],"line":399},"32":{"loc":{"start":{"line":399,"column":6},"end":{"line":399,"column":80}},"type":"binary-expr","locations":[{"start":{"line":399,"column":6},"end":{"line":399,"column":26}},{"start":{"line":399,"column":30},"end":{"line":399,"column":80}}],"line":399},"33":{"loc":{"start":{"line":403,"column":2},"end":{"line":414,"column":3}},"type":"if","locations":[{"start":{"line":403,"column":2},"end":{"line":414,"column":3}},{"start":{},"end":{}}],"line":403},"34":{"loc":{"start":{"line":405,"column":4},"end":{"line":407,"column":5}},"type":"if","locations":[{"start":{"line":405,"column":4},"end":{"line":407,"column":5}},{"start":{},"end":{}}],"line":405},"35":{"loc":{"start":{"line":405,"column":8},"end":{"line":405,"column":57}},"type":"binary-expr","locations":[{"start":{"line":405,"column":8},"end":{"line":405,"column":27}},{"start":{"line":405,"column":31},"end":{"line":405,"column":57}}],"line":405},"36":{"loc":{"start":{"line":408,"column":4},"end":{"line":410,"column":5}},"type":"if","locations":[{"start":{"line":408,"column":4},"end":{"line":410,"column":5}},{"start":{},"end":{}}],"line":408},"37":{"loc":{"start":{"line":408,"column":8},"end":{"line":408,"column":55}},"type":"binary-expr","locations":[{"start":{"line":408,"column":8},"end":{"line":408,"column":26}},{"start":{"line":408,"column":30},"end":{"line":408,"column":55}}],"line":408},"38":{"loc":{"start":{"line":411,"column":4},"end":{"line":413,"column":5}},"type":"if","locations":[{"start":{"line":411,"column":4},"end":{"line":413,"column":5}},{"start":{},"end":{}}],"line":411},"39":{"loc":{"start":{"line":411,"column":8},"end":{"line":411,"column":53}},"type":"binary-expr","locations":[{"start":{"line":411,"column":8},"end":{"line":411,"column":25}},{"start":{"line":411,"column":29},"end":{"line":411,"column":53}}],"line":411},"40":{"loc":{"start":{"line":416,"column":2},"end":{"line":427,"column":3}},"type":"if","locations":[{"start":{"line":416,"column":2},"end":{"line":427,"column":3}},{"start":{},"end":{}}],"line":416},"41":{"loc":{"start":{"line":418,"column":4},"end":{"line":420,"column":5}},"type":"if","locations":[{"start":{"line":418,"column":4},"end":{"line":420,"column":5}},{"start":{},"end":{}}],"line":418},"42":{"loc":{"start":{"line":418,"column":8},"end":{"line":418,"column":71}},"type":"binary-expr","locations":[{"start":{"line":418,"column":8},"end":{"line":418,"column":34}},{"start":{"line":418,"column":38},"end":{"line":418,"column":71}}],"line":418},"43":{"loc":{"start":{"line":421,"column":4},"end":{"line":423,"column":5}},"type":"if","locations":[{"start":{"line":421,"column":4},"end":{"line":423,"column":5}},{"start":{},"end":{}}],"line":421},"44":{"loc":{"start":{"line":421,"column":8},"end":{"line":421,"column":79}},"type":"binary-expr","locations":[{"start":{"line":421,"column":8},"end":{"line":421,"column":38}},{"start":{"line":421,"column":42},"end":{"line":421,"column":79}}],"line":421},"45":{"loc":{"start":{"line":424,"column":4},"end":{"line":426,"column":5}},"type":"if","locations":[{"start":{"line":424,"column":4},"end":{"line":426,"column":5}},{"start":{},"end":{}}],"line":424},"46":{"loc":{"start":{"line":424,"column":8},"end":{"line":424,"column":85}},"type":"binary-expr","locations":[{"start":{"line":424,"column":8},"end":{"line":424,"column":41}},{"start":{"line":424,"column":45},"end":{"line":424,"column":85}}],"line":424},"47":{"loc":{"start":{"line":429,"column":2},"end":{"line":437,"column":3}},"type":"if","locations":[{"start":{"line":429,"column":2},"end":{"line":437,"column":3}},{"start":{},"end":{}}],"line":429},"48":{"loc":{"start":{"line":431,"column":4},"end":{"line":433,"column":5}},"type":"if","locations":[{"start":{"line":431,"column":4},"end":{"line":433,"column":5}},{"start":{},"end":{}}],"line":431},"49":{"loc":{"start":{"line":431,"column":8},"end":{"line":431,"column":61}},"type":"binary-expr","locations":[{"start":{"line":431,"column":8},"end":{"line":431,"column":14}},{"start":{"line":431,"column":18},"end":{"line":431,"column":61}}],"line":431},"50":{"loc":{"start":{"line":434,"column":4},"end":{"line":436,"column":5}},"type":"if","locations":[{"start":{"line":434,"column":4},"end":{"line":436,"column":5}},{"start":{},"end":{}}],"line":434},"51":{"loc":{"start":{"line":434,"column":8},"end":{"line":434,"column":100}},"type":"binary-expr","locations":[{"start":{"line":434,"column":8},"end":{"line":434,"column":20}},{"start":{"line":434,"column":25},"end":{"line":434,"column":57}},{"start":{"line":434,"column":61},"end":{"line":434,"column":77}},{"start":{"line":434,"column":81},"end":{"line":434,"column":99}}],"line":434}},"s":{"0":1,"1":1,"2":1,"3":2,"4":2,"5":2,"6":2,"7":2,"8":0,"9":0,"10":2,"11":2,"12":2,"13":0,"14":0,"15":2,"16":2,"17":2,"18":2,"19":2,"20":2,"21":2,"22":0,"23":0,"24":1,"25":2,"26":2,"27":2,"28":2,"29":2,"30":2,"31":2,"32":0,"33":0,"34":2,"35":2,"36":1,"37":1,"38":1,"39":1,"40":1,"41":0,"42":0,"43":1,"44":1,"45":1,"46":1,"47":1,"48":1,"49":1,"50":0,"51":0,"52":1,"53":1,"54":1,"55":1,"56":1,"57":1,"58":0,"59":0,"60":1,"61":1,"62":1,"63":0,"64":0,"65":1,"66":1,"67":0,"68":0,"69":1,"70":2,"71":2,"72":2,"73":2,"74":2,"75":2,"76":2,"77":0,"78":0,"79":2,"80":0,"81":0,"82":2,"83":2,"84":2,"85":0,"86":0,"87":2,"88":2,"89":2,"90":2,"91":0,"92":2,"93":0,"94":0,"95":0,"96":0,"97":0,"98":0,"99":0,"100":0,"101":2,"102":2,"103":2,"104":2,"105":0,"106":0,"107":1,"108":1,"109":1,"110":1,"111":1,"112":1,"113":0,"114":0,"115":1,"116":1,"117":1,"118":0,"119":0,"120":1,"121":1,"122":1,"123":1,"124":1,"125":0,"126":0,"127":5,"128":8,"129":16,"130":3,"131":1,"132":3,"133":13,"134":5,"135":5,"136":2,"137":2,"138":5,"139":0,"140":2,"141":1,"142":1,"143":0,"144":1,"145":1,"146":1,"147":0,"148":1,"149":0,"150":1,"151":0,"152":1,"153":0,"154":0,"155":0,"156":0,"157":0,"158":0,"159":0,"160":1,"161":0,"162":0,"163":0,"164":0,"165":0,"166":1},"f":{"0":2,"1":2,"2":1,"3":2,"4":1,"5":5,"6":8,"7":2},"b":{"0":[0,2],"1":[2,2],"2":[0,2],"3":[2,1],"4":[0,2],"5":[2,2],"6":[1,1],"7":[0,1],"8":[1,0],"9":[0,1],"10":[1,1],"11":[0,1],"12":[0,2],"13":[2,2],"14":[0,2],"15":[2,2,2],"16":[0,2],"17":[2,0],"18":[0,2],"19":[0,2],"20":[0,0],"21":[0,1],"22":[1,1],"23":[0,1],"24":[1,0],"25":[3,13],"26":[16,16,3],"27":[1,2],"28":[0,5],"29":[1,1],"30":[2,2],"31":[0,1],"32":[1,1],"33":[1,0],"34":[0,1],"35":[1,1],"36":[0,1],"37":[1,1],"38":[0,1],"39":[1,1],"40":[0,1],"41":[0,0],"42":[0,0],"43":[0,0],"44":[0,0],"45":[0,0],"46":[0,0],"47":[0,1],"48":[0,0],"49":[0,0],"50":[0,0],"51":[0,0,0,0]},"_coverageSchema":"1a1c01bbd47fc00a2c39e90264f33305004495a9","hash":"4a8fbac715fe0b817b38f075b5ce7d4499ec2759"},"C:\\Users\\fredw\\Desktop\\mvc-usuarios-react\\backend\\controllers\\biometricController.js":{"path":"C:\\Users\\fredw\\Desktop\\mvc-usuarios-react\\backend\\controllers\\biometricController.js","statementMap":{"0":{"start":{"line":1,"column":15},"end":{"line":1,"column":34}},"1":{"start":{"line":2,"column":18},"end":{"line":2,"column":47}},"2":{"start":{"line":3,"column":12},"end":{"line":3,"column":35}},"3":{"start":{"line":4,"column":15},"end":{"line":4,"column":32}},"4":{"start":{"line":5,"column":19},"end":{"line":5,"column":40}},"5":{"start":{"line":8,"column":20},"end":{"line":14,"column":2}},"6":{"start":{"line":20,"column":8},"end":{"line":70,"column":9}},"7":{"start":{"line":21,"column":31},"end":{"line":21,"column":39}},"8":{"start":{"line":22,"column":28},"end":{"line":22,"column":36}},"9":{"start":{"line":24,"column":12},"end":{"line":29,"column":13}},"10":{"start":{"line":25,"column":16},"end":{"line":28,"column":19}},"11":{"start":{"line":32,"column":31},"end":{"line":35,"column":13}},"12":{"start":{"line":37,"column":12},"end":{"line":42,"column":13}},"13":{"start":{"line":38,"column":16},"end":{"line":41,"column":19}},"14":{"start":{"line":45,"column":31},"end":{"line":45,"column":33}},"15":{"start":{"line":46,"column":28},"end":{"line":46,"column":62}},"16":{"start":{"line":49,"column":12},"end":{"line":56,"column":14}},"17":{"start":{"line":58,"column":12},"end":{"line":62,"column":15}},"18":{"start":{"line":65,"column":12},"end":{"line":65,"column":60}},"19":{"start":{"line":66,"column":12},"end":{"line":69,"column":15}},"20":{"start":{"line":75,"column":8},"end":{"line":186,"column":9}},"21":{"start":{"line":76,"column":31},"end":{"line":76,"column":39}},"22":{"start":{"line":77,"column":28},"end":{"line":77,"column":36}},"23":{"start":{"line":79,"column":12},"end":{"line":79,"column":68}},"24":{"start":{"line":80,"column":12},"end":{"line":80,"column":49}},"25":{"start":{"line":82,"column":12},"end":{"line":87,"column":13}},"26":{"start":{"line":83,"column":16},"end":{"line":86,"column":19}},"27":{"start":{"line":90,"column":31},"end":{"line":93,"column":13}},"28":{"start":{"line":95,"column":12},"end":{"line":106,"column":13}},"29":{"start":{"line":96,"column":33},"end":{"line":99,"column":17}},"30":{"start":{"line":101,"column":16},"end":{"line":105,"column":19}},"31":{"start":{"line":109,"column":31},"end":{"line":112,"column":13}},"32":{"start":{"line":114,"column":12},"end":{"line":114,"column":84}},"33":{"start":{"line":115,"column":12},"end":{"line":115,"column":91}},"34":{"start":{"line":117,"column":12},"end":{"line":122,"column":13}},"35":{"start":{"line":118,"column":16},"end":{"line":121,"column":19}},"36":{"start":{"line":124,"column":28},"end":{"line":124,"column":55}},"37":{"start":{"line":125,"column":12},"end":{"line":125,"column":48}},"38":{"start":{"line":128,"column":28},"end":{"line":128,"column":62}},"39":{"start":{"line":129,"column":12},"end":{"line":129,"column"
[...]
ne":15,"column":9}},{"start":{},"end":{}}],"line":9},"2":{"loc":{"start":{"line":20,"column":8},"end":{"line":26,"column":9}},"type":"if","locations":[{"start":{"line":20,"column":8},"end":{"line":26,"column":9}},{"start":{},"end":{}}],"line":20},"3":{"loc":{"start":{"line":20,"column":12},"end":{"line":20,"column":70}},"type":"binary-expr","locations":[{"start":{"line":20,"column":12},"end":{"line":20,"column":30}},{"start":{"line":20,"column":34},"end":{"line":20,"column":70}}],"line":20},"4":{"loc":{"start":{"line":34,"column":8},"end":{"line":40,"column":9}},"type":"if","locations":[{"start":{"line":34,"column":8},"end":{"line":40,"column":9}},{"start":{},"end":{}}],"line":34},"5":{"loc":{"start":{"line":34,"column":12},"end":{"line":34,"column":81}},"type":"binary-expr","locations":[{"start":{"line":34,"column":12},"end":{"line":34,"column":40}},{"start":{"line":34,"column":44},"end":{"line":34,"column":81}}],"line":34},"6":{"loc":{"start":{"line":51,"column":8},"end":{"line":58,"column":9}},"type":"if","locations":[{"start":{"line":51,"column":8},"end":{"line":58,"column":9}},{"start":{},"end":{}}],"line":51},"7":{"loc":{"start":{"line":81,"column":8},"end":{"line":84,"column":9}},"type":"if","locations":[{"start":{"line":81,"column":8},"end":{"line":84,"column":9}},{"start":{},"end":{}}],"line":81},"8":{"loc":{"start":{"line":83,"column":41},"end":{"line":83,"column":84}},"type":"binary-expr","locations":[{"start":{"line":83,"column":41},"end":{"line":83,"column":64}},{"start":{"line":83,"column":68},"end":{"line":83,"column":84}}],"line":83}},"s":{"0":0,"1":0,"2":0,"3":0,"4":0,"5":0,"6":0,"7":0,"8":0,"9":0,"10":0,"11":0,"12":0,"13":0,"14":0,"15":0,"16":0,"17":0,"18":0,"19":0,"20":0,"21":0,"22":0,"23":0,"24":0,"25":0,"26":0,"27":0,"28":0,"29":0,"30":0,"31":0},"f":{"0":0,"1":0},"b":{"0":[0,0],"1":[0,0],"2":[0,0],"3":[0,0],"4":[0,0],"5":[0,0],"6":[0,0],"7":[0,0],"8":[0,0]}},"C:\\Users\\fredw\\Desktop\\mvc-usuarios-react\\backend\\models\\GeoLocation.js":{"path":"C:\\Users\\fredw\\Desktop\\mvc-usuarios-react\\backend\\models\\GeoLocation.js","statementMap":{"0":{"start":{"line":1,"column":18},"end":{"line":1,"column":47}},"1":{"start":{"line":2,"column":14},"end":{"line":2,"column":30}},"2":{"start":{"line":6,"column":4},"end":{"line":6,"column":63}},"3":{"start":{"line":11,"column":4},"end":{"line":54,"column":5}},"4":{"start":{"line":23,"column":10},"end":{"line":23,"column":22}},"5":{"start":{"line":26,"column":6},"end":{"line":28,"column":7}},"6":{"start":{"line":27,"column":8},"end":{"line":27,"column":49}},"7":{"start":{"line":31,"column":21},"end":{"line":39,"column":8}},"8":{"start":{"line":42,"column":6},"end":{"line":46,"column":40}},"9":{"start":{"line":48,"column":6},"end":{"line":48,"column":117}},"10":{"start":{"line":49,"column":6},"end":{"line":49,"column":28}},"11":{"start":{"line":52,"column":6},"end":{"line":52,"column":57}},"12":{"start":{"line":53,"column":6},"end":{"line":53,"column":18}},"13":{"start":{"line":59,"column":4},"end":{"line":93,"column":5}},"14":{"start":{"line":60,"column":6},"end":{"line":62,"column":7}},"15":{"start":{"line":61,"column":8},"end":{"line":61,"column":47}},"16":{"start":{"line":64,"column":23},"end":{"line":66,"column":8}},"17":{"start":{"line":68,"column":6},"end":{"line":70,"column":7}},"18":{"start":{"line":69,"column":8},"end":{"line":69,"column":85}},"19":{"start":{"line":72,"column":6},"end":{"line":80,"column":8}},"20":{"start":{"line":83,"column":6},"end":{"line":83,"column":65}},"21":{"start":{"line":85,"column":6},"end":{"line":92,"column":8}},"22":{"start":{"line":98,"column":4},"end":{"line":132,"column":5}},"23":{"start":{"line":99,"column":6},"end":{"line":102,"column":7}},"24":{"start":{"line":100,"column":8},"end":{"line":100,"column":92}},"25":{"start":{"line":101,"column":8},"end":{"line":101,"column":20}},"26":{"start":{"line":104,"column":23},"end":{"line":111,"column":8}},"27":{"start":{"line":113,"column":6},"end":{"line":115,"column":7}},"28":{"start":{"line":114,"column":8},"end":{"line":114,"column":59}},"29":{"start":{"line":117,"column":21},"end":{"line":117,"column":45}},"30":{"start":{"line":118,"column":25},"end":{"line":118,"column":50}},"31":{"start":{"line":120,"column":6},"end":{"line":127,"column":8}},"32":{"start":{"line":130,"column":6},"end":{"line":130,"column":64}},"33":{"start":{"line":131,"column":6},"end":{"line":131,"column":18}},"34":{"start":{"line":137,"column":4},"end":{"line":178,"column":5}},"35":{"start":{"line":138,"column":33},"end":{"line":141,"column":7}},"36":{"start":{"line":143,"column":6},"end":{"line":146,"column":7}},"37":{"start":{"line":145,"column":8},"end":{"line":145,"column":60}},"38":{"start":{"line":148,"column":72},"end":{"line":148,"column":98}},"39":{"start":{"line":150,"column":26},"end":{"line":171,"column":53}},"40":{"start":{"line":173,"column":6},"end":{"line":173,"column":30}},"41":{"start":{"line":176,"column":6},"end":{"line":176,"column":66}},"42":{"start":{"line":177,"column":6},"end":{"line":177,"column":18}},"43":{"start":{"line":183,"column":4},"end":{"line":195,"column":5}},"44":{"start":{"line":184,"column":21},"end":{"line":189,"column":25}},"45":{"start":{"line":191,"column":6},"end":{"line":191,"column":25}},"46":{"start":{"line":193,"column":6},"end":{"line":193,"column":73}},"47":{"start":{"line":194,"column":6},"end":{"line":194,"column":18}},"48":{"start":{"line":200,"column":16},"end":{"line":200,"column":36}},"49":{"start":{"line":201,"column":16},"end":{"line":201,"column":37}},"50":{"start":{"line":203,"column":4},"end":{"line":205,"column":37}},"51":{"start":{"line":210,"column":22},"end":{"line":210,"column":72}},"52":{"start":{"line":210,"column":46},"end":{"line":210,"column":71}},"53":{"start":{"line":211,"column":4},"end":{"line":211,"column":48}},"54":{"start":{"line":218,"column":4},"end":{"line":218,"column":59}},"55":{"start":{"line":223,"column":4},"end":{"line":252,"column":5}},"56":{"start":{"line":224,"column":23},"end":{"line":227,"column":7}},"57":{"start":{"line":229,"column":27},"end":{"line":231,"column":7}},"58":{"start":{"line":233,"column":27},"end":{"line":240,"column":8}},"59":{"start":{"line":242,"column":6},"end":{"line":247,"column":8}},"60":{"start":{"line":250,"column":6},"end":{"line":250,"column":62}},"61":{"start":{"line":251,"column":6},"end":{"line":251,"column":18}},"62":{"start":{"line":257,"column":4},"end":{"line":267,"column":5}},"63":{"start":{"line":258,"column":6},"end":{"line":261,"column":49}},"64":{"start":{"line":263,"column":6},"end":{"line":263,"column":31}},"65":{"start":{"line":265,"column":6},"end":{"line":265,"column":66}},"66":{"start":{"line":266,"column":6},"end":{"line":266,"column":18}},"67":{"start":{"line":272,"column":4},"end":{"line":303,"column":5}},"68":{"start":{"line":273,"column":21},"end":{"line":276,"column":7}},"69":{"start":{"line":278,"column":24},"end":{"line":278,"column":26}},"70":{"start":{"line":279,"column":21},"end":{"line":279,"column":23}},"71":{"start":{"line":281,"column":6},"end":{"line":297,"column":7}},"72":{"start":{"line":282,"column":8},"end":{"line":296,"column":9}},"73":{"start":{"line":283,"column":10},"end":{"line":283,"column":43}},"74":{"start":{"line":285,"column":10},"end":{"line":288,"column":12}},"75":{"start":{"line":289,"column":10},"end":{"line":289,"column":36}},"76":{"start":{"line":291,"column":10},"end":{"line":294,"column":12}},"77":{"start":{"line":295,"column":10},"end":{"line":295,"column":63}},"78":{"start":{"line":299,"column":6},"end":{"line":299,"column":35}},"79":{"start":{"line":301,"column":6},"end":{"line":301,"column":68}},"80":{"start":{"line":302,"column":6},"end":{"line":302,"column":18}},"81":{"start":{"line":308,"column":17},"end":{"line":308,"column":47}},"82":{"start":{"line":309,"column":20},"end":{"line":309,"column":40}},"83":{"start":{"line":311,"column":4},"end":{"line":339,"column":5}},"84":{"start":{"line":313,"column":24},"end":{"line":313,"column":91}},"85":{"start":{"line":314,"column":8},"end":{"line":314,"column":32}},"86":{"start":{"line":315,"column":8},"end":{"line":315,"column":14}},"87":{"start":{"line":318,"column":30},"end":{"line":318,"column":65}},"88":{"start":{"line":319,"column":8},"end":{"line":322,"column":9}},"89":{"start":{"line":320,"column":10},"end":{"line":320,"column":45}},"90":{"start":{"line":321,"column":10},"end":{"line":321,"column":43}},"91":{"start":{"line":323,"column":8},"end":{"line":323,"column":14}},"92":{"start":{"line":326,"column":30},"end":{"line":326,"column":65}},"93":{"start":{"line":327,"column":8},"end":{"line":329,"column":9}},"94":{"start":{"line":328,"column":10},"end":{"line":328,"column":41}},"95":{"start":{"line":330,"column":8},"end":{"line":330,"column":14}},"96":{"start":{"line":333,"column":27},"end":{"line":333,"column":51}},"97":{"start":{"line":334,"column":8},"end":{"line":334,"column":64}},"98":{"start":{"line":335,"column":8},"end":{"line":335,"column":14}},"99":{"start":{"line":338,"column":8},"end":{"line":338,"column":71}},"100":{"start":{"line":343,"column":0},"end":{"line":346,"column":2}}},"fnMap":{"0":{"name":"(anonymous_0)","decl":{"start":{"line":5,"column":2},"end":{"line":5,"column":3}},"loc":{"start":{"line":5,"column":16},"end":{"line":7,"column":3}},"line":5},"1":{"name":"(anonymous_1)","decl":{"start":{"line":10,"column":2},"end":{"line":10,"column":3}},"loc":{"start":{"line":10,"column":47},"end":{"line":55,"column":3}},"line":10},"2":{"name":"(anonymous_2)","decl":{"start":{"line":58,"column":2},"end":{"line":58,"column":3}},"loc":{"start":{"line":58,"column":35},"end":{"line":94,"column":3}},"line":58},"3":{"name":"(anonymous_3)","decl":{"start":{"line":97,"column":2},"end":{"line":97,"column":3}},"loc":{"start":{"line":97,"column":44},"end":{"line":133,"column":3}},"line":97},"4":{"name":"(anonymous_4)","decl":{"start":{"line":136,"column":2},"end":{"line":136,"column":3}},"loc":{"start":{"line":136,"column":58},"end":{"line":179,"column":3}},"line":136},"5":{"name":"(anonymous_5)","decl":{"start":{"line":182,"column":2},"end":{"line":182,"column":3}},"loc":{"start":{"line":182,"column":47},"end":{"line":196,"column":3}},"line":182},"6":{"name":"(anonymous_6)","decl":{"start":{"line":199,"column":2},"end":{"line":199,"column":3}},"loc":{"start":{"line":199,"column":42},"end":{"line":206,"column":3}},"line":199},"7":{"name":"(anonymous_7)","decl":{"start":{"line":209,"column":2},"end":{"line":209,"column":3}},"loc":{"start":{"line":209,"column":66},"end":{"line":212,"column":3}},"line":209},"8":{"name":"(anonymous_8)","decl":{"start":{"line":210,"column":38},"end":{"line":210,"column":39}},"loc":{"start":{"line":210,"column":46},"end":{"line":210,"column":71}},"line":210},"9":{"name":"(anonymous_9)","decl":{"start":{"line":217,"column":2},"end":{"line":217,"column":3}},"loc":{"start":{"line":217,"column":16},"end":{"line":219,"column":3}},"line":217},"10":{"name":"(anonymous_10)","decl":{"start":{"line":222,"column":2},"end":{"line":222,"column":3}},"loc":{"start":{"line":222,"column":31},"end":{"line":253,"column":3}},"line":222},"11":{"name":"(anonymous_11)","decl":{"start":{"line":256,"column":2},"end":{"line":256,"column":3}},"loc":{"start":{"line":256,"column":49},"end":{"line":268,"column":3}},"line":256},"12":{"name":"(anonymous_12)","decl":{"start":{"line":271,"column":2},"end":{"line":271,"column":3}},"loc":{"start":{"line":271,"column":38},"end":{"line":304,"column":3}},"line":271},"13":{"name":"(anonymous_13)","decl":{"start":{"line":307,"column":2},"end":{"line":307,"column":3}},"loc":{"start":{"line":307,"column":30},"end":{"line":340,"column":3}},"line":307}},"branchMap":{"0":{"loc":{"start":{"line":15,"column":8},"end":{"line":15,"column":23}},"type":"default-arg","locations":[{"start":{"line":15,"column":19},"end":{"line":15,"column":23}}],"line":15},"1":{"loc":{"start":{"line":16,"column":8},"end":{"line":16,"column":22}},"type":"default-arg","locations":[{"start":{"line":16,"column":18},"end":{"line":16,"column":22}}],"line":16},"2":{"loc":{"start":{"line":17,"column":8},"end":{"line":17,"column":19}},"type":"default-arg","locations":[{"start":{"line":17,"column":15},"end":{"line":17,"column":19}}],"line":17},"3":{"loc":{"start":{"line":18,"column":8},"end":{"line":18,"column":22}},"type":"default-arg","locations":[{"start":{"line":18,"column":18},"end":{"line":18,"column":22}}],"line":18},"4":{"loc":{"start":{"line":19,"column":8},"end":{"line":19,"column":26}},"type":"default-arg","locations":[{"start":{"line":19,"column":22},"end":{"line":19,"column":26}}],"line":19},"5":{"loc":{"start":{"line":20,"column":8},"end":{"line":20,"column":25}},"type":"default-arg","locations":[{"start":{"line":20,"column":21},"end":{"line":20,"column":25}}],"line":20},"6":{"loc":{"start":{"line":21,"column":8},"end":{"line":21,"column":25}},"type":"default-arg","locations":[{"start":{"line":21,"column":21},"end":{"line":21,"column":25}}],"line":21},"7":{"loc":{"start":{"line":22,"column":8},"end":{"line":22,"column":22}},"type":"default-arg","locations":[{"start":{"line":22,"column":17},"end":{"line":22,"column":22}}],"line":22},"8":{"loc":{"start":{"line":26,"column":6},"end":{"line":28,"column":7}},"type":"if","locations":[{"start":{"line":26,"column":6},"end":{"line":28,"column":7}},{"start":{},"end":{}}],"line":26},"9":{"loc":{"start":{"line":48,"column":67},"end":{"line":48,"column":87}},"type":"binary-expr","locations":[{"start":{"line":48,"column":67},"end":{"line":48,"column":71}},{"start":{"line":48,"column":75},"end":{"line":48,"column":87}}],"line":48},"10":{"loc":{"start":{"line":48,"column":92},"end":{"line":48,"column":113}},"type":"binary-expr","locations":[{"start":{"line":48,"column":92},"end":{"line":48,"column":99}},{"start":{"line":48,"column":103},"end":{"line":48,"column":113}}],"line":48},"11":{"loc":{"start":{"line":60,"column":6},"end":{"line":62,"column":7}},"type":"if","locations":[{"start":{"line":60,"column":6},"end":{"line":62,"column":7}},{"start":{},"end":{}}],"line":60},"12":{"loc":{"start":{"line":60,"column":10},"end":{"line":60,"column":102}},"type":"binary-expr","locations":[{"start":{"line":60,"column":10},"end":{"line":60,"column":20}},{"start":{"line":60,"column":24},"end":{"line":60,"column":47}},{"start":{"line":60,"column":51},"end":{"line":60,"column":70}},{"start":{"line":60,"column":74},"end":{"line":60,"column":102}}],"line":60},"13":{"loc":{"start":{"line":68,"column":6},"end":{"line":70,"column":7}},"type":"if","locations":[{"start":{"line":68,"column":6},"end":{"line":70,"column":7}},{"start":{},"end":{}}],"line":68},"14":{"loc":{"start":{"line":69,"column":24},"end":{"line":69,"column":83}},"type":"binary-expr","locations":[{"start":{"line":69,"column":24},"end":{"line":69,"column":44}},{"start":{"line":69,"column":48},"end":{"line":69,"column":83}}],"line":69},"15":{"loc":{"start":{"line":99,"column":6},"end":{"line":102,"column":7}},"type":"if","locations":[{"start":{"line":99,"column":6},"end":{"line":102,"column":7}},{"start":{},"end":{}}],"line":99},"16":{"loc":{"start":{"line":113,"column":6},"end":{"line":115,"column":7}},"type":"if","locations":[{"start":{"line":113,"column":6},"end":{"line":115,"column":7}},{"start":{},"end":{}}],"line":113},"17":{"loc":{"start":{"line":113,"column":10},"end":{"line":113,"column":72}},"type":"binary-expr","locations":[{"start":{"line":113,"column":10},"end":{"line":113,"column":39}},{"start":{"line":113,"column":43},"end":{"line":113,"column":72}}],"line":113},"18":{"loc":{"start":{"line":122,"column":14},"end":{"line":123,"column":85}},"type":"binary-expr","locations":[{"start":{"line":122,"column":14},"end":{"line":122,"column":66}},{"start":{"line":123,"column":14},"end":{"line":123,"column":85}}],"line":122},"19":{"loc":{"start":{"line":136,"column":31},"end":{"line":136,"column":44}},"type":"default-arg","locations":[{"start":{"line":136,"column":42},"end":{"line":136,"column":44}}],"line":136},"20":{"loc":{"start":{"line":136,"column":46},"end":{"line":136,"column":56}},"type":"default-arg","locations":[{"start":{"line":136,"column":54},"end":{"line":136,"column":56}}],"line":136},"21":{"loc":{"start":{"line":143,"column":6},"end":{"line":146,"column":7}},"type":"if","locations":[{"start":{"line":143,"column":6},"end":{"line":146,"column":7}},{"start":{},"end":{}}],"line":143},"22":{"loc":{"start":{"line":143,"column":10},"end":{"line":144,"column":54}},"type":"binary-expr","locations":[{"start":{"line":143,"column":10},"end":{"line":143,"column":46}},{"start":{"line":144,"column":10},"end":{"line":144,"column":54}}],"line":143},"23":{"loc":{"start":{"line":182,"column":35},"end":{"line":182,"column":45}},"type":"default-arg","locations":[{"start":{"line":182,"column":43},"end":{"line":182,"column":45}}],"line":182},"24":{"loc":{"start":{"line":203,"column":11},"end":{"line":205,"column":36}},"type":"binary-expr","locations":[{"start":{"line":203,"column":11},"end":{"line":203,"column":22}},{"start":{"line":203,"column":26},"end":{"line":203,"column":37}},{"start":{"line":204,"column":11},"end":{"line":204,"column":21}},{"start":{"line":204,"column":25},"end":{"line":204,"column":34}},{"start":{"line":205,"column":11},"end":{"line":205,"column":22}},{"start":{"line":205,"column":26},"end":{"line":205,"column":36}}],"line":203},"25":{"loc":{"start":{"line":209,"column":44},"end":{"line":209,"column":64}},"type":"default-arg","locations":[{"start":{"line":209,"column":53},"end":{"line":209,"column":64}}],"line":209},"26":{"loc":{"start":{"line":211,"column":11},"end":{"line":211,"column":47}},"type":"cond-expr","locations":[{"start":{"line":211,"column":23},"end":{"line":211,"column":40}},{"start":{"line":211,"column":43},"end":{"line":211,"column":47}}],"line":211},"27":{"loc":{"start":{"line":218,"column":25},"end":{"line":218,"column":58}},"type":"binary-expr","locations":[{"start":{"line":218,"column":25},"end":{"line":218,"column":50}},{"start":{"line":218,"column":54},"end":{"line":218,"column":58}}],"line":218},"28":{"loc":{"start":{"line":311,"column":4},"end":{"line":339,"column":5}},"type":"switch","locations":[{"start":{"line":312,"column":6},"end":{"line":315,"column":14}},{"start":{"line":317,"column":6},"end":{"line":323,"column":14}},{"start":{"line":325,"column":6},"end":{"line":330,"column":14}},{"start":{"line":332,"column":6},"end":{"line":335,"column":14}},{"start":{"line":337,"column":6},"end":{"line":338,"column":71}}],"line":311},"29":{"loc":{"start":{"line":319,"column":8},"end":{"line":322,"column":9}},"type":"if","locations":[{"start":{"line":319,"column":8},"end":{"line":322,"column":9}},{"start":{},"end":{}}],"line":319},"30":{"loc":{"start":{"line":327,"column":8},"end":{"line":329,"column":9}},"type":"if","locations":[{"start":{"line":327,"column":8},"end":{"line":329,"column":9}},{"start":{},"end":{}}],"line":327}},"s":{"0":0,"1":0,"2":0,"3":0,"4":0,"5":0,"6":0,"7":0,"8":0,"9":0,"10":0,"11":0,"12":0,"13":0,"14":0,"15":0,"16":0,"17":0,"18":0,"19":0,"20":0,"21":0,"22":0,"23":0,"24":0,"25":0,"26":0,"27":0,"28":0,"29":0,"30":0,"31":0,"32":0,"33":0,"34":0,"35":0,"36":0,"37":0,"38":0,"39":0,"40":0,"41":0,"42":0,"43":0,"44":0,"45":0,"46":0,"47":0,"48":0,"49":0,"50":0,"51":0,"52":0,"53":0,"54":0,"55":0,"56":0,"57":0,"58":0,"59":0,"60":0,"61":0,"62":0,"63":0,"64":0,"65":0,"66":0,"67":0,"68":0,"69":0,"70":0,"71":0,"72":0,"73":0,"74":0,"75":0,"76":0,"77":0,"78":0,"79":0,"80":0,"81":0,"82":0,"83":0,"84":0,"85":0,"86":0,"87":0,"88":0,"89":0,"90":0,"91":0,"92":0,"93":0,"94":0,"95":0,"96":0,"97":0,"98":0,"99":0,"100":0},"f":{"0":0,"1":0,"2":0,"3":0,"4":0,"5":0,"6":0,"7":0,"8":0,"9":0,"10":0,"11":0,"12":0,"13":0},"b":{"0":[0],"1":[0],"2":[0],"3":[0],"4":[0],"5":[0],"6":[0],"7":[0],"8":[0,0],"9":[0,0],"10":[0,0],"11":[0,0],"12":[0,0,0,0],"13":[0,0],"14":[0,0],"15":[0,0],"16":[0,0],"17":[0,0],"18":[0,0],"19":[0],"20":[0],"21":[0,0],"22":[0,0],"23":[0],"24":[0,0,0,0,0,0],"25":[0],"26":[0,0],"27":[0,0],"28":[0,0,0,0,0],"29":[0,0],"30":[0,0]}}}}
