TN:
SF:jest.setup.js
FN:9,(anonymous_0)
FN:14,(anonymous_1)
FNF:2
FNH:0
FNDA:0,(anonymous_0)
FNDA:0,(anonymous_1)
DA:2,0
DA:5,0
DA:6,0
DA:9,0
DA:10,0
DA:14,0
DA:15,0
LF:7
LH:0
BRF:0
BRH:0
end_of_record
TN:
SF:passport.js
FN:9,(anonymous_0)
FNF:1
FNH:0
FNDA:0,(anonymous_0)
DA:1,0
DA:2,0
DA:3,0
DA:5,0
DA:10,0
DA:11,0
DA:12,0
DA:13,0
DA:23,0
DA:25,0
DA:27,0
DA:31,0
LF:12
LH:0
BRDA:12,0,0,0
BRDA:12,0,1,0
BRF:2
BRH:0
end_of_record
TN:
SF:test-percentage.js
FN:4,(anonymous_0)
FNF:1
FNH:0
FNDA:0,(anonymous_0)
DA:2,0
DA:4,0
DA:5,0
DA:6,0
DA:7,0
DA:8,0
DA:9,0
DA:10,0
DA:12,0
DA:13,0
DA:14,0
DA:15,0
DA:16,0
DA:17,0
DA:20,0
DA:21,0
DA:22,0
DA:23,0
DA:24,0
DA:25,0
DA:26,0
DA:27,0
DA:29,0
DA:32,0
LF:24
LH:0
BRDA:7,0,0,0
BRDA:7,0,1,0
BRDA:8,1,0,0
BRDA:8,1,1,0
BRDA:9,2,0,0
BRDA:9,2,1,0
BRDA:10,3,0,0
BRDA:10,3,1,0
BRDA:20,4,0,0
BRDA:20,4,1,0
BRDA:22,5,0,0
BRDA:22,5,1,0
BRDA:24,6,0,0
BRDA:24,6,1,0
BRDA:26,7,0,0
BRDA:26,7,1,0
BRF:16
BRH:0
end_of_record
TN:
SF:config\auth.js
FNF:0
FNH:0
LF:0
LH:0
BRF:0
BRH:0
end_of_record
TN:
SF:config\database.js
FN:17,(anonymous_0)
FN:33,(anonymous_1)
FNF:2
FNH:1
FNDA:0,(anonymous_0)
FNDA:1,(anonymous_1)
DA:1,26
DA:2,26
DA:5,26
DA:17,26
DA:18,0
DA:19,0
DA:20,0
DA:22,0
DA:23,0
DA:25,0
DA:27,0
DA:28,0
DA:33,26
DA:34,1
DA:35,1
DA:36,1
DA:37,1
DA:38,1
DA:39,1
DA:41,0
DA:42,0
DA:46,26
LF:22
LH:12
BRF:0
BRH:0
end_of_record
TN:
SF:controllers\SuppliersController.js
FN:6,(anonymous_0)
FN:15,(anonymous_1)
FN:28,(anonymous_2)
FNF:3
FNH:3
FNDA:1,(anonymous_0)
FNDA:2,(anonymous_1)
FNDA:1,(anonymous_2)
DA:2,2
DA:7,1
DA:8,1
DA:9,1
DA:11,0
DA:16,2
DA:17,2
DA:18,2
DA:22,2
DA:24,0
DA:29,1
DA:30,1
DA:31,1
DA:32,1
DA:39,1
DA:41,0
DA:46,2
LF:17
LH:14
BRF:0
BRH:0
end_of_record
TN:
SF:controllers\UsuarioController.js
FN:7,(anonymous_0)
FN:32,(anonymous_1)
FN:68,(anonymous_2)
FN:121,(anonymous_3)
FN:201,(anonymous_4)
FN:258,(anonymous_5)
FN:271,(anonymous_6)
FN:296,(anonymous_7)
FNF:8
FNH:6
FNDA:1,(anonymous_0)
FNDA:3,(anonymous_1)
FNDA:3,(anonymous_2)
FNDA:1,(anonymous_3)
FNDA:1,(anonymous_4)
FNDA:0,(anonymous_5)
FNDA:0,(anonymous_6)
FNDA:1,(anonymous_7)
DA:1,2
DA:2,2
DA:8,1
DA:9,1
DA:10,1
DA:12,1
DA:21,0
DA:22,0
DA:33,3
DA:34,3
DA:36,3
DA:37,1
DA:43,2
DA:45,2
DA:46,1
DA:52,1
DA:58,0
DA:59,0
DA:69,3
DA:70,3
DA:72,3
DA:73,1
DA:80,2
DA:81,2
DA:83,2
DA:92,2
DA:93,2
DA:100,2
DA:107,0
DA:108,0
DA:122,1
DA:123,1
DA:124,1
DA:126,1
DA:127,0
DA:133,1
DA:134,0
DA:140,1
DA:142,1
DA:143,0
DA:150,1
DA:156,1
DA:157,1
DA:158,1
DA:160,1
DA:163,1
DA:164,1
DA:179,1
DA:192,0
DA:193,0
DA:202,1
DA:203,1
DA:205,1
DA:206,0
DA:212,1
DA:214,1
DA:215,0
DA:222,1
DA:228,1
DA:231,1
DA:241,1
DA:248,0
DA:249,0
DA:259,0
DA:272,0
DA:273,0
DA:274,0
DA:276,0
DA:286,0
DA:287,0
DA:297,1
DA:307,2
LF:72
LH:50
BRDA:36,0,0,1
BRDA:36,0,1,2
BRDA:36,1,0,3
BRDA:36,1,1,3
BRDA:45,2,0,1
BRDA:45,2,1,1
BRDA:72,3,0,1
BRDA:72,3,1,2
BRDA:72,4,0,3
BRDA:72,4,1,3
BRDA:72,4,2,2
BRDA:80,5,0,2
BRDA:80,5,1,1
BRDA:92,6,0,2
BRDA:92,6,1,0
BRDA:92,7,0,2
BRDA:92,7,1,2
BRDA:126,8,0,0
BRDA:126,8,1,1
BRDA:126,9,0,1
BRDA:126,9,1,1
BRDA:133,10,0,0
BRDA:133,10,1,1
BRDA:133,11,0,1
BRDA:133,11,1,1
BRDA:142,12,0,0
BRDA:142,12,1,1
BRDA:158,13,0,1
BRDA:158,13,1,0
BRDA:163,14,0,1
BRDA:163,14,1,0
BRDA:163,15,0,1
BRDA:163,15,1,1
BRDA:174,16,0,1
BRDA:174,16,1,0
BRDA:205,17,0,0
BRDA:205,17,1,1
BRDA:205,18,0,1
BRDA:205,18,1,1
BRDA:214,19,0,0
BRDA:214,19,1,1
BRDA:237,20,0,1
BRDA:237,20,1,0
BRDA:281,21,0,0
BRDA:281,21,1,0
BRDA:302,22,0,1
BRDA:302,22,1,0
BRF:47
BRH:34
end_of_record
TN:
SF:controllers\auth.controller.js
FN:94,validateFormat
FN:211,validateRequestBody
FN:280,validatePasswordStrength
FN:480,generatePasswordSuggestions
FN:483,(anonymous_4)
FN:487,(anonymous_5)
FN:491,(anonymous_6)
FN:495,(anonymous_7)
FN:499,(anonymous_8)
FN:503,(anonymous_9)
FN:507,(anonymous_10)
FN:526,quickInternetCheck
FN:527,(anonymous_12)
FN:528,(anonymous_13)
FN:538,(anonymous_14)
FN:544,(anonymous_15)
FN:549,(anonymous_16)
FN:557,checkActiveSession
FN:571,addActiveSession
FN:586,removeActiveSession
FN:591,updateSessionActivity
FN:601,sendEmail
FN:625,(anonymous_22)
FN:786,(anonymous_23)
FN:934,(anonymous_24)
FN:1054,(anonymous_25)
FN:1184,(anonymous_26)
FN:1231,(anonymous_27)
FN:1405,(anonymous_28)
FN:1500,(anonymous_29)
FN:1572,(anonymous_30)
FN:1697,(anonymous_31)
FN:1758,(anonymous_32)
FN:1801,(anonymous_33)
FN:1857,(anonymous_34)
FN:1938,(anonymous_35)
FN:1990,(anonymous_36)
FN:2023,(anonymous_37)
FN:2024,(anonymous_38)
FN:2052,(anonymous_39)
FN:2084,(anonymous_40)
FN:2094,(anonymous_41)
FN:2104,(anonymous_42)
FN:2136,(anonymous_43)
FN:2217,cleanExpiredSessions
FN:2239,(anonymous_45)
FN:2313,(anonymous_46)
FNF:47
FNH:14
FNDA:22,validateFormat
FNDA:9,validateRequestBody
FNDA:1,validatePasswordStrength
FNDA:1,generatePasswordSuggestions
FNDA:0,(anonymous_4)
FNDA:0,(anonymous_5)
FNDA:0,(anonymous_6)
FNDA:0,(anonymous_7)
FNDA:0,(anonymous_8)
FNDA:0,(anonymous_9)
FNDA:0,(anonymous_10)
FNDA:1,quickInternetCheck
FNDA:1,(anonymous_12)
FNDA:0,(anonymous_13)
FNDA:1,(anonymous_14)
FNDA:0,(anonymous_15)
FNDA:0,(anonymous_16)
FNDA:1,checkActiveSession
FNDA:0,addActiveSession
FNDA:0,removeActiveSession
FNDA:0,updateSessionActivity
FNDA:1,sendEmail
FNDA:0,(anonymous_22)
FNDA:2,(anonymous_23)
FNDA:0,(anonymous_24)
FNDA:0,(anonymous_25)
FNDA:0,(anonymous_26)
FNDA:3,(anonymous_27)
FNDA:2,(anonymous_28)
FNDA:1,(anonymous_29)
FNDA:0,(anonymous_30)
FNDA:2,(anonymous_31)
FNDA:0,(anonymous_32)
FNDA:0,(anonymous_33)
FNDA:0,(anonymous_34)
FNDA:0,(anonymous_35)
FNDA:0,(anonymous_36)
FNDA:0,(anonymous_37)
FNDA:0,(anonymous_38)
FNDA:0,(anonymous_39)
FNDA:0,(anonymous_40)
FNDA:0,(anonymous_41)
FNDA:0,(anonymous_42)
FNDA:0,(anonymous_43)
FNDA:0,cleanExpiredSessions
FNDA:0,(anonymous_45)
FNDA:0,(anonymous_46)
DA:1,1
DA:2,1
DA:3,1
DA:4,1
DA:5,1
DA:6,1
DA:7,1
DA:9,1
DA:10,1
DA:11,1
DA:14,1
DA:17,1
DA:31,1
DA:45,1
DA:95,22
DA:96,0
DA:100,22
DA:102,22
DA:103,0
DA:106,22
DA:108,8
DA:109,0
DA:111,8
DA:114,3
DA:115,0
DA:117,3
DA:120,0
DA:121,0
DA:123,0
DA:126,0
DA:127,0
DA:129,0
DA:132,0
DA:133,0
DA:135,0
DA:138,0
DA:139,0
DA:141,0
DA:144,0
DA:145,0
DA:147,0
DA:150,0
DA:151,0
DA:153,0
DA:156,0
DA:157,0
DA:159,0
DA:162,0
DA:163,0
DA:165,0
DA:168,3
DA:169,0
DA:171,3
DA:174,8
DA:175,2
DA:177,6
DA:180,0
DA:181,0
DA:183,0
DA:186,0
DA:187,0
DA:189,0
DA:192,0
DA:193,0
DA:195,0
DA:198,0
DA:199,0
DA:201,0
DA:204,0
DA:207,20
DA:212,9
DA:214,9
DA:215,34
DA:218,34
DA:219,0
DA:220,0
DA:224,34
DA:225,14
DA:229,20
DA:230,20
DA:231,20
DA:232,2
DA:233,2
DA:238,18
DA:239,18
DA:241,18
DA:242,0
DA:245,18
DA:246,0
DA:251,18
DA:252,0
DA:254,0
DA:255,0
DA:258,0
DA:259,0
DA:264,18
DA:265,0
DA:266,0
DA:267,0
DA:272,9
DA:281,1
DA:282,1
DA:283,1
DA:288,1
DA:289,0
DA:290,0
DA:294,1
DA:295,0
DA:296,0
DA:300,1
DA:301,1
DA:302,0
DA:303,0
DA:309,1
DA:310,0
DA:312,1
DA:316,1
DA:317,0
DA:319,1
DA:323,1
DA:324,0
DA:326,1
DA:330,1
DA:331,0
DA:333,1
DA:339,1
DA:340,1
DA:341,1
DA:344,1
DA:352,1
DA:355,1
DA:356,1
DA:357,14
DA:360,1
DA:361,1
DA:362,0
DA:363,0
DA:369,1
DA:370,0
DA:371,0
DA:375,1
DA:376,10
DA:377,0
DA:378,0
DA:379,0
DA:384,1
DA:385,0
DA:386,0
DA:387,0
DA:388,0
DA:392,1
DA:393,0
DA:394,0
DA:395,0
DA:396,0
DA:401,1
DA:402,1
DA:403,56
DA:404,0
DA:405,0
DA:406,0
DA:411,1
DA:412,0
DA:413,0
DA:419,1
DA:420,1
DA:422,1
DA:423,0
DA:424,0
DA:425,1
DA:426,1
DA:432,1
DA:433,0
DA:437,1
DA:438,0
DA:442,1
DA:443,0
DA:449,1
DA:452,1
DA:453,0
DA:454,1
DA:455,0
DA:456,0
DA:457,1
DA:458,0
DA:459,0
DA:460,1
DA:461,0
DA:462,1
DA:463,0
DA:465,1
DA:468,1
DA:481,1
DA:483,1
DA:484,0
DA:487,1
DA:488,0
DA:491,1
DA:492,0
DA:495,1
DA:496,0
DA:499,1
DA:500,0
DA:503,1
DA:504,0
DA:507,1
DA:508,0
DA:512,1
DA:513,1
DA:515,1
DA:518,1
DA:527,1
DA:528,1
DA:529,0
DA:532,1
DA:538,1
DA:539,1
DA:540,1
DA:541,1
DA:544,1
DA:545,0
DA:546,0
DA:549,1
DA:550,0
DA:551,0
DA:552,0
DA:558,1
DA:559,1
DA:561,0
DA:562,0
DA:563,0
DA:566,0
DA:567,0
DA:572,0
DA:573,0
DA:581,0
DA:582,0
DA:587,0
DA:592,0
DA:593,0
DA:594,0
DA:595,0
DA:597,0
DA:602,1
DA:604,1
DA:605,1
DA:606,0
DA:607,0
DA:610,1
DA:616,0
DA:617,0
DA:619,1
DA:620,1
DA:625,1
DA:626,0
DA:628,0
DA:629,0
DA:630,0
DA:636,0
DA:637,0
DA:638,0
DA:645,0
DA:650,0
DA:651,0
DA:652,0
DA:659,0
DA:662,0
DA:663,0
DA:669,0
DA:672,0
DA:673,0
DA:674,0
DA:680,0
DA:681,0
DA:689,0
DA:690,0
DA:691,0
DA:692,0
DA:695,0
DA:696,0
DA:703,0
DA:714,0
DA:715,0
DA:717,0
DA:718,0
DA:720,0
DA:722,0
DA:742,0
DA:744,0
DA:745,0
DA:746,0
DA:747,0
DA:748,0
DA:749,0
DA:750,0
DA:751,0
DA:753,0
DA:777,0
DA:778,0
DA:786,1
DA:787,2
DA:789,2
DA:793,2
DA:794,2
DA:795,0
DA:802,2
DA:805,2
DA:806,2
DA:808,2
DA:809,2
DA:815,0
DA:818,0
DA:819,0
DA:831,0
DA:841,0
DA:842,0
DA:844,0
DA:845,0
DA:847,0
DA:849,0
DA:877,0
DA:879,0
DA:880,0
DA:881,0
DA:882,0
DA:883,0
DA:884,0
DA:885,0
DA:888,0
DA:895,0
DA:925,0
DA:926,0
DA:934,1
DA:935,0
DA:937,0
DA:942,0
DA:943,0
DA:944,0
DA:951,0
DA:955,0
DA:956,0
DA:958,0
DA:965,0
DA:966,0
DA:973,0
DA:974,0
DA:975,0
DA:982,0
DA:987,0
DA:988,0
DA:1002,0
DA:1003,0
DA:1004,0
DA:1017,0
DA:1019,0
DA:1020,0
DA:1021,0
DA:1022,0
DA:1023,0
DA:1026,0
DA:1034,0
DA:1045,0
DA:1046,0
DA:1054,1
DA:1055,0
DA:1057,0
DA:1058,0
DA:1059,0
DA:1065,0
DA:1066,0
DA:1067,0
DA:1074,0
DA:1079,0
DA:1080,0
DA:1081,0
DA:1088,0
DA:1089,0
DA:1091,0
DA:1092,0
DA:1093,0
DA:1100,0
DA:1101,0
DA:1102,0
DA:1109,0
DA:1116,0
DA:1117,0
DA:1124,0
DA:1129,0
DA:1130,0
DA:1145,0
DA:1147,0
DA:1148,0
DA:1149,0
DA:1150,0
DA:1151,0
DA:1154,0
DA:1162,0
DA:1175,0
DA:1176,0
DA:1184,1
DA:1185,0
DA:1187,0
DA:1188,0
DA:1189,0
DA:1195,0
DA:1196,0
DA:1197,0
DA:1203,0
DA:1204,0
DA:1210,0
DA:1212,0
DA:1222,0
DA:1223,0
DA:1231,1
DA:1232,3
DA:1234,3
DA:1245,3
DA:1246,3
DA:1247,1
DA:1263,2
DA:1266,2
DA:1267,2
DA:1269,2
DA:1270,2
DA:1277,0
DA:1282,0
DA:1283,0
DA:1306,0
DA:1307,0
DA:1311,0
DA:1312,0
DA:1313,0
DA:1321,0
DA:1323,0
DA:1324,0
DA:1325,0
DA:1332,0
DA:1333,0
DA:1334,0
DA:1341,0
DA:1344,0
DA:1345,0
DA:1346,0
DA:1347,0
DA:1354,0
DA:1355,0
DA:1357,0
DA:1362,0
DA:1363,0
DA:1364,0
DA:1365,0
DA:1366,0
DA:1367,0
DA:1370,0
DA:1377,0
DA:1396,0
DA:1397,0
DA:1405,1
DA:1406,2
DA:1408,2
DA:1413,2
DA:1414,2
DA:1415,0
DA:1422,2
DA:1424,2
DA:1425,2
DA:1426,0
DA:1432,2
DA:1433,2
DA:1434,1
DA:1441,1
DA:1448,1
DA:1449,1
DA:1450,0
DA:1451,0
DA:1453,0
DA:1454,0
DA:1456,0
DA:1467,1
DA:1468,1
DA:1471,1
DA:1472,1
DA:1474,1
DA:1475,1
DA:1477,1
DA:1479,1
DA:1481,1
DA:1482,1
DA:1484,1
DA:1490,1
DA:1501,1
DA:1504,1
DA:1512,1
DA:1513,1
DA:1515,1
DA:1526,0
DA:1527,0
DA:1528,0
DA:1531,0
DA:1536,0
DA:1538,0
DA:1546,0
DA:1547,0
DA:1549,0
DA:1563,0
DA:1564,0
DA:1572,1
DA:1573,0
DA:1575,0
DA:1580,0
DA:1581,0
DA:1582,0
DA:1589,0
DA:1590,0
DA:1592,0
DA:1594,0
DA:1600,0
DA:1601,0
DA:1607,0
DA:1608,0
DA:1609,0
DA:1610,0
DA:1613,0
DA:1614,0
DA:1615,0
DA:1618,0
DA:1619,0
DA:1620,0
DA:1623,0
DA:1624,0
DA:1631,0
DA:1638,0
DA:1643,0
DA:1645,0
DA:1658,0
DA:1660,0
DA:1661,0
DA:1662,0
DA:1664,0
DA:1670,0
DA:1671,0
DA:1673,0
DA:1688,0
DA:1689,0
DA:1697,1
DA:1698,2
DA:1700,2
DA:1705,2
DA:1706,2
DA:1707,1
DA:1714,1
DA:1717,1
DA:1718,1
DA:1719,0
DA:1720,0
DA:1721,0
DA:1729,1
DA:1730,0
DA:1733,1
DA:1735,1
DA:1749,0
DA:1750,0
DA:1758,1
DA:1759,0
DA:1761,0
DA:1762,0
DA:1763,0
DA:1769,0
DA:1770,0
DA:1771,0
DA:1777,0
DA:1780,0
DA:1782,0
DA:1783,0
DA:1786,0
DA:1792,0
DA:1793,0
DA:1801,1
DA:1802,0
DA:1804,0
DA:1805,0
DA:1806,0
DA:1812,0
DA:1813,0
DA:1814,0
DA:1820,0
DA:1821,0
DA:1823,0
DA:1824,0
DA:1825,0
DA:1827,0
DA:1840,0
DA:1848,0
DA:1849,0
DA:1857,1
DA:1858,0
DA:1860,0
DA:1861,0
DA:1862,0
DA:1868,0
DA:1869,0
DA:1870,0
DA:1877,0
DA:1881,0
DA:1882,0
DA:1883,0
DA:1890,0
DA:1893,0
DA:1894,0
DA:1895,0
DA:1901,0
DA:1902,0
DA:1903,0
DA:1910,0
DA:1912,0
DA:1918,0
DA:1929,0
DA:1930,0
DA:1938,1
DA:1939,0
DA:1940,0
DA:1941,0
DA:1943,0
DA:1944,0
DA:1951,0
DA:1952,0
DA:1953,0
DA:1959,0
DA:1962,0
DA:1964,0
DA:1969,0
DA:1970,0
DA:1976,0
DA:1982,0
DA:1990,1
DA:1991,0
DA:1993,0
DA:1994,0
DA:1995,0
DA:2001,0
DA:2002,0
DA:2003,0
DA:2010,0
DA:2011,0
DA:2012,0
DA:2018,0
DA:2019,0
DA:2022,0
DA:2023,0
DA:2024,0
DA:2032,0
DA:2043,0
DA:2044,0
DA:2052,1
DA:2053,0
DA:2055,0
DA:2061,0
DA:2062,0
DA:2063,0
DA:2070,0
DA:2072,0
DA:2073,0
DA:2074,0
DA:2075,0
DA:2078,0
DA:2080,0
DA:2083,0
DA:2084,0
DA:2087,0
DA:2090,0
DA:2091,0
DA:2092,0
DA:2093,0
DA:2094,0
DA:2095,0
DA:2099,0
DA:2100,0
DA:2104,0
DA:2107,0
DA:2109,0
DA:2127,0
DA:2128,0
DA:2136,1
DA:2137,0
DA:2139,0
DA:2140,0
DA:2141,0
DA:2147,0
DA:2148,0
DA:2149,0
DA:2156,0
DA:2157,0
DA:2158,0
DA:2164,0
DA:2166,0
DA:2167,0
DA:2170,0
DA:2201,0
DA:2208,0
DA:2209,0
DA:2218,0
DA:2219,0
DA:2221,0
DA:2222,0
DA:2223,0
DA:2224,0
DA:2228,0
DA:2229,0
DA:2232,0
DA:2236,1
DA:2239,1
DA:2240,0
DA:2241,0
DA:2296,0
DA:2304,0
DA:2305,0
DA:2313,1
DA:2314,0
DA:2316,0
DA:2317,0
DA:2321,0
DA:2322,0
DA:2323,0
DA:2329,0
DA:2334,0
DA:2335,0
DA:2349,0
DA:2350,0
DA:2353,1
LF:729
LH:205
BRDA:9,0,0,1
BRDA:9,0,1,0
BRDA:94,1,0,0
BRDA:95,2,0,0
BRDA:95,2,1,22
BRDA:95,3,0,22
BRDA:95,3,1,22
BRDA:102,4,0,0
BRDA:102,4,1,22
BRDA:106,5,0,8
BRDA:106,5,1,3
BRDA:106,5,2,0
BRDA:106,5,3,0
BRDA:106,5,4,0
BRDA:106,5,5,0
BRDA:106,5,6,0
BRDA:106,5,7,0
BRDA:106,5,8,0
BRDA:106,5,9,0
BRDA:106,5,10,3
BRDA:106,5,11,8
BRDA:106,5,12,0
BRDA:106,5,13,0
BRDA:106,5,14,0
BRDA:106,5,15,0
BRDA:106,5,16,0
BRDA:108,6,0,0
BRDA:108,6,1,8
BRDA:114,7,0,0
BRDA:114,7,1,3
BRDA:120,8,0,0
BRDA:120,8,1,0
BRDA:126,9,0,0
BRDA:126,9,1,0
BRDA:132,10,0,0
BRDA:132,10,1,0
BRDA:138,11,0,0
BRDA:138,11,1,0
BRDA:144,12,0,0
BRDA:144,12,1,0
BRDA:150,13,0,0
BRDA:150,13,1,0
BRDA:156,14,0,0
BRDA:156,14,1,0
BRDA:162,15,0,0
BRDA:162,15,1,0
BRDA:168,16,0,0
BRDA:168,16,1,3
BRDA:174,17,0,2
BRDA:174,17,1,6
BRDA:180,18,0,0
BRDA:180,18,1,0
BRDA:186,19,0,0
BRDA:186,19,1,0
BRDA:192,20,0,0
BRDA:192,20,1,0
BRDA:198,21,0,0
BRDA:198,21,1,0
BRDA:215,22,0,0
BRDA:218,23,0,0
BRDA:218,23,1,34
BRDA:218,24,0,34
BRDA:218,24,1,17
BRDA:218,24,2,17
BRDA:224,25,0,14
BRDA:224,25,1,20
BRDA:224,26,0,34
BRDA:224,26,1,17
BRDA:224,26,2,3
BRDA:224,26,3,3
BRDA:229,27,0,20
BRDA:229,27,1,0
BRDA:231,28,0,2
BRDA:231,28,1,18
BRDA:238,29,0,18
BRDA:238,29,1,0
BRDA:241,30,0,0
BRDA:241,30,1,18
BRDA:241,31,0,18
BRDA:241,31,1,8
BRDA:245,32,0,0
BRDA:245,32,1,18
BRDA:245,33,0,18
BRDA:245,33,1,6
BRDA:251,34,0,0
BRDA:251,34,1,18
BRDA:251,35,0,18
BRDA:251,35,1,18
BRDA:254,36,0,0
BRDA:254,36,1,0
BRDA:254,37,0,0
BRDA:254,37,1,0
BRDA:258,38,0,0
BRDA:258,38,1,0
BRDA:258,39,0,0
BRDA:258,39,1,0
BRDA:264,40,0,0
BRDA:264,40,1,18
BRDA:266,41,0,0
BRDA:266,41,1,0
BRDA:280,42,0,0
BRDA:288,43,0,0
BRDA:288,43,1,1
BRDA:294,44,0,0
BRDA:294,44,1,1
BRDA:301,45,0,0
BRDA:301,45,1,1
BRDA:309,46,0,0
BRDA:309,46,1,1
BRDA:316,47,0,0
BRDA:316,47,1,1
BRDA:323,48,0,0
BRDA:323,48,1,1
BRDA:330,49,0,0
BRDA:330,49,1,1
BRDA:339,50,0,1
BRDA:339,50,1,0
BRDA:340,51,0,0
BRDA:340,51,1,1
BRDA:341,52,0,0
BRDA:341,52,1,1
BRDA:357,53,0,14
BRDA:357,53,1,11
BRDA:361,54,0,0
BRDA:361,54,1,1
BRDA:369,55,0,0
BRDA:369,55,1,1
BRDA:376,56,0,0
BRDA:376,56,1,10
BRDA:384,57,0,0
BRDA:384,57,1,1
BRDA:386,58,0,0
BRDA:386,58,1,0
BRDA:386,59,0,0
BRDA:386,59,1,0
BRDA:392,60,0,0
BRDA:392,60,1,1
BRDA:394,61,0,0
BRDA:394,61,1,0
BRDA:394,62,0,0
BRDA:394,62,1,0
BRDA:403,63,0,0
BRDA:403,63,1,56
BRDA:411,64,0,0
BRDA:411,64,1,1
BRDA:422,65,0,0
BRDA:422,65,1,1
BRDA:425,66,0,1
BRDA:425,66,1,0
BRDA:432,67,0,0
BRDA:432,67,1,1
BRDA:432,68,0,1
BRDA:432,68,1,1
BRDA:437,69,0,0
BRDA:437,69,1,1
BRDA:442,70,0,0
BRDA:442,70,1,1
BRDA:452,71,0,0
BRDA:452,71,1,1
BRDA:454,72,0,0
BRDA:454,72,1,1
BRDA:457,73,0,0
BRDA:457,73,1,1
BRDA:460,74,0,0
BRDA:460,74,1,1
BRDA:462,75,0,0
BRDA:462,75,1,1
BRDA:469,76,0,1
BRDA:469,76,1,1
BRDA:483,77,0,0
BRDA:483,77,1,1
BRDA:487,78,0,0
BRDA:487,78,1,1
BRDA:491,79,0,0
BRDA:491,79,1,1
BRDA:495,80,0,0
BRDA:495,80,1,1
BRDA:499,81,0,0
BRDA:499,81,1,1
BRDA:503,82,0,0
BRDA:503,82,1,1
BRDA:507,83,0,0
BRDA:507,83,1,1
BRDA:559,84,0,1
BRDA:559,84,1,0
BRDA:562,85,0,0
BRDA:562,85,1,0
BRDA:571,86,0,0
BRDA:593,87,0,0
BRDA:593,87,1,0
BRDA:605,88,0,0
BRDA:605,88,1,1
BRDA:629,89,0,0
BRDA:629,89,1,0
BRDA:629,90,0,0
BRDA:629,90,1,0
BRDA:637,91,0,0
BRDA:637,91,1,0
BRDA:651,92,0,0
BRDA:651,92,1,0
BRDA:662,93,0,0
BRDA:662,93,1,0
BRDA:662,94,0,0
BRDA:662,94,1,0
BRDA:673,95,0,0
BRDA:673,95,1,0
BRDA:680,96,0,0
BRDA:680,96,1,0
BRDA:689,97,0,0
BRDA:689,97,1,0
BRDA:691,98,0,0
BRDA:691,98,1,0
BRDA:695,99,0,0
BRDA:695,99,1,0
BRDA:715,100,0,0
BRDA:715,100,1,0
BRDA:720,101,0,0
BRDA:720,101,1,0
BRDA:747,102,0,0
BRDA:747,102,1,0
BRDA:748,103,0,0
BRDA:748,103,1,0
BRDA:761,104,0,0
BRDA:761,104,1,0
BRDA:762,105,0,0
BRDA:762,105,1,0
BRDA:763,106,0,0
BRDA:763,106,1,0
BRDA:794,107,0,0
BRDA:794,107,1,2
BRDA:808,108,0,2
BRDA:808,108,1,0
BRDA:818,109,0,0
BRDA:818,109,1,0
BRDA:842,110,0,0
BRDA:842,110,1,0
BRDA:847,111,0,0
BRDA:847,111,1,0
BRDA:881,112,0,0
BRDA:881,112,1,0
BRDA:882,113,0,0
BRDA:882,113,1,0
BRDA:892,114,0,0
BRDA:892,114,1,0
BRDA:904,115,0,0
BRDA:904,115,1,0
BRDA:905,116,0,0
BRDA:905,116,1,0
BRDA:906,117,0,0
BRDA:906,117,1,0
BRDA:943,118,0,0
BRDA:943,118,1,0
BRDA:965,119,0,0
BRDA:965,119,1,0
BRDA:974,120,0,0
BRDA:974,120,1,0
BRDA:987,121,0,0
BRDA:987,121,1,0
BRDA:1003,122,0,0
BRDA:1003,122,1,0
BRDA:1048,123,0,0
BRDA:1048,123,1,0
BRDA:1058,124,0,0
BRDA:1058,124,1,0
BRDA:1058,125,0,0
BRDA:1058,125,1,0
BRDA:1066,126,0,0
BRDA:1066,126,1,0
BRDA:1080,127,0,0
BRDA:1080,127,1,0
BRDA:1092,128,0,0
BRDA:1092,128,1,0
BRDA:1101,129,0,0
BRDA:1101,129,1,0
BRDA:1116,130,0,0
BRDA:1116,130,1,0
BRDA:1129,131,0,0
BRDA:1129,131,1,0
BRDA:1188,132,0,0
BRDA:1188,132,1,0
BRDA:1188,133,0,0
BRDA:1188,133,1,0
BRDA:1196,134,0,0
BRDA:1196,134,1,0
BRDA:1204,135,0,0
BRDA:1204,135,1,0
BRDA:1246,136,0,1
BRDA:1246,136,1,2
BRDA:1269,137,0,2
BRDA:1269,137,1,0
BRDA:1282,138,0,0
BRDA:1282,138,1,0
BRDA:1306,139,0,0
BRDA:1306,139,1,0
BRDA:1311,140,0,0
BRDA:1311,140,1,0
BRDA:1311,141,0,0
BRDA:1311,141,1,0
BRDA:1312,142,0,0
BRDA:1312,142,1,0
BRDA:1312,143,0,0
BRDA:1312,143,1,0
BRDA:1321,144,0,0
BRDA:1321,144,1,0
BRDA:1324,145,0,0
BRDA:1324,145,1,0
BRDA:1333,146,0,0
BRDA:1333,146,1,0
BRDA:1345,147,0,0
BRDA:1345,147,1,0
BRDA:1345,148,0,0
BRDA:1345,148,1,0
BRDA:1350,149,0,0
BRDA:1350,149,1,0
BRDA:1351,150,0,0
BRDA:1351,150,1,0
BRDA:1367,151,0,0
BRDA:1367,151,1,0
BRDA:1379,152,0,0
BRDA:1379,152,1,0
BRDA:1414,153,0,0
BRDA:1414,153,1,2
BRDA:1425,154,0,0
BRDA:1425,154,1,2
BRDA:1433,155,0,1
BRDA:1433,155,1,1
BRDA:1449,156,0,0
BRDA:1449,156,1,1
BRDA:1475,157,0,1
BRDA:1475,157,1,0
BRDA:1479,158,0,1
BRDA:1479,158,1,0
BRDA:1501,159,0,0
BRDA:1501,159,1,1
BRDA:1555,160,0,0
BRDA:1555,160,1,0
BRDA:1556,161,0,0
BRDA:1556,161,1,0
BRDA:1581,162,0,0
BRDA:1581,162,1,0
BRDA:1600,163,0,0
BRDA:1600,163,1,0
BRDA:1613,164,0,0
BRDA:1613,164,1,0
BRDA:1613,165,0,0
BRDA:1613,165,1,0
BRDA:1618,166,0,0
BRDA:1618,166,1,0
BRDA:1618,167,0,0
BRDA:1618,167,1,0
BRDA:1623,168,0,0
BRDA:1623,168,1,0
BRDA:1643,169,0,0
BRDA:1643,169,1,0
BRDA:1684,170,0,0
BRDA:1684,170,1,0
BRDA:1706,171,0,1
BRDA:1706,171,1,1
BRDA:1718,172,0,0
BRDA:1718,172,1,1
BRDA:1718,173,0,1
BRDA:1718,173,1,0
BRDA:1720,174,0,0
BRDA:1720,174,1,0
BRDA:1729,175,0,0
BRDA:1729,175,1,1
BRDA:1762,176,0,0
BRDA:1762,176,1,0
BRDA:1762,177,0,0
BRDA:1762,177,1,0
BRDA:1770,178,0,0
BRDA:1770,178,1,0
BRDA:1782,179,0,0
BRDA:1782,179,1,0
BRDA:1805,180,0,0
BRDA:1805,180,1,0
BRDA:1805,181,0,0
BRDA:1805,181,1,0
BRDA:1813,182,0,0
BRDA:1813,182,1,0
BRDA:1823,183,0,0
BRDA:1823,183,1,0
BRDA:1861,184,0,0
BRDA:1861,184,1,0
BRDA:1861,185,0,0
BRDA:1861,185,1,0
BRDA:1869,186,0,0
BRDA:1869,186,1,0
BRDA:1882,187,0,0
BRDA:1882,187,1,0
BRDA:1894,188,0,0
BRDA:1894,188,1,0
BRDA:1902,189,0,0
BRDA:1902,189,1,0
BRDA:1943,190,0,0
BRDA:1943,190,1,0
BRDA:1952,191,0,0
BRDA:1952,191,1,0
BRDA:1969,192,0,0
BRDA:1969,192,1,0
BRDA:1979,193,0,0
BRDA:1979,193,1,0
BRDA:1994,194,0,0
BRDA:1994,194,1,0
BRDA:1994,195,0,0
BRDA:1994,195,1,0
BRDA:2002,196,0,0
BRDA:2002,196,1,0
BRDA:2011,197,0,0
BRDA:2011,197,1,0
BRDA:2062,198,0,0
BRDA:2062,198,1,0
BRDA:2070,199,0,0
BRDA:2070,200,0,0
BRDA:2070,201,0,0
BRDA:2075,202,0,0
BRDA:2075,202,1,0
BRDA:2078,203,0,0
BRDA:2078,203,1,0
BRDA:2083,204,0,0
BRDA:2083,204,1,0
BRDA:2093,205,0,0
BRDA:2093,205,1,0
BRDA:2140,206,0,0
BRDA:2140,206,1,0
BRDA:2140,207,0,0
BRDA:2140,207,1,0
BRDA:2148,208,0,0
BRDA:2148,208,1,0
BRDA:2157,209,0,0
BRDA:2157,209,1,0
BRDA:2222,210,0,0
BRDA:2222,210,1,0
BRDA:2228,211,0,0
BRDA:2228,211,1,0
BRDA:2316,212,0,0
BRDA:2316,212,1,0
BRDA:2322,213,0,0
BRDA:2322,213,1,0
BRDA:2334,214,0,0
BRDA:2334,214,1,0
BRF:441
BRH:98
end_of_record
TN:
SF:controllers\biometricController.js
FN:19,(anonymous_0)
FN:74,(anonymous_1)
FN:190,(anonymous_2)
FN:230,(anonymous_3)
FN:259,(anonymous_4)
FN:309,(anonymous_5)
FN:333,(anonymous_6)
FN:461,(anonymous_7)
FN:573,(anonymous_8)
FN:758,(anonymous_9)
FNF:10
FNH:3
FNDA:2,(anonymous_0)
FNDA:2,(anonymous_1)
FNDA:0,(anonymous_2)
FNDA:0,(anonymous_3)
FNDA:0,(anonymous_4)
FNDA:0,(anonymous_5)
FNDA:2,(anonymous_6)
FNDA:0,(anonymous_7)
FNDA:0,(anonymous_8)
FNDA:0,(anonymous_9)
DA:1,2
DA:2,2
DA:3,2
DA:4,2
DA:5,2
DA:8,2
DA:20,2
DA:21,2
DA:22,2
DA:24,2
DA:25,1
DA:32,1
DA:37,1
DA:38,0
DA:45,1
DA:46,1
DA:49,1
DA:58,1
DA:65,0
DA:66,0
DA:75,2
DA:76,2
DA:77,2
DA:79,2
DA:80,2
DA:82,2
DA:83,0
DA:90,2
DA:95,2
DA:96,0
DA:101,0
DA:109,2
DA:114,2
DA:115,2
DA:117,2
DA:118,0
DA:124,2
DA:125,2
DA:128,2
DA:129,2
DA:131,2
DA:133,1
DA:138,1
DA:141,1
DA:151,1
DA:159,1
DA:164,1
DA:169,1
DA:171,1
DA:173,1
DA:181,0
DA:182,0
DA:191,0
DA:192,0
DA:194,0
DA:201,0
DA:202,0
DA:208,0
DA:210,0
DA:221,0
DA:222,0
DA:231,0
DA:232,0
DA:234,0
DA:243,0
DA:250,0
DA:251,0
DA:260,0
DA:261,0
DA:262,0
DA:265,0
DA:266,0
DA:267,0
DA:274,0
DA:275,0
DA:282,0
DA:283,0
DA:286,0
DA:294,0
DA:300,0
DA:301,0
DA:310,0
DA:311,0
DA:316,0
DA:317,0
DA:320,0
DA:321,0
DA:327,0
DA:328,0
DA:334,2
DA:335,2
DA:337,2
DA:338,2
DA:340,2
DA:341,0
DA:342,0
DA:349,2
DA:350,2
DA:356,2
DA:358,2
DA:359,0
DA:360,0
DA:366,2
DA:367,2
DA:368,2
DA:369,2
DA:370,2
DA:371,2
DA:372,2
DA:375,2
DA:376,2
DA:378,2
DA:379,2
DA:380,2
DA:381,2
DA:383,2
DA:384,1
DA:385,1
DA:392,1
DA:393,1
DA:394,1
DA:397,1
DA:398,1
DA:399,1
DA:402,1
DA:403,1
DA:412,1
DA:413,1
DA:439,1
DA:440,0
DA:442,0
DA:449,0
DA:452,1
DA:453,1
DA:462,0
DA:463,0
DA:465,0
DA:466,0
DA:467,0
DA:469,0
DA:470,0
DA:471,0
DA:479,0
DA:480,0
DA:487,0
DA:489,0
DA:490,0
DA:491,0
DA:496,0
DA:497,0
DA:498,0
DA:499,0
DA:500,0
DA:501,0
DA:505,0
DA:506,0
DA:507,0
DA:511,0
DA:518,0
DA:519,0
DA:520,0
DA:526,0
DA:527,0
DA:528,0
DA:535,0
DA:536,0
DA:537,0
DA:538,0
DA:540,0
DA:541,0
DA:542,0
DA:547,0
DA:548,0
DA:550,0
DA:556,0
DA:557,0
DA:563,0
DA:564,0
DA:574,0
DA:575,0
DA:577,0
DA:578,0
DA:579,0
DA:580,0
DA:583,0
DA:584,0
DA:585,0
DA:591,0
DA:592,0
DA:593,0
DA:600,0
DA:601,0
DA:602,0
DA:603,0
DA:610,0
DA:611,0
DA:618,0
DA:620,0
DA:621,0
DA:622,0
DA:628,0
DA:629,0
DA:630,0
DA:631,0
DA:632,0
DA:633,0
DA:634,0
DA:637,0
DA:638,0
DA:640,0
DA:644,0
DA:651,0
DA:652,0
DA:653,0
DA:657,0
DA:664,0
DA:665,0
DA:666,0
DA:667,0
DA:669,0
DA:670,0
DA:672,0
DA:677,0
DA:678,0
DA:680,0
DA:686,0
DA:689,0
DA:690,0
DA:693,0
DA:708,0
DA:711,0
DA:712,0
DA:736,0
DA:737,0
DA:739,0
DA:743,0
DA:749,0
DA:750,0
DA:759,0
DA:760,0
DA:762,0
DA:769,0
DA:770,0
DA:776,0
DA:777,0
DA:778,0
DA:780,0
DA:788,0
DA:789,0
DA:797,2
LF:250
LH:82
BRDA:24,0,0,1
BRDA:24,0,1,1
BRDA:24,1,0,2
BRDA:24,1,1,2
BRDA:24,1,2,1
BRDA:37,2,0,0
BRDA:37,2,1,1
BRDA:82,3,0,0
BRDA:82,3,1,2
BRDA:82,4,0,2
BRDA:82,4,1,2
BRDA:82,4,2,2
BRDA:95,5,0,0
BRDA:95,5,1,2
BRDA:114,6,0,2
BRDA:114,6,1,0
BRDA:115,7,0,2
BRDA:115,7,1,0
BRDA:117,8,0,0
BRDA:117,8,1,2
BRDA:117,9,0,2
BRDA:117,9,1,2
BRDA:131,10,0,1
BRDA:131,10,1,1
BRDA:201,11,0,0
BRDA:201,11,1,0
BRDA:215,12,0,0
BRDA:215,12,1,0
BRDA:217,13,0,0
BRDA:217,13,1,0
BRDA:266,14,0,0
BRDA:266,14,1,0
BRDA:274,15,0,0
BRDA:274,15,1,0
BRDA:274,16,0,0
BRDA:274,16,1,0
BRDA:274,16,2,0
BRDA:316,17,0,0
BRDA:316,17,1,0
BRDA:316,18,0,0
BRDA:316,18,1,0
BRDA:323,19,0,0
BRDA:323,19,1,0
BRDA:340,20,0,0
BRDA:340,20,1,2
BRDA:358,21,0,0
BRDA:358,21,1,2
BRDA:376,22,0,2
BRDA:376,22,1,1
BRDA:383,23,0,1
BRDA:383,23,1,1
BRDA:469,24,0,0
BRDA:469,24,1,0
BRDA:469,25,0,0
BRDA:469,25,1,0
BRDA:489,26,0,0
BRDA:489,26,1,0
BRDA:505,27,0,0
BRDA:505,27,1,0
BRDA:518,28,0,0
BRDA:518,28,1,0
BRDA:518,29,0,0
BRDA:518,29,1,0
BRDA:526,30,0,0
BRDA:526,30,1,0
BRDA:540,31,0,0
BRDA:540,31,1,0
BRDA:583,32,0,0
BRDA:583,32,1,0
BRDA:583,33,0,0
BRDA:583,33,1,0
BRDA:583,33,2,0
BRDA:591,34,0,0
BRDA:591,34,1,0
BRDA:591,35,0,0
BRDA:591,35,1,0
BRDA:601,36,0,0
BRDA:601,36,1,0
BRDA:620,37,0,0
BRDA:620,37,1,0
BRDA:637,38,0,0
BRDA:637,38,1,0
BRDA:651,39,0,0
BRDA:651,39,1,0
BRDA:669,40,0,0
BRDA:669,40,1,0
BRDA:769,41,0,0
BRDA:769,41,1,0
BRF:88
BRH:24
end_of_record
TN:
SF:controllers\excelReportController.js
FN:6,validateDateFormat
FN:46,compareDates
FN:54,copySheetToWorkbook
FN:59,(anonymous_3)
FN:63,(anonymous_4)
FN:89,(anonymous_5)
FN:105,(anonymous_6)
FN:161,(anonymous_7)
FN:245,(anonymous_8)
FN:308,(anonymous_9)
FNF:10
FNH:5
FNDA:5,validateDateFormat
FNDA:2,compareDates
FNDA:0,copySheetToWorkbook
FNDA:0,(anonymous_3)
FNDA:0,(anonymous_4)
FNDA:0,(anonymous_5)
FNDA:2,(anonymous_6)
FNDA:3,(anonymous_7)
FNDA:2,(anonymous_8)
FNDA:0,(anonymous_9)
DA:2,1
DA:3,1
DA:7,5
DA:8,0
DA:11,5
DA:12,5
DA:14,5
DA:15,1
DA:18,4
DA:21,4
DA:22,0
DA:25,4
DA:26,0
DA:30,4
DA:31,4
DA:32,0
DA:36,4
DA:37,4
DA:38,4
DA:39,0
DA:42,4
DA:47,2
DA:48,0
DA:50,2
DA:55,0
DA:56,0
DA:59,0
DA:60,0
DA:63,0
DA:64,0
DA:65,0
DA:68,0
DA:69,0
DA:71,0
DA:72,0
DA:74,0
DA:75,0
DA:77,0
DA:78,0
DA:80,0
DA:81,0
DA:85,0
DA:89,0
DA:90,0
DA:91,0
DA:95,0
DA:97,0
DA:98,0
DA:106,2
DA:107,2
DA:108,2
DA:111,2
DA:112,0
DA:115,2
DA:116,0
DA:120,2
DA:121,2
DA:122,1
DA:125,2
DA:126,0
DA:129,2
DA:130,1
DA:137,1
DA:143,1
DA:144,1
DA:147,1
DA:149,1
DA:152,0
DA:153,0
DA:162,3
DA:163,3
DA:164,3
DA:167,3
DA:168,0
DA:171,3
DA:172,0
DA:175,3
DA:176,0
DA:184,3
DA:185,3
DA:186,1
DA:194,2
DA:195,2
DA:196,0
DA:204,2
DA:205,2
DA:206,0
DA:214,2
DA:215,2
DA:216,2
DA:217,1
DA:224,1
DA:227,1
DA:228,1
DA:231,1
DA:233,1
DA:236,0
DA:237,0
DA:246,2
DA:247,2
DA:248,2
DA:251,2
DA:252,1
DA:255,2
DA:256,0
DA:260,2
DA:261,2
DA:263,2
DA:264,0
DA:267,2
DA:268,0
DA:271,2
DA:272,0
DA:275,2
DA:276,0
DA:279,2
DA:280,1
DA:287,1
DA:290,1
DA:291,1
DA:294,1
DA:296,1
DA:299,0
DA:300,0
DA:309,0
DA:310,0
DA:311,0
DA:314,0
DA:315,0
DA:318,0
DA:319,0
DA:320,0
DA:323,0
DA:324,0
DA:328,0
DA:329,0
DA:331,0
DA:332,0
DA:333,0
DA:336,0
DA:337,0
DA:340,0
DA:341,0
DA:342,0
DA:343,0
DA:345,0
DA:349,0
DA:350,0
DA:351,0
DA:352,0
DA:354,0
DA:359,0
DA:360,0
DA:361,0
DA:362,0
DA:366,0
DA:367,0
DA:368,0
DA:369,0
DA:374,0
DA:375,0
DA:383,0
DA:386,0
DA:387,0
DA:388,0
DA:389,0
DA:390,0
DA:391,0
DA:392,0
DA:393,0
DA:394,0
DA:396,0
DA:397,0
DA:399,0
DA:402,0
DA:405,0
DA:406,0
DA:407,0
DA:411,0
DA:412,0
DA:413,0
DA:415,0
DA:416,0
DA:417,0
DA:418,0
DA:419,0
DA:422,0
DA:423,0
DA:424,0
DA:425,0
DA:428,0
DA:429,0
DA:430,0
DA:431,0
DA:435,0
DA:436,0
DA:441,0
DA:442,0
DA:443,0
DA:444,0
DA:446,0
DA:448,0
DA:449,0
DA:450,0
DA:451,0
DA:452,0
DA:455,0
DA:456,0
DA:457,0
DA:458,0
DA:462,0
DA:463,0
DA:468,0
DA:469,0
DA:470,0
DA:472,0
DA:473,0
DA:474,0
DA:475,0
DA:476,0
DA:480,0
DA:481,0
DA:486,0
DA:487,0
DA:488,0
DA:489,0
DA:490,0
DA:494,0
DA:495,0
DA:497,0
DA:498,0
DA:501,0
DA:503,0
DA:506,0
DA:507,0
DA:508,0
DA:516,1
LF:237
LH:76
BRDA:7,0,0,0
BRDA:7,0,1,5
BRDA:7,1,0,5
BRDA:7,1,1,5
BRDA:14,2,0,1
BRDA:14,2,1,4
BRDA:21,3,0,0
BRDA:21,3,1,4
BRDA:21,4,0,4
BRDA:21,4,1,4
BRDA:25,5,0,0
BRDA:25,5,1,4
BRDA:25,6,0,4
BRDA:25,6,1,4
BRDA:31,7,0,0
BRDA:31,7,1,4
BRDA:31,8,0,4
BRDA:31,8,1,4
BRDA:31,8,2,4
BRDA:38,9,0,0
BRDA:38,9,1,4
BRDA:47,10,0,0
BRDA:47,10,1,2
BRDA:68,11,0,0
BRDA:68,11,1,0
BRDA:71,12,0,0
BRDA:71,12,1,0
BRDA:74,13,0,0
BRDA:74,13,1,0
BRDA:77,14,0,0
BRDA:77,14,1,0
BRDA:80,15,0,0
BRDA:80,15,1,0
BRDA:90,16,0,0
BRDA:90,16,1,0
BRDA:90,17,0,0
BRDA:90,17,1,0
BRDA:111,18,0,0
BRDA:111,18,1,2
BRDA:111,19,0,2
BRDA:111,19,1,2
BRDA:115,20,0,0
BRDA:115,20,1,2
BRDA:115,21,0,2
BRDA:115,21,1,1
BRDA:121,22,0,1
BRDA:121,22,1,1
BRDA:121,23,0,2
BRDA:121,23,1,2
BRDA:125,24,0,0
BRDA:125,24,1,2
BRDA:125,25,0,2
BRDA:125,25,1,1
BRDA:129,26,0,1
BRDA:129,26,1,1
BRDA:167,27,0,0
BRDA:167,27,1,3
BRDA:171,28,0,0
BRDA:171,28,1,3
BRDA:175,29,0,0
BRDA:175,29,1,3
BRDA:185,30,0,1
BRDA:185,30,1,2
BRDA:195,31,0,0
BRDA:195,31,1,2
BRDA:205,32,0,0
BRDA:205,32,1,2
BRDA:216,33,0,1
BRDA:216,33,1,1
BRDA:247,34,0,0
BRDA:247,35,0,0
BRDA:251,36,0,1
BRDA:251,36,1,1
BRDA:251,37,0,2
BRDA:251,37,1,2
BRDA:255,38,0,0
BRDA:255,38,1,2
BRDA:255,39,0,2
BRDA:255,39,1,2
BRDA:263,40,0,0
BRDA:263,40,1,2
BRDA:267,41,0,0
BRDA:267,41,1,2
BRDA:271,42,0,0
BRDA:271,42,1,2
BRDA:275,43,0,0
BRDA:275,43,1,2
BRDA:279,44,0,1
BRDA:279,44,1,1
BRDA:310,45,0,0
BRDA:314,46,0,0
BRDA:314,46,1,0
BRDA:314,47,0,0
BRDA:314,47,1,0
BRDA:319,48,0,0
BRDA:319,48,1,0
BRDA:323,49,0,0
BRDA:323,49,1,0
BRDA:331,50,0,0
BRDA:331,50,1,0
BRDA:331,51,0,0
BRDA:331,51,1,0
BRDA:332,52,0,0
BRDA:332,52,1,0
BRDA:336,53,0,0
BRDA:336,53,1,0
BRDA:340,54,0,0
BRDA:340,54,1,0
BRDA:342,55,0,0
BRDA:342,55,1,0
BRDA:349,56,0,0
BRDA:349,56,1,0
BRDA:351,57,0,0
BRDA:351,57,1,0
BRDA:359,58,0,0
BRDA:359,58,1,0
BRDA:359,59,0,0
BRDA:359,59,1,0
BRDA:361,60,0,0
BRDA:361,60,1,0
BRDA:368,61,0,0
BRDA:368,61,1,0
BRDA:374,62,0,0
BRDA:374,62,1,0
BRDA:390,63,0,0
BRDA:390,63,1,0
BRDA:391,64,0,0
BRDA:391,64,1,0
BRDA:396,65,0,0
BRDA:396,65,1,0
BRDA:396,66,0,0
BRDA:396,66,1,0
BRDA:415,67,0,0
BRDA:415,67,1,0
BRDA:417,68,0,0
BRDA:417,68,1,0
BRDA:423,69,0,0
BRDA:423,69,1,0
BRDA:429,70,0,0
BRDA:429,70,1,0
BRDA:443,71,0,0
BRDA:443,71,1,0
BRDA:444,72,0,0
BRDA:444,72,1,0
BRDA:448,73,0,0
BRDA:448,73,1,0
BRDA:450,74,0,0
BRDA:450,74,1,0
BRDA:456,75,0,0
BRDA:456,75,1,0
BRDA:472,76,0,0
BRDA:472,76,1,0
BRDA:474,77,0,0
BRDA:474,77,1,0
BRDA:486,78,0,0
BRDA:486,78,1,0
BRF:156
BRH:54
end_of_record
TN:
SF:controllers\inventoryController.js
FN:6,(anonymous_0)
FN:11,(anonymous_1)
FN:55,(anonymous_2)
FN:89,(anonymous_3)
FN:110,(anonymous_4)
FN:177,(anonymous_5)
FN:192,(anonymous_6)
FN:202,(anonymous_7)
FN:349,(anonymous_8)
FN:459,(anonymous_9)
FN:598,(anonymous_10)
FN:608,(anonymous_11)
FN:618,(anonymous_12)
FN:776,(anonymous_13)
FN:821,(anonymous_14)
FN:831,(anonymous_15)
FN:841,(anonymous_16)
FN:942,(anonymous_17)
FN:1057,(anonymous_18)
FNF:19
FNH:6
FNDA:2,(anonymous_0)
FNDA:1,(anonymous_1)
FNDA:0,(anonymous_2)
FNDA:0,(anonymous_3)
FNDA:0,(anonymous_4)
FNDA:0,(anonymous_5)
FNDA:0,(anonymous_6)
FNDA:3,(anonymous_7)
FNDA:2,(anonymous_8)
FNDA:2,(anonymous_9)
FNDA:0,(anonymous_10)
FNDA:0,(anonymous_11)
FNDA:2,(anonymous_12)
FNDA:0,(anonymous_13)
FNDA:0,(anonymous_14)
FNDA:0,(anonymous_15)
FNDA:0,(anonymous_16)
FNDA:0,(anonymous_17)
FNDA:0,(anonymous_18)
DA:1,2
DA:2,2
DA:3,2
DA:6,2
DA:7,2
DA:11,2
DA:12,1
DA:13,1
DA:15,1
DA:17,1
DA:23,1
DA:24,0
DA:25,0
DA:28,0
DA:29,0
DA:42,0
DA:43,0
DA:46,0
DA:48,1
DA:50,1
DA:55,2
DA:56,0
DA:58,0
DA:62,0
DA:63,0
DA:66,0
DA:70,0
DA:71,0
DA:72,0
DA:75,0
DA:76,0
DA:77,0
DA:80,0
DA:81,0
DA:84,0
DA:89,2
DA:90,0
DA:92,0
DA:94,0
DA:110,0
DA:111,0
DA:112,0
DA:114,0
DA:125,0
DA:134,0
DA:136,0
DA:144,0
DA:151,0
DA:154,0
DA:155,0
DA:170,0
DA:178,0
DA:179,0
DA:180,0
DA:181,0
DA:184,0
DA:185,0
DA:187,0
DA:193,0
DA:194,0
DA:195,0
DA:197,0
DA:203,3
DA:204,3
DA:205,3
DA:208,3
DA:209,0
DA:212,3
DA:213,0
DA:216,3
DA:217,0
DA:220,3
DA:221,0
DA:224,3
DA:225,0
DA:229,3
DA:230,0
DA:233,3
DA:234,1
DA:237,3
DA:238,1
DA:241,3
DA:242,1
DA:245,3
DA:246,1
DA:250,3
DA:251,2
DA:252,0
DA:254,2
DA:255,0
DA:259,3
DA:260,2
DA:261,0
DA:263,2
DA:264,0
DA:268,3
DA:269,0
DA:272,3
DA:273,0
DA:277,3
DA:278,2
DA:279,0
DA:280,2
DA:281,0
DA:282,2
DA:283,0
DA:288,3
DA:289,1
DA:290,0
DA:291,1
DA:292,0
DA:293,1
DA:294,0
DA:298,3
DA:299,1
DA:300,0
DA:301,1
DA:302,0
DA:303,1
DA:304,0
DA:309,3
DA:310,1
DA:318,2
DA:319,2
DA:320,1
DA:327,1
DA:338,1
DA:344,0
DA:350,2
DA:351,2
DA:352,2
DA:355,2
DA:356,0
DA:359,2
DA:360,0
DA:363,2
DA:364,0
DA:367,2
DA:368,0
DA:371,2
DA:372,0
DA:376,2
DA:377,2
DA:378,0
DA:379,2
DA:380,0
DA:381,2
DA:382,0
DA:387,2
DA:388,0
DA:391,2
DA:392,0
DA:395,2
DA:396,0
DA:399,2
DA:400,0
DA:403,2
DA:404,0
DA:412,2
DA:413,2
DA:414,0
DA:420,2
DA:421,1
DA:428,1
DA:429,1
DA:430,0
DA:436,1
DA:448,1
DA:454,0
DA:460,2
DA:461,2
DA:462,2
DA:465,2
DA:466,0
DA:469,2
DA:470,0
DA:473,2
DA:474,0
DA:477,2
DA:478,0
DA:482,2
DA:483,2
DA:484,0
DA:485,2
DA:486,0
DA:487,2
DA:488,0
DA:493,2
DA:494,0
DA:497,2
DA:498,0
DA:501,2
DA:502,0
DA:505,2
DA:506,0
DA:509,2
DA:510,0
DA:518,2
DA:520,2
DA:521,0
DA:528,2
DA:529,2
DA:530,0
DA:536,2
DA:537,0
DA:544,2
DA:545,1
DA:552,1
DA:553,1
DA:554,0
DA:560,1
DA:573,1
DA:578,1
DA:579,1
DA:580,0
DA:581,0
DA:582,0
DA:584,0
DA:587,1
DA:593,0
DA:599,0
DA:600,0
DA:601,0
DA:603,0
DA:609,0
DA:610,0
DA:611,0
DA:613,0
DA:619,2
DA:620,2
DA:621,2
DA:622,2
DA:625,2
DA:626,0
DA:633,2
DA:634,0
DA:637,2
DA:638,0
DA:641,2
DA:642,0
DA:645,2
DA:646,0
DA:649,2
DA:650,0
DA:654,2
DA:655,0
DA:658,2
DA:659,0
DA:662,2
DA:663,0
DA:667,2
DA:668,0
DA:671,2
DA:672,0
DA:675,2
DA:676,0
DA:679,2
DA:680,0
DA:683,2
DA:684,0
DA:687,2
DA:688,0
DA:692,2
DA:693,1
DA:694,0
DA:695,1
DA:696,0
DA:697,1
DA:698,0
DA:703,2
DA:704,0
DA:705,0
DA:706,0
DA:707,0
DA:708,0
DA:709,0
DA:713,2
DA:714,1
DA:715,0
DA:716,1
DA:717,0
DA:718,1
DA:719,0
DA:723,2
DA:724,0
DA:732,2
DA:733,2
DA:734,1
DA:741,1
DA:742,0
DA:743,0
DA:744,0
DA:752,1
DA:763,1
DA:765,1
DA:771,0
DA:777,0
DA:778,0
DA:781,0
DA:782,0
DA:789,0
DA:791,0
DA:792,0
DA:798,0
DA:801,0
DA:802,0
DA:810,0
DA:811,0
DA:816,0
DA:822,0
DA:823,0
DA:824,0
DA:826,0
DA:832,0
DA:833,0
DA:834,0
DA:836,0
DA:842,0
DA:843,0
DA:844,0
DA:847,0
DA:848,0
DA:851,0
DA:852,0
DA:855,0
DA:856,0
DA:859,0
DA:860,0
DA:863,0
DA:864,0
DA:868,0
DA:869,0
DA:873,0
DA:874,0
DA:875,0
DA:877,0
DA:878,0
DA:882,0
DA:883,0
DA:886,0
DA:887,0
DA:890,0
DA:891,0
DA:895,0
DA:896,0
DA:897,0
DA:898,0
DA:902,0
DA:903,0
DA:906,0
DA:907,0
DA:915,0
DA:916,0
DA:917,0
DA:923,0
DA:931,0
DA:937,0
DA:943,0
DA:944,0
DA:945,0
DA:946,0
DA:949,0
DA:950,0
DA:957,0
DA:958,0
DA:961,0
DA:962,0
DA:965,0
DA:966,0
DA:969,0
DA:970,0
DA:973,0
DA:974,0
DA:978,0
DA:979,0
DA:982,0
DA:983,0
DA:986,0
DA:987,0
DA:990,0
DA:991,0
DA:994,0
DA:995,0
DA:999,0
DA:1000,0
DA:1001,0
DA:1002,0
DA:1006,0
DA:1007,0
DA:1010,0
DA:1011,0
DA:1019,0
DA:1020,0
DA:1021,0
DA:1028,0
DA:1029,0
DA:1030,0
DA:1031,0
DA:1038,0
DA:1046,0
DA:1052,0
DA:1058,0
DA:1059,0
DA:1061,0
DA:1062,0
DA:1064,0
DA:1065,0
DA:1066,0
DA:1069,0
DA:1070,0
DA:1071,0
DA:1073,0
DA:1075,0
DA:1082,0
DA:1087,0
DA:1099,0
DA:1100,0
DA:1108,2
LF:418
LH:151
BRDA:23,0,0,0
BRDA:23,0,1,0
BRDA:28,1,0,0
BRDA:28,1,1,0
BRDA:42,2,0,0
BRDA:42,2,1,0
BRDA:62,3,0,0
BRDA:62,3,1,0
BRDA:70,4,0,0
BRDA:70,4,1,0
BRDA:111,5,0,0
BRDA:111,5,1,0
BRDA:112,6,0,0
BRDA:112,6,1,0
BRDA:165,7,0,0
BRDA:165,7,1,0
BRDA:180,8,0,0
BRDA:180,8,1,0
BRDA:208,9,0,0
BRDA:208,9,1,3
BRDA:208,10,0,3
BRDA:208,10,1,3
BRDA:212,11,0,0
BRDA:212,11,1,3
BRDA:212,12,0,3
BRDA:212,12,1,2
BRDA:216,13,0,0
BRDA:216,13,1,3
BRDA:216,14,0,3
BRDA:216,14,1,1
BRDA:216,14,2,1
BRDA:220,15,0,0
BRDA:220,15,1,3
BRDA:220,16,0,3
BRDA:220,16,1,2
BRDA:224,17,0,0
BRDA:224,17,1,3
BRDA:224,18,0,3
BRDA:224,18,1,2
BRDA:229,19,0,0
BRDA:229,19,1,3
BRDA:229,20,0,3
BRDA:229,20,1,3
BRDA:229,20,2,3
BRDA:233,21,0,1
BRDA:233,21,1,2
BRDA:233,22,0,3
BRDA:233,22,1,2
BRDA:233,22,2,2
BRDA:237,23,0,1
BRDA:237,23,1,2
BRDA:237,24,0,3
BRDA:237,24,1,2
BRDA:237,24,2,2
BRDA:241,25,0,1
BRDA:241,25,1,2
BRDA:241,26,0,3
BRDA:241,26,1,2
BRDA:241,26,2,2
BRDA:245,27,0,1
BRDA:245,27,1,2
BRDA:245,28,0,3
BRDA:245,28,1,2
BRDA:250,29,0,2
BRDA:250,29,1,1
BRDA:250,30,0,3
BRDA:250,30,1,2
BRDA:251,31,0,0
BRDA:251,31,1,2
BRDA:254,32,0,0
BRDA:254,32,1,2
BRDA:259,33,0,2
BRDA:259,33,1,1
BRDA:259,34,0,3
BRDA:259,34,1,2
BRDA:260,35,0,0
BRDA:260,35,1,2
BRDA:263,36,0,0
BRDA:263,36,1,2
BRDA:268,37,0,0
BRDA:268,37,1,3
BRDA:268,38,0,3
BRDA:268,38,1,3
BRDA:268,38,2,3
BRDA:272,39,0,0
BRDA:272,39,1,3
BRDA:272,40,0,3
BRDA:272,40,1,1
BRDA:272,40,2,1
BRDA:277,41,0,2
BRDA:277,41,1,1
BRDA:277,42,0,3
BRDA:277,42,1,2
BRDA:278,43,0,0
BRDA:278,43,1,2
BRDA:280,44,0,0
BRDA:280,44,1,2
BRDA:282,45,0,0
BRDA:282,45,1,2
BRDA:288,46,0,1
BRDA:288,46,1,2
BRDA:288,47,0,3
BRDA:288,47,1,1
BRDA:289,48,0,0
BRDA:289,48,1,1
BRDA:291,49,0,0
BRDA:291,49,1,1
BRDA:293,50,0,0
BRDA:293,50,1,1
BRDA:298,51,0,1
BRDA:298,51,1,2
BRDA:298,52,0,3
BRDA:298,52,1,1
BRDA:299,53,0,0
BRDA:299,53,1,1
BRDA:301,54,0,0
BRDA:301,54,1,1
BRDA:303,55,0,0
BRDA:303,55,1,1
BRDA:309,56,0,1
BRDA:309,56,1,2
BRDA:319,57,0,1
BRDA:319,57,1,1
BRDA:330,58,0,1
BRDA:330,58,1,0
BRDA:334,59,0,1
BRDA:334,59,1,0
BRDA:335,60,0,1
BRDA:335,60,1,0
BRDA:355,61,0,0
BRDA:355,61,1,2
BRDA:359,62,0,0
BRDA:359,62,1,2
BRDA:363,63,0,0
BRDA:363,63,1,2
BRDA:363,64,0,2
BRDA:363,64,1,2
BRDA:367,65,0,0
BRDA:367,65,1,2
BRDA:367,66,0,2
BRDA:367,66,1,2
BRDA:371,67,0,0
BRDA:371,67,1,2
BRDA:376,68,0,2
BRDA:376,68,1,0
BRDA:376,69,0,2
BRDA:376,69,1,2
BRDA:377,70,0,0
BRDA:377,70,1,2
BRDA:379,71,0,0
BRDA:379,71,1,2
BRDA:381,72,0,0
BRDA:381,72,1,2
BRDA:387,73,0,0
BRDA:387,73,1,2
BRDA:387,74,0,2
BRDA:387,74,1,2
BRDA:391,75,0,0
BRDA:391,75,1,2
BRDA:391,76,0,2
BRDA:391,76,1,0
BRDA:395,77,0,0
BRDA:395,77,1,2
BRDA:395,78,0,2
BRDA:395,78,1,2
BRDA:399,79,0,0
BRDA:399,79,1,2
BRDA:399,80,0,2
BRDA:399,80,1,0
BRDA:403,81,0,0
BRDA:403,81,1,2
BRDA:413,82,0,0
BRDA:413,82,1,2
BRDA:420,83,0,1
BRDA:420,83,1,1
BRDA:429,84,0,0
BRDA:429,84,1,1
BRDA:441,85,0,0
BRDA:441,85,1,1
BRDA:445,86,0,0
BRDA:445,86,1,1
BRDA:465,87,0,0
BRDA:465,87,1,2
BRDA:469,88,0,0
BRDA:469,88,1,2
BRDA:473,89,0,0
BRDA:473,89,1,2
BRDA:473,90,0,2
BRDA:473,90,1,2
BRDA:477,91,0,0
BRDA:477,91,1,2
BRDA:477,92,0,2
BRDA:477,92,1,2
BRDA:482,93,0,2
BRDA:482,93,1,0
BRDA:482,94,0,2
BRDA:482,94,1,2
BRDA:483,95,0,0
BRDA:483,95,1,2
BRDA:485,96,0,0
BRDA:485,96,1,2
BRDA:487,97,0,0
BRDA:487,97,1,2
BRDA:493,98,0,0
BRDA:493,98,1,2
BRDA:493,99,0,2
BRDA:493,99,1,2
BRDA:497,100,0,0
BRDA:497,100,1,2
BRDA:497,101,0,2
BRDA:497,101,1,0
BRDA:501,102,0,0
BRDA:501,102,1,2
BRDA:501,103,0,2
BRDA:501,103,1,2
BRDA:505,104,0,0
BRDA:505,104,1,2
BRDA:505,105,0,2
BRDA:505,105,1,0
BRDA:509,106,0,0
BRDA:509,106,1,2
BRDA:518,107,0,2
BRDA:518,107,1,0
BRDA:520,108,0,0
BRDA:520,108,1,2
BRDA:529,109,0,0
BRDA:529,109,1,2
BRDA:536,110,0,0
BRDA:536,110,1,2
BRDA:544,111,0,1
BRDA:544,111,1,1
BRDA:553,112,0,0
BRDA:553,112,1,1
BRDA:565,113,0,0
BRDA:565,113,1,1
BRDA:569,114,0,0
BRDA:569,114,1,1
BRDA:579,115,0,0
BRDA:579,115,1,1
BRDA:582,116,0,0
BRDA:582,116,1,0
BRDA:625,117,0,0
BRDA:625,117,1,2
BRDA:625,118,0,2
BRDA:625,118,1,2
BRDA:633,119,0,0
BRDA:633,119,1,2
BRDA:633,120,0,2
BRDA:633,120,1,0
BRDA:637,121,0,0
BRDA:637,121,1,2
BRDA:637,122,0,2
BRDA:637,122,1,2
BRDA:641,123,0,0
BRDA:641,123,1,2
BRDA:641,124,0,2
BRDA:641,124,1,0
BRDA:641,124,2,0
BRDA:645,125,0,0
BRDA:645,125,1,2
BRDA:645,126,0,2
BRDA:645,126,1,1
BRDA:649,127,0,0
BRDA:649,127,1,2
BRDA:649,128,0,2
BRDA:649,128,1,1
BRDA:654,129,0,0
BRDA:654,129,1,2
BRDA:654,130,0,2
BRDA:654,130,1,2
BRDA:654,130,2,2
BRDA:654,130,3,2
BRDA:658,131,0,0
BRDA:658,131,1,2
BRDA:658,132,0,2
BRDA:658,132,1,1
BRDA:658,132,2,1
BRDA:658,132,3,1
BRDA:662,133,0,0
BRDA:662,133,1,2
BRDA:662,134,0,2
BRDA:662,134,1,1
BRDA:662,134,2,1
BRDA:662,134,3,1
BRDA:667,135,0,0
BRDA:667,135,1,2
BRDA:667,136,0,2
BRDA:667,136,1,2
BRDA:667,136,2,2
BRDA:671,137,0,0
BRDA:671,137,1,2
BRDA:671,138,0,2
BRDA:671,138,1,2
BRDA:671,138,2,2
BRDA:675,139,0,0
BRDA:675,139,1,2
BRDA:675,140,0,2
BRDA:675,140,1,0
BRDA:675,140,2,0
BRDA:679,141,0,0
BRDA:679,141,1,2
BRDA:679,142,0,2
BRDA:679,142,1,0
BRDA:679,142,2,0
BRDA:683,143,0,0
BRDA:683,143,1,2
BRDA:683,144,0,2
BRDA:683,144,1,1
BRDA:683,144,2,1
BRDA:687,145,0,0
BRDA:687,145,1,2
BRDA:687,146,0,2
BRDA:687,146,1,1
BRDA:687,146,2,1
BRDA:692,147,0,1
BRDA:692,147,1,1
BRDA:692,148,0,2
BRDA:692,148,1,1
BRDA:693,149,0,0
BRDA:693,149,1,1
BRDA:695,150,0,0
BRDA:695,150,1,1
BRDA:697,151,0,0
BRDA:697,151,1,1
BRDA:703,152,0,0
BRDA:703,152,1,2
BRDA:703,153,0,2
BRDA:703,153,1,0
BRDA:704,154,0,0
BRDA:704,154,1,0
BRDA:706,155,0,0
BRDA:706,155,1,0
BRDA:708,156,0,0
BRDA:708,156,1,0
BRDA:713,157,0,1
BRDA:713,157,1,1
BRDA:713,158,0,2
BRDA:713,158,1,1
BRDA:714,159,0,0
BRDA:714,159,1,1
BRDA:716,160,0,0
BRDA:716,160,1,1
BRDA:718,161,0,0
BRDA:718,161,1,1
BRDA:723,162,0,0
BRDA:723,162,1,2
BRDA:733,163,0,1
BRDA:733,163,1,1
BRDA:741,164,0,0
BRDA:741,164,1,1
BRDA:743,165,0,0
BRDA:743,165,1,0
BRDA:753,166,0,0
BRDA:753,166,1,1
BRDA:754,167,0,1
BRDA:754,167,1,0
BRDA:755,168,0,0
BRDA:755,168,1,1
BRDA:756,169,0,1
BRDA:756,169,1,0
BRDA:757,170,0,1
BRDA:757,170,1,0
BRDA:758,171,0,1
BRDA:758,171,1,0
BRDA:759,172,0,1
BRDA:759,172,1,0
BRDA:760,173,0,0
BRDA:760,173,1,1
BRDA:781,174,0,0
BRDA:781,174,1,0
BRDA:781,175,0,0
BRDA:781,175,1,0
BRDA:791,176,0,0
BRDA:791,176,1,0
BRDA:801,177,0,0
BRDA:801,177,1,0
BRDA:847,178,0,0
BRDA:847,178,1,0
BRDA:847,179,0,0
BRDA:847,179,1,0
BRDA:851,180,0,0
BRDA:851,180,1,0
BRDA:851,181,0,0
BRDA:851,181,1,0
BRDA:851,181,2,0
BRDA:855,182,0,0
BRDA:855,182,1,0
BRDA:855,183,0,0
BRDA:855,183,1,0
BRDA:855,183,2,0
BRDA:859,184,0,0
BRDA:859,184,1,0
BRDA:859,185,0,0
BRDA:859,185,1,0
BRDA:859,185,2,0
BRDA:863,186,0,0
BRDA:863,186,1,0
BRDA:863,187,0,0
BRDA:863,187,1,0
BRDA:863,187,2,0
BRDA:868,188,0,0
BRDA:868,188,1,0
BRDA:868,189,0,0
BRDA:868,189,1,0
BRDA:868,189,2,0
BRDA:873,190,0,0
BRDA:873,190,1,0
BRDA:873,191,0,0
BRDA:873,191,1,0
BRDA:874,192,0,0
BRDA:874,192,1,0
BRDA:877,193,0,0
BRDA:877,193,1,0
BRDA:882,194,0,0
BRDA:882,194,1,0
BRDA:882,195,0,0
BRDA:882,195,1,0
BRDA:882,195,2,0
BRDA:886,196,0,0
BRDA:886,196,1,0
BRDA:886,197,0,0
BRDA:886,197,1,0
BRDA:886,197,2,0
BRDA:890,198,0,0
BRDA:890,198,1,0
BRDA:890,199,0,0
BRDA:890,199,1,0
BRDA:890,199,2,0
BRDA:895,200,0,0
BRDA:895,200,1,0
BRDA:895,201,0,0
BRDA:895,201,1,0
BRDA:895,201,2,0
BRDA:897,202,0,0
BRDA:897,202,1,0
BRDA:902,203,0,0
BRDA:902,203,1,0
BRDA:902,204,0,0
BRDA:902,204,1,0
BRDA:902,204,2,0
BRDA:906,205,0,0
BRDA:906,205,1,0
BRDA:916,206,0,0
BRDA:916,206,1,0
BRDA:925,207,0,0
BRDA:925,207,1,0
BRDA:925,208,0,0
BRDA:925,208,1,0
BRDA:926,209,0,0
BRDA:926,209,1,0
BRDA:926,210,0,0
BRDA:926,210,1,0
BRDA:927,211,0,0
BRDA:927,211,1,0
BRDA:927,212,0,0
BRDA:927,212,1,0
BRDA:928,213,0,0
BRDA:928,213,1,0
BRDA:928,214,0,0
BRDA:928,214,1,0
BRDA:949,215,0,0
BRDA:949,215,1,0
BRDA:949,216,0,0
BRDA:949,216,1,0
BRDA:957,217,0,0
BRDA:957,217,1,0
BRDA:957,218,0,0
BRDA:957,218,1,0
BRDA:961,219,0,0
BRDA:961,219,1,0
BRDA:961,220,0,0
BRDA:961,220,1,0
BRDA:961,220,2,0
BRDA:965,221,0,0
BRDA:965,221,1,0
BRDA:965,222,0,0
BRDA:965,222,1,0
BRDA:965,222,2,0
BRDA:969,223,0,0
BRDA:969,223,1,0
BRDA:969,224,0,0
BRDA:969,224,1,0
BRDA:969,224,2,0
BRDA:973,225,0,0
BRDA:973,225,1,0
BRDA:973,226,0,0
BRDA:973,226,1,0
BRDA:973,226,2,0
BRDA:978,227,0,0
BRDA:978,227,1,0
BRDA:978,228,0,0
BRDA:978,228,1,0
BRDA:978,228,2,0
BRDA:982,229,0,0
BRDA:982,229,1,0
BRDA:982,230,0,0
BRDA:982,230,1,0
BRDA:982,230,2,0
BRDA:986,231,0,0
BRDA:986,231,1,0
BRDA:986,232,0,0
BRDA:986,232,1,0
BRDA:986,232,2,0
BRDA:990,233,0,0
BRDA:990,233,1,0
BRDA:990,234,0,0
BRDA:990,234,1,0
BRDA:990,234,2,0
BRDA:994,235,0,0
BRDA:994,235,1,0
BRDA:994,236,0,0
BRDA:994,236,1,0
BRDA:994,236,2,0
BRDA:999,237,0,0
BRDA:999,237,1,0
BRDA:999,238,0,0
BRDA:999,238,1,0
BRDA:999,238,2,0
BRDA:1001,239,0,0
BRDA:1001,239,1,0
BRDA:1006,240,0,0
BRDA:1006,240,1,0
BRDA:1006,241,0,0
BRDA:1006,241,1,0
BRDA:1006,241,2,0
BRDA:1010,242,0,0
BRDA:1010,242,1,0
BRDA:1020,243,0,0
BRDA:1020,243,1,0
BRDA:1028,244,0,0
BRDA:1028,244,1,0
BRDA:1030,245,0,0
BRDA:1030,245,1,0
BRDA:1039,246,0,0
BRDA:1039,246,1,0
BRDA:1039,247,0,0
BRDA:1039,247,1,0
BRDA:1040,248,0,0
BRDA:1040,248,1,0
BRDA:1040,249,0,0
BRDA:1040,249,1,0
BRDA:1041,250,0,0
BRDA:1041,250,1,0
BRDA:1041,251,0,0
BRDA:1041,251,1,0
BRDA:1042,252,0,0
BRDA:1042,252,1,0
BRDA:1042,253,0,0
BRDA:1042,253,1,0
BRDA:1043,254,0,0
BRDA:1043,254,1,0
BRDA:1043,255,0,0
BRDA:1043,255,1,0
BRDA:1059,256,0,0
BRDA:1059,257,0,0
BRDA:1064,258,0,0
BRDA:1064,258,1,0
BRDA:1085,259,0,0
BRDA:1085,259,1,0
BRF:559
BRH:233
end_of_record
TN:
SF:controllers\locationController.js
FN:6,(anonymous_0)
FN:70,(anonymous_1)
FN:123,(anonymous_2)
FN:162,(anonymous_3)
FN:190,(anonymous_4)
FN:194,(anonymous_5)
FN:230,(anonymous_6)
FNF:7
FNH:3
FNDA:2,(anonymous_0)
FNDA:2,(anonymous_1)
FNDA:2,(anonymous_2)
FNDA:0,(anonymous_3)
FNDA:0,(anonymous_4)
FNDA:0,(anonymous_5)
FNDA:0,(anonymous_6)
DA:1,2
DA:7,2
DA:8,2
DA:9,2
DA:11,2
DA:12,0
DA:18,2
DA:20,0
DA:26,2
DA:27,1
DA:33,1
DA:42,1
DA:43,0
DA:49,1
DA:61,0
DA:62,0
DA:71,2
DA:72,2
DA:73,2
DA:74,2
DA:76,2
DA:78,2
DA:85,2
DA:87,2
DA:88,0
DA:94,2
DA:96,2
DA:97,1
DA:103,1
DA:114,0
DA:115,0
DA:124,2
DA:125,2
DA:126,2
DA:127,2
DA:129,2
DA:130,1
DA:136,1
DA:138,1
DA:145,1
DA:153,0
DA:154,0
DA:163,0
DA:164,0
DA:165,0
DA:166,0
DA:168,0
DA:169,0
DA:175,0
DA:176,0
DA:178,0
DA:179,0
DA:185,0
DA:189,0
DA:190,0
DA:191,0
DA:194,0
DA:195,0
DA:196,0
DA:197,0
DA:198,0
DA:199,0
DA:201,0
DA:205,0
DA:221,0
DA:222,0
DA:231,0
DA:232,0
DA:233,0
DA:234,0
DA:236,0
DA:238,0
DA:247,0
DA:248,0
DA:254,0
DA:260,0
DA:261,0
DA:269,2
LF:78
LH:33
BRDA:11,0,0,0
BRDA:11,0,1,2
BRDA:11,1,0,2
BRDA:11,1,1,2
BRDA:18,2,0,0
BRDA:18,2,1,2
BRDA:18,3,0,2
BRDA:18,3,1,2
BRDA:18,3,2,2
BRDA:18,3,3,2
BRDA:26,4,0,1
BRDA:26,4,1,1
BRDA:26,5,0,2
BRDA:26,5,1,2
BRDA:26,5,2,1
BRDA:26,5,3,1
BRDA:39,6,0,1
BRDA:39,6,1,0
BRDA:39,7,0,1
BRDA:39,7,1,0
BRDA:42,8,0,0
BRDA:42,8,1,1
BRDA:55,9,0,1
BRDA:55,9,1,0
BRDA:87,10,0,0
BRDA:87,10,1,2
BRDA:96,11,0,1
BRDA:96,11,1,1
BRDA:96,12,0,2
BRDA:96,12,1,1
BRDA:108,13,0,1
BRDA:108,13,1,0
BRDA:109,14,0,1
BRDA:109,14,1,0
BRDA:129,15,0,1
BRDA:129,15,1,1
BRDA:136,16,0,0
BRDA:168,17,0,0
BRDA:168,17,1,0
BRDA:175,18,0,0
BRDA:178,19,0,0
BRDA:178,19,1,0
BRDA:178,20,0,0
BRDA:178,20,1,0
BRDA:191,21,0,0
BRDA:191,21,1,0
BRDA:196,22,0,0
BRDA:196,22,1,0
BRDA:212,23,0,0
BRDA:212,23,1,0
BRDA:247,24,0,0
BRDA:247,24,1,0
BRF:52
BRH:27
end_of_record
TN:
SF:controllers\login.js
FNF:0
FNH:0
LF:0
LH:0
BRF:0
BRH:0
end_of_record
TN:
SF:controllers\notificationController.js
FN:4,(anonymous_0)
FN:49,(anonymous_1)
FN:65,(anonymous_2)
FN:79,(anonymous_3)
FN:96,(anonymous_4)
FN:117,(anonymous_5)
FNF:6
FNH:0
FNDA:0,(anonymous_0)
FNDA:0,(anonymous_1)
FNDA:0,(anonymous_2)
FNDA:0,(anonymous_3)
FNDA:0,(anonymous_4)
FNDA:0,(anonymous_5)
DA:1,1
DA:2,1
DA:4,1
DA:5,0
DA:6,0
DA:7,0
DA:9,0
DA:10,0
DA:11,0
DA:13,0
DA:14,0
DA:15,0
DA:18,0
DA:19,0
DA:20,0
DA:22,0
DA:28,0
DA:33,0
DA:44,0
DA:45,0
DA:49,1
DA:50,0
DA:51,0
DA:53,0
DA:58,0
DA:60,0
DA:61,0
DA:65,1
DA:66,0
DA:67,0
DA:72,0
DA:74,0
DA:75,0
DA:79,1
DA:80,0
DA:81,0
DA:86,0
DA:91,0
DA:92,0
DA:96,1
DA:97,0
DA:98,0
DA:100,0
DA:109,0
DA:111,0
DA:112,0
DA:117,1
DA:118,0
DA:119,0
DA:127,0
DA:129,0
DA:130,0
LF:52
LH:8
BRDA:6,0,0,0
BRDA:6,1,0,0
BRDA:6,2,0,0
BRDA:13,3,0,0
BRDA:13,3,1,0
BRF:5
BRH:0
end_of_record
TN:
SF:controllers\paymentsController.js
FN:16,(anonymous_0)
FN:38,(anonymous_1)
FN:43,(anonymous_2)
FN:86,(anonymous_3)
FN:120,(anonymous_4)
FN:185,(anonymous_5)
FN:207,(anonymous_6)
FN:374,(anonymous_7)
FN:389,(anonymous_8)
FN:415,(anonymous_9)
FN:479,(anonymous_10)
FN:615,(anonymous_11)
FN:681,(anonymous_12)
FN:775,(anonymous_13)
FN:825,(anonymous_14)
FN:889,(anonymous_15)
FN:947,(anonymous_16)
FNF:17
FNH:9
FNDA:1,(anonymous_0)
FNDA:3,(anonymous_1)
FNDA:1,(anonymous_2)
FNDA:0,(anonymous_3)
FNDA:0,(anonymous_4)
FNDA:1,(anonymous_5)
FNDA:2,(anonymous_6)
FNDA:1,(anonymous_7)
FNDA:1,(anonymous_8)
FNDA:0,(anonymous_9)
FNDA:0,(anonymous_10)
FNDA:0,(anonymous_11)
FNDA:2,(anonymous_12)
FNDA:0,(anonymous_13)
FNDA:2,(anonymous_14)
FNDA:0,(anonymous_15)
FNDA:0,(anonymous_16)
DA:3,2
DA:4,2
DA:5,2
DA:9,2
DA:10,2
DA:11,2
DA:16,2
DA:17,1
DA:18,1
DA:20,1
DA:29,1
DA:30,1
DA:32,0
DA:33,0
DA:38,2
DA:39,3
DA:43,2
DA:44,1
DA:45,1
DA:47,1
DA:49,2
DA:55,2
DA:56,2
DA:57,2
DA:60,2
DA:61,0
DA:74,1
DA:75,0
DA:78,1
DA:80,0
DA:86,2
DA:87,0
DA:89,0
DA:93,0
DA:94,0
DA:95,0
DA:98,0
DA:101,0
DA:103,0
DA:120,0
DA:121,0
DA:122,0
DA:124,0
DA:136,0
DA:146,0
DA:154,0
DA:161,0
DA:164,0
DA:165,0
DA:180,0
DA:185,2
DA:186,1
DA:187,1
DA:193,1
DA:198,0
DA:199,0
DA:207,2
DA:208,2
DA:209,2
DA:210,2
DA:213,2
DA:214,0
DA:221,2
DA:224,2
DA:225,3
DA:226,0
DA:228,3
DA:229,0
DA:231,3
DA:232,0
DA:234,3
DA:235,0
DA:239,2
DA:240,0
DA:248,2
DA:249,2
DA:250,2
DA:252,2
DA:253,3
DA:258,3
DA:259,0
DA:265,3
DA:266,3
DA:269,3
DA:270,1
DA:276,2
DA:277,2
DA:279,2
DA:288,2
DA:295,1
DA:297,1
DA:298,0
DA:305,1
DA:311,1
DA:314,1
DA:317,1
DA:343,1
DA:352,1
DA:354,1
DA:355,0
DA:356,0
DA:364,1
DA:369,1
DA:374,1
DA:380,0
DA:381,0
DA:389,2
DA:390,1
DA:391,1
DA:392,2
DA:399,2
DA:407,1
DA:409,0
DA:410,0
DA:415,2
DA:416,0
DA:417,0
DA:418,0
DA:420,0
DA:421,0
DA:424,0
DA:425,0
DA:428,0
DA:429,0
DA:437,0
DA:440,0
DA:448,0
DA:450,0
DA:451,0
DA:458,0
DA:470,0
DA:471,0
DA:479,2
DA:480,0
DA:481,0
DA:482,0
DA:484,0
DA:485,0
DA:488,0
DA:489,0
DA:497,0
DA:502,0
DA:503,0
DA:509,0
DA:511,0
DA:512,0
DA:518,0
DA:519,0
DA:526,0
DA:529,0
DA:537,0
DA:539,0
DA:540,0
DA:541,0
DA:549,0
DA:550,0
DA:553,0
DA:554,0
DA:555,0
DA:557,0
DA:561,0
DA:564,0
DA:573,0
DA:578,0
DA:590,0
DA:595,0
DA:606,0
DA:607,0
DA:615,2
DA:616,0
DA:617,0
DA:618,0
DA:620,0
DA:621,0
DA:624,0
DA:625,0
DA:628,0
DA:629,0
DA:636,0
DA:637,0
DA:638,0
DA:640,0
DA:655,0
DA:660,0
DA:672,0
DA:673,0
DA:681,2
DA:682,2
DA:683,2
DA:684,2
DA:685,2
DA:687,2
DA:688,0
DA:691,2
DA:692,0
DA:695,2
DA:696,0
DA:699,2
DA:700,0
DA:708,2
DA:713,2
DA:714,1
DA:720,1
DA:722,1
DA:723,0
DA:730,1
DA:731,1
DA:732,1
DA:734,0
DA:738,1
DA:741,1
DA:750,1
DA:755,1
DA:766,0
DA:767,0
DA:775,2
DA:776,0
DA:777,0
DA:778,0
DA:780,0
DA:781,0
DA:784,0
DA:785,0
DA:788,0
DA:789,0
DA:797,0
DA:802,0
DA:803,0
DA:809,0
DA:816,0
DA:817,0
DA:825,2
DA:826,2
DA:827,2
DA:828,2
DA:829,2
DA:831,2
DA:832,1
DA:835,2
DA:836,0
DA:839,2
DA:840,1
DA:847,1
DA:848,1
DA:849,1
DA:851,1
DA:863,1
DA:868,1
DA:880,0
DA:881,0
DA:889,2
DA:890,0
DA:891,0
DA:892,0
DA:894,0
DA:895,0
DA:901,0
DA:914,0
DA:915,0
DA:921,0
DA:924,0
DA:925,0
DA:926,0
DA:928,0
DA:932,0
DA:938,0
DA:939,0
DA:947,2
DA:948,0
DA:949,0
DA:951,0
DA:952,0
DA:954,0
DA:955,0
DA:956,0
DA:959,0
DA:960,0
DA:961,0
DA:963,0
DA:965,0
DA:972,0
DA:977,0
DA:989,0
DA:990,0
LF:284
LH:117
BRDA:11,0,0,0
BRDA:11,0,1,2
BRDA:55,1,0,2
BRDA:55,1,1,0
BRDA:60,2,0,0
BRDA:60,2,1,2
BRDA:74,3,0,0
BRDA:74,3,1,1
BRDA:93,4,0,0
BRDA:93,4,1,0
BRDA:121,5,0,0
BRDA:121,5,1,0
BRDA:122,6,0,0
BRDA:122,6,1,0
BRDA:175,7,0,0
BRDA:175,7,1,0
BRDA:213,8,0,0
BRDA:213,8,1,2
BRDA:213,9,0,2
BRDA:213,9,1,2
BRDA:213,9,2,2
BRDA:225,10,0,0
BRDA:225,10,1,3
BRDA:228,11,0,0
BRDA:228,11,1,3
BRDA:228,12,0,3
BRDA:228,12,1,3
BRDA:231,13,0,0
BRDA:231,13,1,3
BRDA:234,14,0,0
BRDA:234,14,1,3
BRDA:239,15,0,0
BRDA:239,15,1,2
BRDA:258,16,0,0
BRDA:258,16,1,3
BRDA:269,17,0,1
BRDA:269,17,1,2
BRDA:297,18,0,0
BRDA:297,18,1,1
BRDA:354,19,0,0
BRDA:354,19,1,1
BRDA:396,20,0,2
BRDA:396,20,1,0
BRDA:396,21,0,2
BRDA:396,21,1,0
BRDA:420,22,0,0
BRDA:420,22,1,0
BRDA:424,23,0,0
BRDA:424,23,1,0
BRDA:424,24,0,0
BRDA:424,24,1,0
BRDA:428,25,0,0
BRDA:428,25,1,0
BRDA:450,26,0,0
BRDA:450,26,1,0
BRDA:484,27,0,0
BRDA:484,27,1,0
BRDA:484,28,0,0
BRDA:484,28,1,0
BRDA:488,29,0,0
BRDA:488,29,1,0
BRDA:502,30,0,0
BRDA:502,30,1,0
BRDA:511,31,0,0
BRDA:511,31,1,0
BRDA:518,32,0,0
BRDA:518,32,1,0
BRDA:539,33,0,0
BRDA:539,33,1,0
BRDA:549,34,0,0
BRDA:549,34,1,0
BRDA:555,35,0,0
BRDA:555,35,1,0
BRDA:617,36,0,0
BRDA:617,37,0,0
BRDA:620,38,0,0
BRDA:620,38,1,0
BRDA:620,39,0,0
BRDA:620,39,1,0
BRDA:624,40,0,0
BRDA:624,40,1,0
BRDA:624,41,0,0
BRDA:624,41,1,0
BRDA:624,41,2,0
BRDA:628,42,0,0
BRDA:628,42,1,0
BRDA:687,43,0,0
BRDA:687,43,1,2
BRDA:687,44,0,2
BRDA:687,44,1,2
BRDA:691,45,0,0
BRDA:691,45,1,2
BRDA:691,46,0,2
BRDA:691,46,1,1
BRDA:695,47,0,0
BRDA:695,47,1,2
BRDA:695,48,0,2
BRDA:695,48,1,1
BRDA:699,49,0,0
BRDA:699,49,1,2
BRDA:713,50,0,1
BRDA:713,50,1,1
BRDA:722,51,0,0
BRDA:722,51,1,1
BRDA:732,52,0,1
BRDA:732,52,1,0
BRDA:747,53,0,1
BRDA:747,53,1,0
BRDA:780,54,0,0
BRDA:780,54,1,0
BRDA:784,55,0,0
BRDA:784,55,1,0
BRDA:784,56,0,0
BRDA:784,56,1,0
BRDA:788,57,0,0
BRDA:788,57,1,0
BRDA:802,58,0,0
BRDA:802,58,1,0
BRDA:828,59,0,0
BRDA:828,60,0,0
BRDA:831,61,0,1
BRDA:831,61,1,1
BRDA:831,62,0,2
BRDA:831,62,1,1
BRDA:835,63,0,0
BRDA:835,63,1,2
BRDA:835,64,0,2
BRDA:835,64,1,2
BRDA:835,64,2,2
BRDA:839,65,0,1
BRDA:839,65,1,1
BRDA:894,66,0,0
BRDA:894,66,1,0
BRDA:894,67,0,0
BRDA:894,67,1,0
BRDA:914,68,0,0
BRDA:914,68,1,0
BRDA:924,69,0,0
BRDA:924,69,1,0
BRDA:949,70,0,0
BRDA:949,71,0,0
BRDA:954,72,0,0
BRDA:954,72,1,0
BRDA:975,73,0,0
BRDA:975,73,1,0
BRF:145
BRH:47
end_of_record
TN:
SF:controllers\preferencesController.js
FN:24,(anonymous_0)
FN:80,(anonymous_1)
FN:155,(anonymous_2)
FN:204,(anonymous_3)
FN:303,(anonymous_4)
FN:366,mergePreferences
FN:369,deepMerge
FN:385,validatePreferences
FNF:8
FNH:8
FNDA:2,(anonymous_0)
FNDA:2,(anonymous_1)
FNDA:1,(anonymous_2)
FNDA:2,(anonymous_3)
FNDA:1,(anonymous_4)
FNDA:5,mergePreferences
FNDA:8,deepMerge
FNDA:2,validatePreferences
DA:1,2
DA:4,2
DA:24,2
DA:25,2
DA:26,2
DA:27,2
DA:29,2
DA:32,2
DA:33,0
DA:34,0
DA:40,2
DA:42,2
DA:47,2
DA:48,0
DA:49,0
DA:55,2
DA:56,2
DA:57,2
DA:60,2
DA:61,2
DA:63,2
DA:65,2
DA:71,0
DA:72,0
DA:80,2
DA:81,2
DA:82,2
DA:83,2
DA:84,2
DA:86,2
DA:87,2
DA:90,2
DA:91,0
DA:92,0
DA:99,2
DA:100,2
DA:101,1
DA:102,1
DA:108,1
DA:111,1
DA:116,1
DA:117,0
DA:118,0
DA:124,1
DA:125,1
DA:128,1
DA:129,1
DA:132,1
DA:137,1
DA:139,1
DA:146,0
DA:147,0
DA:155,2
DA:156,1
DA:157,1
DA:158,1
DA:160,1
DA:163,1
DA:164,0
DA:165,0
DA:171,1
DA:173,1
DA:178,1
DA:179,0
DA:180,0
DA:186,1
DA:188,1
DA:195,0
DA:196,0
DA:204,2
DA:205,2
DA:206,2
DA:207,2
DA:208,2
DA:210,2
DA:211,2
DA:214,2
DA:215,0
DA:216,0
DA:222,2
DA:223,0
DA:224,0
DA:230,2
DA:233,2
DA:238,2
DA:239,0
DA:240,0
DA:246,2
DA:247,2
DA:250,2
DA:253,2
DA:254,0
DA:258,2
DA:259,0
DA:260,0
DA:262,0
DA:263,0
DA:264,0
DA:266,0
DA:269,0
DA:271,2
DA:274,2
DA:277,2
DA:282,2
DA:294,0
DA:295,0
DA:303,2
DA:304,1
DA:305,1
DA:306,1
DA:308,1
DA:311,1
DA:312,0
DA:313,0
DA:319,1
DA:321,1
DA:326,1
DA:327,0
DA:328,0
DA:334,1
DA:335,1
DA:347,1
DA:348,1
DA:350,1
DA:357,0
DA:358,0
DA:367,5
DA:370,8
DA:371,16
DA:372,3
DA:373,3
DA:375,13
DA:380,5
DA:381,5
DA:386,2
DA:388,2
DA:389,5
DA:390,0
DA:395,2
DA:396,1
DA:399,1
DA:400,0
DA:403,1
DA:404,1
DA:405,1
DA:406,0
DA:408,1
DA:409,0
DA:411,1
DA:412,0
DA:416,1
DA:417,0
DA:418,0
DA:419,0
DA:421,0
DA:422,0
DA:424,0
DA:425,0
DA:429,1
DA:430,0
DA:431,0
DA:432,0
DA:434,0
DA:435,0
DA:439,1
LF:165
LH:108
BRDA:32,0,0,0
BRDA:32,0,1,2
BRDA:32,1,0,2
BRDA:32,1,1,2
BRDA:47,2,0,0
BRDA:47,2,1,2
BRDA:60,3,0,2
BRDA:60,3,1,1
BRDA:90,4,0,0
BRDA:90,4,1,2
BRDA:90,5,0,2
BRDA:90,5,1,2
BRDA:100,6,0,1
BRDA:100,6,1,1
BRDA:116,7,0,0
BRDA:116,7,1,1
BRDA:124,8,0,1
BRDA:124,8,1,0
BRDA:163,9,0,0
BRDA:163,9,1,1
BRDA:163,10,0,1
BRDA:163,10,1,1
BRDA:178,11,0,0
BRDA:178,11,1,1
BRDA:214,12,0,0
BRDA:214,12,1,2
BRDA:214,13,0,2
BRDA:214,13,1,2
BRDA:222,14,0,0
BRDA:222,14,1,2
BRDA:222,15,0,2
BRDA:222,15,1,2
BRDA:222,15,2,2
BRDA:238,16,0,0
BRDA:238,16,1,2
BRDA:246,17,0,2
BRDA:246,17,1,0
BRDA:253,18,0,0
BRDA:253,18,1,2
BRDA:258,19,0,0
BRDA:258,19,1,2
BRDA:263,20,0,0
BRDA:263,20,1,0
BRDA:311,21,0,0
BRDA:311,21,1,1
BRDA:311,22,0,1
BRDA:311,22,1,1
BRDA:326,23,0,0
BRDA:326,23,1,1
BRDA:341,24,0,1
BRDA:341,24,1,0
BRDA:371,25,0,3
BRDA:371,25,1,13
BRDA:371,26,0,16
BRDA:371,26,1,16
BRDA:371,26,2,3
BRDA:372,27,0,1
BRDA:372,27,1,2
BRDA:389,28,0,0
BRDA:389,28,1,5
BRDA:395,29,0,1
BRDA:395,29,1,1
BRDA:395,30,0,2
BRDA:395,30,1,2
BRDA:399,31,0,0
BRDA:399,31,1,1
BRDA:399,32,0,1
BRDA:399,32,1,1
BRDA:403,33,0,1
BRDA:403,33,1,0
BRDA:405,34,0,0
BRDA:405,34,1,1
BRDA:405,35,0,1
BRDA:405,35,1,1
BRDA:408,36,0,0
BRDA:408,36,1,1
BRDA:408,37,0,1
BRDA:408,37,1,1
BRDA:411,38,0,0
BRDA:411,38,1,1
BRDA:411,39,0,1
BRDA:411,39,1,1
BRDA:416,40,0,0
BRDA:416,40,1,1
BRDA:418,41,0,0
BRDA:418,41,1,0
BRDA:418,42,0,0
BRDA:418,42,1,0
BRDA:421,43,0,0
BRDA:421,43,1,0
BRDA:421,44,0,0
BRDA:421,44,1,0
BRDA:424,45,0,0
BRDA:424,45,1,0
BRDA:424,46,0,0
BRDA:424,46,1,0
BRDA:429,47,0,0
BRDA:429,47,1,1
BRDA:431,48,0,0
BRDA:431,48,1,0
BRDA:431,49,0,0
BRDA:431,49,1,0
BRDA:434,50,0,0
BRDA:434,50,1,0
BRDA:434,51,0,0
BRDA:434,51,1,0
BRDA:434,51,2,0
BRDA:434,51,3,0
BRF:108
BRH:60
end_of_record
TN:
SF:middlewares\adminMiddleware.js
FN:3,(anonymous_0)
FNF:1
FNH:1
FNDA:16,(anonymous_0)
DA:1,1
DA:3,1
DA:4,16
DA:5,16
DA:6,2
DA:13,14
DA:18,11
DA:19,1
DA:25,10
DA:28,10
DA:29,6
DA:35,4
DA:36,4
DA:39,3
DA:40,3
LF:15
LH:15
BRDA:5,0,0,2
BRDA:5,0,1,14
BRDA:5,1,0,16
BRDA:5,1,1,15
BRDA:18,2,0,1
BRDA:18,2,1,10
BRDA:28,3,0,6
BRDA:28,3,1,4
BRF:8
BRH:8
end_of_record
TN:
SF:middlewares\authMiddleware.js
FN:4,(anonymous_0)
FNF:1
FNH:1
FNDA:30,(anonymous_0)
DA:1,4
DA:2,4
DA:4,4
DA:5,30
DA:6,30
DA:7,30
DA:10,30
DA:26,30
DA:27,14
DA:28,14
DA:31,16
DA:33,16
DA:34,4
DA:35,4
DA:41,12
DA:43,12
DA:44,12
DA:45,12
DA:47,9
DA:54,8
DA:61,8
DA:62,8
DA:64,8
DA:66,4
DA:68,4
DA:69,1
DA:73,3
DA:74,1
DA:79,2
LF:29
LH:29
BRDA:2,0,0,4
BRDA:2,0,1,1
BRDA:7,1,0,14
BRDA:7,1,1,16
BRDA:26,2,0,14
BRDA:26,2,1,16
BRDA:33,3,0,4
BRDA:33,3,1,12
BRDA:33,4,0,16
BRDA:33,4,1,14
BRDA:68,5,0,1
BRDA:68,5,1,3
BRDA:73,6,0,1
BRDA:73,6,1,2
BRF:14
BRH:14
end_of_record
TN:
SF:middlewares\biometricMiddleware.js
FN:4,(anonymous_0)
FN:71,(anonymous_1)
FNF:2
FNH:2
FNDA:15,(anonymous_0)
FNDA:8,(anonymous_1)
DA:1,1
DA:2,1
DA:4,1
DA:5,15
DA:6,15
DA:7,15
DA:9,15
DA:10,3
DA:18,12
DA:20,10
DA:21,3
DA:29,7
DA:34,6
DA:35,3
DA:43,3
DA:48,3
DA:51,3
DA:52,1
DA:60,2
DA:61,2
DA:71,1
DA:72,8
DA:73,8
DA:75,7
DA:81,6
DA:82,5
DA:83,5
DA:86,6
DA:88,2
DA:89,2
DA:90,2
DA:94,1
LF:32
LH:32
BRDA:7,0,0,15
BRDA:7,0,1,13
BRDA:9,1,0,3
BRDA:9,1,1,12
BRDA:20,2,0,3
BRDA:20,2,1,7
BRDA:20,3,0,10
BRDA:20,3,1,8
BRDA:34,4,0,3
BRDA:34,4,1,3
BRDA:34,5,0,6
BRDA:34,5,1,5
BRDA:51,6,0,1
BRDA:51,6,1,2
BRDA:81,7,0,5
BRDA:81,7,1,1
BRDA:83,8,0,5
BRDA:83,8,1,4
BRF:18
BRH:18
end_of_record
TN:
SF:middlewares\notificationMiddleware.js
FN:6,(anonymous_0)
FN:26,(anonymous_1)
FN:51,(anonymous_2)
FNF:3
FNH:3
FNDA:8,(anonymous_0)
FNDA:10,(anonymous_1)
FNDA:9,(anonymous_2)
DA:1,4
DA:4,4
DA:7,8
DA:8,8
DA:21,2
DA:27,10
DA:28,10
DA:38,9
DA:46,2
DA:52,9
DA:53,9
DA:61,2
DA:66,4
LF:13
LH:13
BRF:0
BRH:0
end_of_record
TN:
SF:models\GeoLocation.js
FN:5,(anonymous_0)
FN:10,(anonymous_1)
FN:58,(anonymous_2)
FN:97,(anonymous_3)
FN:136,(anonymous_4)
FN:182,(anonymous_5)
FN:199,(anonymous_6)
FN:209,(anonymous_7)
FN:210,(anonymous_8)
FN:217,(anonymous_9)
FN:222,(anonymous_10)
FN:256,(anonymous_11)
FN:271,(anonymous_12)
FN:307,(anonymous_13)
FNF:14
FNH:14
FNDA:49,(anonymous_0)
FNDA:5,(anonymous_1)
FNDA:6,(anonymous_2)
FNDA:5,(anonymous_3)
FNDA:5,(anonymous_4)
FNDA:3,(anonymous_5)
FNDA:16,(anonymous_6)
FNDA:13,(anonymous_7)
FNDA:20,(anonymous_8)
FNDA:48,(anonymous_9)
FNDA:2,(anonymous_10)
FNDA:3,(anonymous_11)
FNDA:3,(anonymous_12)
FNDA:2,(anonymous_13)
DA:1,1
DA:2,1
DA:6,49
DA:11,5
DA:23,5
DA:26,5
DA:27,1
DA:31,4
DA:42,3
DA:48,3
DA:49,3
DA:52,2
DA:53,2
DA:59,6
DA:60,6
DA:61,3
DA:64,3
DA:68,2
DA:69,1
DA:72,1
DA:83,5
DA:85,5
DA:98,5
DA:99,5
DA:100,1
DA:101,1
DA:104,4
DA:113,3
DA:114,1
DA:117,2
DA:118,2
DA:120,2
DA:130,2
DA:131,2
DA:137,5
DA:138,5
DA:143,4
DA:145,2
DA:148,2
DA:150,2
DA:173,2
DA:176,3
DA:177,3
DA:183,3
DA:184,3
DA:191,2
DA:193,1
DA:194,1
DA:200,16
DA:201,16
DA:203,16
DA:210,20
DA:211,13
DA:218,48
DA:223,2
DA:224,2
DA:229,1
DA:233,1
DA:242,1
DA:250,1
DA:251,1
DA:257,3
DA:258,3
DA:263,2
DA:265,1
DA:266,1
DA:272,3
DA:273,3
DA:278,2
DA:279,2
DA:281,2
DA:282,2
DA:283,2
DA:285,1
DA:289,1
DA:291,1
DA:295,1
DA:299,2
DA:301,1
DA:302,1
DA:308,2
DA:309,2
DA:311,2
DA:313,0
DA:314,0
DA:315,0
DA:318,0
DA:319,0
DA:320,0
DA:321,0
DA:323,0
DA:326,0
DA:327,0
DA:328,0
DA:330,0
DA:333,1
DA:334,1
DA:335,1
DA:338,1
DA:343,1
LF:100
LH:88
BRDA:15,0,0,4
BRDA:16,1,0,4
BRDA:17,2,0,4
BRDA:18,3,0,4
BRDA:19,4,0,4
BRDA:20,5,0,4
BRDA:21,6,0,5
BRDA:22,7,0,4
BRDA:26,8,0,1
BRDA:26,8,1,4
BRDA:48,9,0,3
BRDA:48,9,1,2
BRDA:48,10,0,3
BRDA:48,10,1,2
BRDA:60,11,0,3
BRDA:60,11,1,3
BRDA:60,12,0,6
BRDA:60,12,1,6
BRDA:60,12,2,5
BRDA:60,12,3,4
BRDA:68,13,0,1
BRDA:68,13,1,1
BRDA:69,14,0,1
BRDA:69,14,1,0
BRDA:99,15,0,1
BRDA:99,15,1,4
BRDA:113,16,0,1
BRDA:113,16,1,2
BRDA:113,17,0,3
BRDA:113,17,1,2
BRDA:122,18,0,2
BRDA:122,18,1,1
BRDA:136,19,0,3
BRDA:136,20,0,3
BRDA:143,21,0,2
BRDA:143,21,1,2
BRDA:143,22,0,4
BRDA:143,22,1,3
BRDA:182,23,0,2
BRDA:203,24,0,16
BRDA:203,24,1,15
BRDA:203,24,2,14
BRDA:203,24,3,13
BRDA:203,24,4,11
BRDA:203,24,5,10
BRDA:209,25,0,10
BRDA:211,26,0,9
BRDA:211,26,1,4
BRDA:218,27,0,48
BRDA:218,27,1,3
BRDA:311,28,0,0
BRDA:311,28,1,0
BRDA:311,28,2,0
BRDA:311,28,3,1
BRDA:311,28,4,1
BRDA:319,29,0,0
BRDA:319,29,1,0
BRDA:327,30,0,0
BRDA:327,30,1,0
BRF:59
BRH:51
end_of_record
TN:
SF:models\Usuario.js
FN:5,(anonymous_0)
FN:11,(anonymous_1)
FN:38,(anonymous_2)
FN:43,(anonymous_3)
FN:72,(anonymous_4)
FN:81,(anonymous_5)
FN:109,(anonymous_6)
FN:117,(anonymous_7)
FN:129,(anonymous_8)
FN:157,(anonymous_9)
FN:183,(anonymous_10)
FN:206,(anonymous_11)
FN:215,(anonymous_12)
FN:239,(anonymous_13)
FN:261,(anonymous_14)
FN:274,(anonymous_15)
FN:292,(anonymous_16)
FN:339,(anonymous_17)
FN:357,(anonymous_18)
FN:368,(anonymous_19)
FN:399,(anonymous_20)
FN:446,(anonymous_21)
FN:485,(anonymous_22)
FN:540,(anonymous_23)
FN:574,(anonymous_24)
FN:607,(anonymous_25)
FN:615,(anonymous_26)
FN:627,(anonymous_27)
FN:635,(anonymous_28)
FN:643,(anonymous_29)
FN:651,(anonymous_30)
FN:662,(anonymous_31)
FN:669,(anonymous_32)
FN:684,(anonymous_33)
FN:717,(anonymous_34)
FN:748,(anonymous_35)
FN:794,(anonymous_36)
FN:847,(anonymous_37)
FN:873,(anonymous_38)
FN:894,(anonymous_39)
FN:912,(anonymous_40)
FN:929,(anonymous_41)
FN:934,(anonymous_42)
FN:954,(anonymous_43)
FN:960,(anonymous_44)
FNF:45
FNH:30
FNDA:1,(anonymous_0)
FNDA:74,(anonymous_1)
FNDA:18,(anonymous_2)
FNDA:223,(anonymous_3)
FNDA:1,(anonymous_4)
FNDA:0,(anonymous_5)
FNDA:2,(anonymous_6)
FNDA:2,(anonymous_7)
FNDA:4,(anonymous_8)
FNDA:12,(anonymous_9)
FNDA:0,(anonymous_10)
FNDA:13,(anonymous_11)
FNDA:1,(anonymous_12)
FNDA:2,(anonymous_13)
FNDA:0,(anonymous_14)
FNDA:0,(anonymous_15)
FNDA:0,(anonymous_16)
FNDA:0,(anonymous_17)
FNDA:0,(anonymous_18)
FNDA:12,(anonymous_19)
FNDA:19,(anonymous_20)
FNDA:20,(anonymous_21)
FNDA:17,(anonymous_22)
FNDA:18,(anonymous_23)
FNDA:7,(anonymous_24)
FNDA:5,(anonymous_25)
FNDA:2,(anonymous_26)
FNDA:0,(anonymous_27)
FNDA:2,(anonymous_28)
FNDA:3,(anonymous_29)
FNDA:0,(anonymous_30)
FNDA:0,(anonymous_31)
FNDA:0,(anonymous_32)
FNDA:2,(anonymous_33)
FNDA:1,(anonymous_34)
FNDA:4,(anonymous_35)
FNDA:4,(anonymous_36)
FNDA:3,(anonymous_37)
FNDA:1,(anonymous_38)
FNDA:0,(anonymous_39)
FNDA:0,(anonymous_40)
FNDA:3,(anonymous_41)
FNDA:0,(anonymous_42)
FNDA:1,(anonymous_43)
FNDA:0,(anonymous_44)
DA:1,5
DA:2,5
DA:5,5
DA:6,1
DA:7,1
DA:15,74
DA:16,74
DA:17,74
DA:18,74
DA:19,74
DA:20,74
DA:21,74
DA:22,74
DA:23,74
DA:24,74
DA:25,74
DA:26,74
DA:27,74
DA:30,74
DA:31,74
DA:32,74
DA:33,74
DA:34,74
DA:39,18
DA:44,223
DA:73,1
DA:74,1
DA:76,1
DA:77,1
DA:82,0
DA:84,0
DA:86,0
DA:97,0
DA:98,0
DA:101,0
DA:103,0
DA:104,0
DA:110,2
DA:111,2
DA:117,1
DA:118,2
DA:119,2
DA:120,2
DA:123,1
DA:124,1
DA:130,4
DA:132,4
DA:133,1
DA:136,3
DA:143,2
DA:144,1
DA:147,1
DA:148,1
DA:149,1
DA:151,2
DA:152,2
DA:158,12
DA:160,12
DA:161,2
DA:164,10
DA:169,10
DA:170,4
DA:173,6
DA:174,6
DA:175,6
DA:177,2
DA:178,2
DA:184,0
DA:185,0
DA:192,0
DA:193,0
DA:196,0
DA:197,0
DA:198,0
DA:200,0
DA:201,0
DA:207,13
DA:208,10
DA:209,10
DA:216,1
DA:218,1
DA:224,1
DA:231,1
DA:233,0
DA:234,0
DA:240,2
DA:241,2
DA:249,2
DA:250,1
DA:253,1
DA:255,0
DA:256,0
DA:262,0
DA:263,0
DA:268,0
DA:269,0
DA:275,0
DA:276,0
DA:280,0
DA:281,0
DA:284,0
DA:286,0
DA:287,0
DA:293,0
DA:295,0
DA:296,0
DA:297,0
DA:301,0
DA:302,0
DA:303,0
DA:307,0
DA:308,0
DA:309,0
DA:313,0
DA:314,0
DA:317,0
DA:322,0
DA:323,0
DA:327,0
DA:329,0
DA:330,0
DA:333,0
DA:334,0
DA:340,0
DA:341,0
DA:349,0
DA:351,0
DA:352,0
DA:358,0
DA:359,0
DA:360,0
DA:362,0
DA:363,0
DA:369,12
DA:371,12
DA:372,2
DA:373,2
DA:376,10
DA:377,1
DA:378,1
DA:381,9
DA:382,2
DA:385,9
DA:386,4
DA:390,9
DA:391,9
DA:392,2
DA:395,9
DA:400,19
DA:402,19
DA:403,2
DA:404,2
DA:407,17
DA:408,1
DA:409,1
DA:412,16
DA:414,16
DA:415,1
DA:416,1
DA:419,15
DA:420,2
DA:423,15
DA:424,1
DA:428,15
DA:429,2
DA:433,15
DA:434,1
DA:438,15
DA:439,0
DA:442,15
DA:447,20
DA:449,20
DA:450,2
DA:451,2
DA:454,18
DA:455,1
DA:456,1
DA:459,17
DA:461,17
DA:462,0
DA:463,0
DA:466,17
DA:467,1
DA:470,17
DA:471,4
DA:475,17
DA:476,17
DA:477,17
DA:478,2
DA:481,17
DA:486,17
DA:488,17
DA:489,2
DA:490,2
DA:493,15
DA:494,1
DA:495,1
DA:498,14
DA:499,2
DA:502,14
DA:503,1
DA:506,14
DA:507,1
DA:510,14
DA:511,2
DA:514,14
DA:515,2
DA:518,14
DA:519,2
DA:522,14
DA:523,2
DA:527,14
DA:532,14
DA:533,0
DA:536,14
DA:541,18
DA:543,18
DA:544,2
DA:545,2
DA:548,16
DA:549,1
DA:550,1
DA:553,15
DA:556,15
DA:557,1
DA:558,1
DA:562,14
DA:563,0
DA:564,0
DA:567,14
DA:568,3
DA:571,14
DA:575,7
DA:578,7
DA:581,7
DA:585,7
DA:586,4
DA:587,3
DA:589,3
DA:590,1
DA:594,7
DA:597,7
DA:598,6
DA:599,6
DA:600,6
DA:603,7
DA:608,5
DA:609,4
DA:610,4
DA:616,2
DA:617,2
DA:618,2
DA:619,2
DA:620,2
DA:621,2
DA:622,2
DA:628,0
DA:629,0
DA:631,0
DA:636,2
DA:637,0
DA:639,2
DA:644,3
DA:645,1
DA:647,2
DA:652,0
DA:654,0
DA:655,0
DA:658,0
DA:663,0
DA:664,0
DA:665,0
DA:670,0
DA:671,0
DA:678,0
DA:679,0
DA:685,2
DA:686,2
DA:687,1
DA:690,1
DA:692,1
DA:693,1
DA:703,1
DA:704,0
DA:707,1
DA:708,1
DA:711,0
DA:712,0
DA:718,1
DA:719,1
DA:728,1
DA:729,0
DA:732,1
DA:733,1
DA:734,1
DA:735,1
DA:736,1
DA:738,1
DA:739,1
DA:742,0
DA:743,0
DA:749,4
DA:751,4
DA:752,4
DA:753,1
DA:757,3
DA:758,3
DA:759,1
DA:763,2
DA:764,1
DA:768,2
DA:778,2
DA:779,2
DA:780,2
DA:781,2
DA:782,2
DA:784,2
DA:785,2
DA:788,2
DA:789,2
DA:795,4
DA:796,4
DA:797,1
DA:801,3
DA:802,3
DA:803,0
DA:807,3
DA:808,3
DA:809,1
DA:812,2
DA:813,2
DA:816,2
DA:817,1
DA:818,1
DA:822,1
DA:824,1
DA:828,1
DA:831,2
DA:833,2
DA:834,0
DA:837,2
DA:838,2
DA:841,2
DA:842,2
DA:848,3
DA:849,3
DA:850,1
DA:853,2
DA:858,2
DA:859,1
DA:862,1
DA:863,1
DA:864,1
DA:867,2
DA:868,2
DA:874,1
DA:875,1
DA:886,1
DA:888,0
DA:889,0
DA:895,0
DA:896,0
DA:897,0
DA:899,0
DA:900,0
DA:905,0
DA:907,0
DA:913,0
DA:914,0
DA:915,0
DA:917,0
DA:918,0
DA:919,0
DA:922,0
DA:924,0
DA:930,3
DA:935,0
DA:936,0
DA:946,0
DA:948,0
DA:949,0
DA:955,1
DA:956,1
DA:961,0
DA:963,0
DA:974,5
LF:386
LH:271
BRDA:5,0,0,0
BRDA:11,1,0,57
BRDA:11,2,0,62
BRDA:11,3,0,62
BRDA:11,4,0,62
BRDA:11,5,0,62
BRDA:12,6,0,73
BRDA:12,7,0,73
BRDA:12,8,0,73
BRDA:13,9,0,73
BRDA:13,10,0,73
BRDA:13,11,0,73
BRDA:14,12,0,73
BRDA:14,13,0,73
BRDA:97,14,0,0
BRDA:97,14,1,0
BRDA:132,15,0,1
BRDA:132,15,1,3
BRDA:143,16,0,1
BRDA:143,16,1,1
BRDA:160,17,0,2
BRDA:160,17,1,10
BRDA:160,18,0,12
BRDA:160,18,1,11
BRDA:169,19,0,4
BRDA:169,19,1,6
BRDA:192,20,0,0
BRDA:192,20,1,0
BRDA:207,21,0,3
BRDA:207,21,1,10
BRDA:209,22,0,10
BRDA:209,22,1,8
BRDA:209,22,2,7
BRDA:249,23,0,1
BRDA:249,23,1,1
BRDA:280,24,0,0
BRDA:280,24,1,0
BRDA:296,25,0,0
BRDA:296,25,1,0
BRDA:302,26,0,0
BRDA:302,26,1,0
BRDA:308,27,0,0
BRDA:308,27,1,0
BRDA:322,28,0,0
BRDA:322,28,1,0
BRDA:371,29,0,2
BRDA:371,29,1,10
BRDA:376,30,0,1
BRDA:376,30,1,9
BRDA:381,31,0,2
BRDA:381,31,1,7
BRDA:385,32,0,4
BRDA:385,32,1,5
BRDA:391,33,0,2
BRDA:391,33,1,7
BRDA:402,34,0,2
BRDA:402,34,1,17
BRDA:407,35,0,1
BRDA:407,35,1,16
BRDA:414,36,0,1
BRDA:414,36,1,15
BRDA:419,37,0,2
BRDA:419,37,1,13
BRDA:423,38,0,1
BRDA:423,38,1,14
BRDA:428,39,0,2
BRDA:428,39,1,13
BRDA:433,40,0,1
BRDA:433,40,1,14
BRDA:438,41,0,0
BRDA:438,41,1,15
BRDA:449,42,0,2
BRDA:449,42,1,18
BRDA:454,43,0,1
BRDA:454,43,1,17
BRDA:461,44,0,0
BRDA:461,44,1,17
BRDA:466,45,0,1
BRDA:466,45,1,16
BRDA:470,46,0,4
BRDA:470,46,1,13
BRDA:477,47,0,2
BRDA:477,47,1,15
BRDA:477,48,0,17
BRDA:477,48,1,14
BRDA:488,49,0,2
BRDA:488,49,1,15
BRDA:493,50,0,1
BRDA:493,50,1,14
BRDA:498,51,0,2
BRDA:498,51,1,12
BRDA:502,52,0,1
BRDA:502,52,1,13
BRDA:506,53,0,1
BRDA:506,53,1,13
BRDA:510,54,0,2
BRDA:510,54,1,12
BRDA:514,55,0,2
BRDA:514,55,1,12
BRDA:518,56,0,2
BRDA:518,56,1,12
BRDA:522,57,0,2
BRDA:522,57,1,12
BRDA:532,58,0,0
BRDA:532,58,1,14
BRDA:543,59,0,2
BRDA:543,59,1,16
BRDA:548,60,0,1
BRDA:548,60,1,15
BRDA:556,61,0,1
BRDA:556,61,1,14
BRDA:562,62,0,0
BRDA:562,62,1,14
BRDA:567,63,0,3
BRDA:567,63,1,11
BRDA:574,64,0,4
BRDA:585,65,0,4
BRDA:585,65,1,3
BRDA:586,66,0,3
BRDA:586,66,1,1
BRDA:586,67,0,4
BRDA:586,67,1,1
BRDA:589,68,0,1
BRDA:589,68,1,2
BRDA:589,69,0,3
BRDA:589,69,1,1
BRDA:589,69,2,0
BRDA:597,70,0,6
BRDA:597,70,1,1
BRDA:608,71,0,4
BRDA:608,71,1,1
BRDA:609,72,0,4
BRDA:609,72,1,0
BRDA:616,73,0,2
BRDA:616,73,1,0
BRDA:628,74,0,0
BRDA:628,74,1,0
BRDA:628,75,0,0
BRDA:628,75,1,0
BRDA:636,76,0,0
BRDA:636,76,1,2
BRDA:636,77,0,2
BRDA:636,77,1,2
BRDA:644,78,0,1
BRDA:644,78,1,2
BRDA:644,79,0,3
BRDA:644,79,1,1
BRDA:654,80,0,0
BRDA:654,80,1,0
BRDA:686,81,0,1
BRDA:686,81,1,1
BRDA:703,82,0,0
BRDA:703,82,1,1
BRDA:728,83,0,0
BRDA:728,83,1,1
BRDA:752,84,0,1
BRDA:752,84,1,3
BRDA:758,85,0,1
BRDA:758,85,1,2
BRDA:763,86,0,1
BRDA:763,86,1,1
BRDA:773,87,0,2
BRDA:773,87,1,1
BRDA:773,88,0,2
BRDA:773,88,1,1
BRDA:796,89,0,1
BRDA:796,89,1,3
BRDA:802,90,0,0
BRDA:802,90,1,3
BRDA:808,91,0,1
BRDA:808,91,1,2
BRDA:808,92,0,3
BRDA:808,92,1,3
BRDA:816,93,0,1
BRDA:816,93,1,1
BRDA:833,94,0,0
BRDA:833,94,1,2
BRDA:849,95,0,1
BRDA:849,95,1,2
BRDA:858,96,0,1
BRDA:858,96,1,1
BRDA:914,97,0,0
BRDA:914,97,1,0
BRDA:918,98,0,0
BRDA:918,98,1,0
BRF:185
BRH:148
end_of_record
TN:
SF:routes\GeoRoutes.js
FN:12,(anonymous_0)
FN:17,(anonymous_1)
FN:22,(anonymous_2)
FN:27,(anonymous_3)
FN:34,(anonymous_4)
FN:39,(anonymous_5)
FN:44,(anonymous_6)
FN:51,(anonymous_7)
FN:56,(anonymous_8)
FNF:9
FNH:0
FNDA:0,(anonymous_0)
FNDA:0,(anonymous_1)
FNDA:0,(anonymous_2)
FNDA:0,(anonymous_3)
FNDA:0,(anonymous_4)
FNDA:0,(anonymous_5)
FNDA:0,(anonymous_6)
FNDA:0,(anonymous_7)
FNDA:0,(anonymous_8)
DA:1,0
DA:2,0
DA:3,0
DA:6,0
DA:7,0
DA:12,0
DA:13,0
DA:17,0
DA:18,0
DA:22,0
DA:23,0
DA:27,0
DA:28,0
DA:34,0
DA:35,0
DA:39,0
DA:40,0
DA:44,0
DA:45,0
DA:51,0
DA:52,0
DA:56,0
DA:57,0
DA:60,0
LF:24
LH:0
BRF:0
BRH:0
end_of_record
TN:
SF:routes\UsuarioRoutes.js
FNF:0
FNH:0
DA:1,1
DA:2,1
DA:3,1
DA:4,1
DA:7,1
DA:12,1
DA:15,1
DA:18,1
DA:21,1
DA:24,1
DA:27,1
DA:30,1
DA:33,1
DA:37,1
LF:14
LH:14
BRF:0
BRH:0
end_of_record
TN:
SF:routes\authRoutes.js
FN:30,(anonymous_0)
FN:31,(anonymous_1)
FN:51,(anonymous_2)
FNF:3
FNH:0
FNDA:0,(anonymous_0)
FNDA:0,(anonymous_1)
FNDA:0,(anonymous_2)
DA:1,0
DA:2,0
DA:3,0
DA:4,0
DA:5,0
DA:6,0
DA:8,0
DA:9,0
DA:10,0
DA:11,0
DA:12,0
DA:13,0
DA:16,0
DA:17,0
DA:18,0
DA:19,0
DA:22,0
DA:25,0
DA:26,0
DA:29,0
DA:31,0
DA:32,0
DA:33,0
DA:34,0
DA:36,0
DA:39,0
DA:40,0
DA:41,0
DA:43,0
DA:47,0
DA:48,0
DA:52,0
DA:54,0
DA:65,0
DA:66,0
DA:69,0
DA:72,0
DA:73,0
DA:74,0
DA:79,0
LF:40
LH:0
BRDA:32,0,0,0
BRDA:32,0,1,0
BRDA:34,1,0,0
BRDA:34,1,1,0
BRDA:39,2,0,0
BRDA:39,2,1,0
BRDA:41,3,0,0
BRDA:41,3,1,0
BRDA:65,4,0,0
BRDA:65,4,1,0
BRDA:73,5,0,0
BRDA:73,5,1,0
BRF:12
BRH:0
end_of_record
TN:
SF:routes\biometricRoutes.js
FNF:0
FNH:0
DA:1,1
DA:2,1
DA:3,1
DA:4,1
DA:7,1
DA:8,1
DA:9,1
DA:10,1
DA:13,1
DA:14,1
DA:15,1
DA:16,1
DA:17,1
DA:19,1
LF:14
LH:14
BRF:0
BRH:0
end_of_record
TN:
SF:routes\excelReportRoutes.js
FNF:0
FNH:0
DA:2,0
DA:3,0
DA:4,0
DA:7,0
DA:8,0
DA:9,0
DA:10,0
DA:12,0
LF:8
LH:0
BRF:0
BRH:0
end_of_record
TN:
SF:routes\inventoryRoutes.js
FNF:0
FNH:0
DA:2,1
DA:3,1
DA:4,1
DA:7,1
DA:8,1
DA:9,1
DA:10,1
DA:11,1
DA:12,1
DA:13,1
DA:14,1
DA:15,1
DA:16,1
DA:17,1
DA:18,1
DA:19,1
DA:22,1
DA:24,1
LF:18
LH:18
BRF:0
BRH:0
end_of_record
TN:
SF:routes\locationRoutes.js
FNF:0
FNH:0
DA:1,1
DA:2,1
DA:3,1
DA:8,1
DA:9,1
DA:10,1
DA:11,1
DA:12,1
DA:14,1
LF:9
LH:9
BRF:0
BRH:0
end_of_record
TN:
SF:routes\notificationRoutes.js
FNF:0
FNH:0
DA:1,1
DA:2,1
DA:3,1
DA:4,1
DA:7,1
DA:10,1
DA:13,1
DA:16,1
DA:19,1
DA:22,1
DA:25,1
DA:27,1
LF:12
LH:12
BRF:0
BRH:0
end_of_record
TN:
SF:routes\paymentsRoutes.js
FNF:0
FNH:0
DA:1,1
DA:2,1
DA:3,1
DA:4,1
DA:9,1
DA:12,1
DA:13,1
DA:14,1
DA:15,1
DA:19,1
DA:20,1
DA:21,1
DA:22,1
DA:24,1
LF:14
LH:14
BRF:0
BRH:0
end_of_record
TN:
SF:routes\preferencesRoutes.js
FNF:0
FNH:0
DA:1,1
DA:2,1
DA:3,1
DA:4,1
DA:7,1
DA:10,1
DA:11,1
DA:12,1
DA:13,1
DA:14,1
DA:16,1
LF:11
LH:11
BRF:0
BRH:0
end_of_record
TN:
SF:routes\reportRoutes.js
FN:7,(anonymous_0)
FN:28,(anonymous_1)
FN:49,(anonymous_2)
FNF:3
FNH:3
FNDA:5,(anonymous_0)
FNDA:3,(anonymous_1)
FNDA:4,(anonymous_2)
DA:2,1
DA:3,1
DA:4,1
DA:7,1
DA:8,5
DA:9,5
DA:21,3
DA:23,2
DA:28,1
DA:29,3
DA:30,3
DA:31,3
DA:42,1
DA:44,2
DA:49,1
DA:50,4
DA:51,4
DA:52,4
DA:70,3
DA:72,1
DA:76,1
LF:21
LH:21
BRDA:51,0,0,2
BRDA:51,1,0,3
BRF:2
BRH:2
end_of_record
TN:
SF:routes\supplierRoutes.js
FNF:0
FNH:0
DA:2,1
DA:3,1
DA:4,1
DA:6,1
DA:7,1
DA:8,1
DA:10,1
LF:7
LH:7
BRF:0
BRH:0
end_of_record
TN:
SF:services\emailService.js
FN:5,(anonymous_0)
FN:15,(anonymous_1)
FN:34,(anonymous_2)
FN:54,(anonymous_3)
FNF:4
FNH:4
FNDA:10,(anonymous_0)
FNDA:4,(anonymous_1)
FNDA:2,(anonymous_2)
FNDA:2,(anonymous_3)
DA:2,10
DA:6,10
DA:16,4
DA:17,4
DA:24,4
DA:25,2
DA:26,2
DA:28,2
DA:29,2
DA:35,2
DA:37,2
DA:54,2
DA:55,2
DA:56,2
DA:58,2
DA:70,2
DA:78,2
DA:82,10
LF:18
LH:18
BRDA:55,0,0,2
BRDA:55,0,1,0
BRDA:56,1,0,2
BRDA:56,1,1,0
BRF:4
BRH:2
end_of_record
TN:
SF:services\excelReportService.js
FN:8,(anonymous_0)
FN:44,(anonymous_1)
FN:75,(anonymous_2)
FN:109,(anonymous_3)
FN:135,(anonymous_4)
FN:175,(anonymous_5)
FN:195,(anonymous_6)
FN:239,(anonymous_7)
FN:279,(anonymous_8)
FN:302,(anonymous_9)
FN:333,(anonymous_10)
FN:354,(anonymous_11)
FN:394,(anonymous_12)
FN:416,(anonymous_13)
FNF:14
FNH:14
FNDA:8,(anonymous_0)
FNDA:1,(anonymous_1)
FNDA:3,(anonymous_2)
FNDA:1,(anonymous_3)
FNDA:4,(anonymous_4)
FNDA:1,(anonymous_5)
FNDA:1,(anonymous_6)
FNDA:1,(anonymous_7)
FNDA:1,(anonymous_8)
FNDA:2,(anonymous_9)
FNDA:1,(anonymous_10)
FNDA:1,(anonymous_11)
FNDA:1,(anonymous_12)
FNDA:1,(anonymous_13)
DA:2,20
DA:3,20
DA:9,8
DA:12,8
DA:15,8
DA:28,2
DA:44,1
DA:45,1
DA:59,1
DA:62,1
DA:63,1
DA:67,1
DA:68,1
DA:71,1
DA:76,3
DA:79,3
DA:82,3
DA:97,1
DA:109,1
DA:110,1
DA:126,1
DA:129,1
DA:131,1
DA:136,4
DA:139,4
DA:142,4
DA:154,1
DA:175,1
DA:176,1
DA:189,1
DA:191,1
DA:197,1
DA:198,1
DA:205,1
DA:206,2
DA:207,2
DA:213,2
DA:217,1
DA:218,1
DA:221,1
DA:222,1
DA:223,1
DA:224,0
DA:229,1
DA:230,0
DA:241,1
DA:242,1
DA:249,1
DA:250,2
DA:251,2
DA:257,2
DA:261,1
DA:262,1
DA:263,1
DA:264,0
DA:269,1
DA:270,0
DA:281,1
DA:282,1
DA:289,1
DA:290,2
DA:291,2
DA:297,2
DA:303,2
DA:305,2
DA:316,2
DA:333,2
DA:334,1
DA:346,1
DA:347,1
DA:355,1
DA:358,1
DA:370,1
DA:373,1
DA:374,1
DA:376,1
DA:377,1
DA:378,1
DA:379,1
DA:380,1
DA:381,1
DA:382,1
DA:383,1
DA:384,1
DA:385,1
DA:388,1
DA:389,1
DA:390,7
DA:395,1
DA:397,1
DA:404,1
DA:416,1
DA:417,1
DA:426,1
DA:427,1
DA:435,20
LF:96
LH:92
BRDA:8,0,0,6
BRDA:8,1,0,6
BRDA:62,2,0,1
BRDA:62,2,1,0
BRDA:67,3,0,1
BRDA:67,3,1,0
BRDA:135,4,0,3
BRDA:135,5,0,3
BRDA:223,6,0,0
BRDA:223,6,1,1
BRDA:229,7,0,0
BRDA:229,7,1,1
BRDA:263,8,0,0
BRDA:263,8,1,1
BRDA:269,9,0,0
BRDA:269,9,1,1
BRDA:373,10,0,1
BRDA:373,10,1,1
BRDA:374,11,0,1
BRDA:374,11,1,1
BRF:20
BRH:14
end_of_record
TN:
SF:services\inventoryService.js
FN:6,(anonymous_0)
FN:11,(anonymous_1)
FN:16,(anonymous_2)
FN:27,(anonymous_3)
FN:33,(anonymous_4)
FN:64,(anonymous_5)
FN:73,(anonymous_6)
FN:98,(anonymous_7)
FN:108,(anonymous_8)
FN:121,(anonymous_9)
FN:167,(anonymous_10)
FN:191,(anonymous_11)
FN:207,(anonymous_12)
FN:212,(anonymous_13)
FN:221,(anonymous_14)
FNF:15
FNH:11
FNDA:2,(anonymous_0)
FNDA:2,(anonymous_1)
FNDA:1,(anonymous_2)
FNDA:1,(anonymous_3)
FNDA:2,(anonymous_4)
FNDA:1,(anonymous_5)
FNDA:1,(anonymous_6)
FNDA:1,(anonymous_7)
FNDA:1,(anonymous_8)
FNDA:1,(anonymous_9)
FNDA:1,(anonymous_10)
FNDA:0,(anonymous_11)
FNDA:0,(anonymous_12)
FNDA:0,(anonymous_13)
FNDA:0,(anonymous_14)
DA:1,15
DA:7,2
DA:8,1
DA:12,2
DA:13,2
DA:17,1
DA:18,1
DA:24,1
DA:28,1
DA:29,1
DA:30,1
DA:33,1
DA:34,2
DA:35,2
DA:36,2
DA:37,2
DA:41,1
DA:42,0
DA:46,1
DA:47,1
DA:48,1
DA:51,1
DA:53,1
DA:60,1
DA:61,1
DA:65,1
DA:69,1
DA:74,1
DA:75,1
DA:76,1
DA:79,1
DA:80,0
DA:81,0
DA:83,0
DA:86,0
DA:89,1
DA:92,1
DA:94,1
DA:95,1
DA:99,1
DA:104,1
DA:109,1
DA:111,1
DA:118,1
DA:122,1
DA:132,1
DA:133,1
DA:135,1
DA:136,1
DA:137,1
DA:138,1
DA:141,1
DA:142,0
DA:143,0
DA:144,0
DA:147,1
DA:148,1
DA:149,1
DA:150,1
DA:153,1
DA:154,1
DA:155,1
DA:156,1
DA:159,1
DA:160,1
DA:162,1
DA:163,1
DA:168,1
DA:183,1
DA:192,0
DA:203,0
DA:208,0
DA:209,0
DA:213,0
DA:214,0
DA:218,0
DA:222,0
DA:223,0
DA:230,0
DA:234,15
LF:80
LH:62
BRDA:22,0,0,1
BRDA:22,0,1,0
BRDA:22,1,0,1
BRDA:22,1,1,0
BRDA:34,2,0,2
BRDA:34,2,1,0
BRDA:41,3,0,0
BRDA:41,3,1,1
BRDA:73,4,0,1
BRDA:79,5,0,0
BRDA:79,5,1,1
BRDA:79,6,0,1
BRDA:79,6,1,0
BRDA:83,7,0,0
BRDA:83,7,1,0
BRDA:121,8,0,0
BRDA:135,9,0,1
BRDA:135,9,1,0
BRDA:141,10,0,0
BRDA:141,10,1,1
BRDA:147,11,0,1
BRDA:147,11,1,0
BRDA:153,12,0,1
BRDA:153,12,1,0
BRDA:160,13,0,1
BRDA:160,13,1,0
BRF:26
BRH:12
end_of_record
TN:
SF:services\notificationService.js
FN:5,(anonymous_0)
FN:10,(anonymous_1)
FN:22,(anonymous_2)
FN:23,(anonymous_3)
FN:27,(anonymous_4)
FN:46,(anonymous_5)
FN:59,(anonymous_6)
FN:69,(anonymous_7)
FN:99,(anonymous_8)
FN:108,(anonymous_9)
FN:128,(anonymous_10)
FN:138,(anonymous_11)
FN:141,(anonymous_12)
FN:150,(anonymous_13)
FN:153,(anonymous_14)
FNF:15
FNH:12
FNDA:14,(anonymous_0)
FNDA:3,(anonymous_1)
FNDA:3,(anonymous_2)
FNDA:3,(anonymous_3)
FNDA:1,(anonymous_4)
FNDA:1,(anonymous_5)
FNDA:0,(anonymous_6)
FNDA:1,(anonymous_7)
FNDA:1,(anonymous_8)
FNDA:2,(anonymous_9)
FNDA:1,(anonymous_10)
FNDA:1,(anonymous_11)
FNDA:3,(anonymous_12)
FNDA:0,(anonymous_13)
FNDA:0,(anonymous_14)
DA:1,14
DA:2,14
DA:6,14
DA:7,14
DA:11,3
DA:18,3
DA:19,3
DA:23,3
DA:24,3
DA:27,3
DA:28,1
DA:29,1
DA:30,1
DA:32,1
DA:33,1
DA:35,1
DA:38,1
DA:40,0
DA:41,0
DA:46,3
DA:47,1
DA:48,1
DA:52,1
DA:54,0
DA:59,3
DA:60,0
DA:61,0
DA:62,0
DA:77,1
DA:79,1
DA:80,1
DA:86,1
DA:89,1
DA:91,1
DA:93,0
DA:94,0
DA:100,1
DA:101,1
DA:102,1
DA:103,1
DA:109,2
DA:110,2
DA:117,2
DA:118,2
DA:119,1
DA:120,1
DA:123,0
DA:129,1
DA:130,3
DA:139,1
DA:140,1
DA:141,3
DA:143,1
DA:145,0
DA:151,0
DA:152,0
DA:153,0
DA:155,0
DA:157,0
DA:162,14
LF:60
LH:45
BRDA:13,0,0,3
BRDA:13,0,1,3
BRDA:60,1,0,0
BRDA:60,1,1,0
BRDA:75,2,0,0
BRDA:76,3,0,0
BRDA:101,4,0,1
BRDA:101,4,1,0
BRDA:118,5,0,1
BRDA:118,5,1,1
BRDA:118,6,0,2
BRDA:118,6,1,2
BRF:12
BRH:7
end_of_record
